{Sun Apr 26 2026 08:00:00} [FIXMATE 🛠️] info: Deleted 0 unverified accounts.
{Sun Apr 26 2026 08:00:00} [FIXMATE 🛠️] info: Booking Cleanup Job: Checking for stale 'CREATED' bookings older than 1 hour(s).
{Sun Apr 26 2026 08:01:00} [FIXMATE 🛠️] info: Deleted 0 unverified accounts.
{Sun Apr 26 2026 08:02:00} [FIXMATE 🛠️] info: Deleted 0 unverified accounts.
{Sun Apr 26 2026 08:03:00} [FIXMATE 🛠️] info: Deleted 0 unverified accounts.
{Sun Apr 26 2026 08:04:00} [FIXMATE 🛠️] info: Deleted 0 unverified accounts.
{Sun Apr 26 2026 08:05:00} [FIXMATE 🛠️] info: Deleted 0 unverified accounts.
{Sun Apr 26 2026 08:06:00} [FIXMATE 🛠️] info: Deleted 0 unverified accounts.
{Sun Apr 26 2026 08:07:00} [FIXMATE 🛠️] info: Deleted 0 unverified accounts.
{Sun Apr 26 2026 08:08:00} [FIXMATE 🛠️] info: Deleted 0 unverified accounts.
{Sun Apr 26 2026 08:09:00} [FIXMATE 🛠️] info: Deleted 0 unverified accounts.
{Sun Apr 26 2026 08:10:00} [FIXMATE 🛠️] info: Deleted 0 unverified accounts.
{Sun Apr 26 2026 08:11:00} [FIXMATE 🛠️] info: Deleted 0 unverified accounts.
{Sun Apr 26 2026 08:12:00} [FIXMATE 🛠️] info: Deleted 0 unverified accounts.
{Sun Apr 26 2026 08:13:00} [FIXMATE 🛠️] info: Deleted 0 unverified accounts.
{Sun Apr 26 2026 08:14:00} [FIXMATE 🛠️] info: Deleted 0 unverified accounts.
{Sun Apr 26 2026 08:15:00} [FIXMATE 🛠️] info: Deleted 0 unverified accounts.
{Sun Apr 26 2026 08:16:00} [FIXMATE 🛠️] info: Deleted 0 unverified accounts.
{Sun Apr 26 2026 08:17:00} [FIXMATE 🛠️] info: Deleted 0 unverified accounts.
{Sun Apr 26 2026 08:18:00} [FIXMATE 🛠️] info: Deleted 0 unverified accounts.
{Sun Apr 26 2026 08:19:00} [FIXMATE 🛠️] info: Deleted 0 unverified accounts.
{Sun Apr 26 2026 08:20:00} [FIXMATE 🛠️] info: Deleted 0 unverified accounts.
{Sun Apr 26 2026 08:21:00} [FIXMATE 🛠️] info: Deleted 0 unverified accounts.
{Sun Apr 26 2026 08:22:00} [FIXMATE 🛠️] info: Deleted 0 unverified accounts.
{Sun Apr 26 2026 08:23:00} [FIXMATE 🛠️] info: Deleted 0 unverified accounts.
{Sun Apr 26 2026 08:24:00} [FIXMATE 🛠️] info: Deleted 0 unverified accounts.
{Sun Apr 26 2026 08:25:00} [FIXMATE 🛠️] info: Deleted 0 unverified accounts.
{Sun Apr 26 2026 08:26:00} [FIXMATE 🛠️] info: Deleted 0 unverified accounts.
{Sun Apr 26 2026 08:27:00} [FIXMATE 🛠️] info: Deleted 0 unverified accounts.
{Sun Apr 26 2026 08:28:00} [FIXMATE 🛠️] info: Deleted 0 unverified accounts.
{Sun Apr 26 2026 08:29:00} [FIXMATE 🛠️] info: Deleted 0 unverified accounts.
{Sun Apr 26 2026 08:30:00} [FIXMATE 🛠️] info: Deleted 0 unverified accounts.
{Sun Apr 26 2026 08:31:00} [FIXMATE 🛠️] info: Deleted 0 unverified accounts.
{Sun Apr 26 2026 08:32:00} [FIXMATE 🛠️] info: Deleted 0 unverified accounts.
{Sun Apr 26 2026 08:33:00} [FIXMATE 🛠️] info: Deleted 0 unverified accounts.
{Sun Apr 26 2026 08:33:54} [FIXMATE 🛠️] info: ::ffff:10.10.7.104 - GET /api/v1/user/profile 200 - 91.184 ms
{Sun Apr 26 2026 08:33:54} [FIXMATE 🛠️] info: ::ffff:10.10.7.104 - GET /api/v1/user/profile 200 - 81.001 ms
{Sun Apr 26 2026 08:33:57} [FIXMATE 🛠️] info: ::ffff:10.10.7.104 - GET /api/v1/bookings?status=REQUESTED 200 - 46.683 ms
{Sun Apr 26 2026 08:33:57} [FIXMATE 🛠️] info: ::ffff:10.10.7.104 - GET /api/v1/provider/home 200 - 40.411 ms
{Sun Apr 26 2026 08:34:00} [FIXMATE 🛠️] info: Deleted 0 unverified accounts.
{Sun Apr 26 2026 08:35:00} [FIXMATE 🛠️] info: Deleted 0 unverified accounts.
{Sun Apr 26 2026 08:35:22} [FIXMATE 🛠️] info: ::ffff:10.10.7.104 - GET /api/v1/bookings?status=REQUESTED 200 - 10.404 ms
{Sun Apr 26 2026 08:36:00} [FIXMATE 🛠️] info: Deleted 0 unverified accounts.
{Sun Apr 26 2026 08:37:00} [FIXMATE 🛠️] info: Deleted 0 unverified accounts.
{Sun Apr 26 2026 08:38:00} [FIXMATE 🛠️] info: Deleted 0 unverified accounts.
{Sun Apr 26 2026 08:39:00} [FIXMATE 🛠️] info: Deleted 0 unverified accounts.
{Sun Apr 26 2026 08:40:00} [FIXMATE 🛠️] info: Deleted 0 unverified accounts.
{Sun Apr 26 2026 08:41:00} [FIXMATE 🛠️] info: Deleted 0 unverified accounts.
