{Thu Apr 16 2026 11:52:01} [FIXMATE 🚀] info: [32m🚀 Database connected successfully[39m
{Thu Apr 16 2026 11:52:01} [FIXMATE 🚀] info: [33m✅ Admin account already exists![39m
{Thu Apr 16 2026 11:52:01} [FIXMATE 🚀] info: Unverified account cleanup job scheduled to run every minute.
{Thu Apr 16 2026 11:52:01} [FIXMATE 🚀] info: Booking Auto-Settle job scheduled to run every hour (Threshold: 48 hours).
{Thu Apr 16 2026 11:52:01} [FIXMATE 🚀] info: Booking Cleanup Job scheduled to run every hour (Threshold: 1 hour(s)).
{Thu Apr 16 2026 11:52:01} [FIXMATE 🚀] info: [32m🍁 Server connected successfully[39m
{Thu Apr 16 2026 11:52:01} [FIXMATE 🚀] info: [33m♻️  Application listening on port:5001[39m
{Thu Apr 16 2026 11:52:08} [FIXMATE 🚀] info: [32m🚀 Database connected successfully[39m
{Thu Apr 16 2026 11:52:08} [FIXMATE 🚀] info: [33m✅ Admin account already exists![39m
{Thu Apr 16 2026 11:52:08} [FIXMATE 🚀] info: Unverified account cleanup job scheduled to run every minute.
{Thu Apr 16 2026 11:52:08} [FIXMATE 🚀] info: Booking Auto-Settle job scheduled to run every hour (Threshold: 48 hours).
{Thu Apr 16 2026 11:52:08} [FIXMATE 🚀] info: Booking Cleanup Job scheduled to run every hour (Threshold: 1 hour(s)).
{Thu Apr 16 2026 11:52:08} [FIXMATE 🚀] info: [32m🍁 Server connected successfully[39m
{Thu Apr 16 2026 11:52:08} [FIXMATE 🚀] info: [33m♻️  Application listening on port:5001[39m
{Thu Apr 16 2026 11:52:30} [FIXMATE 🚀] info: [32m🚀 Database connected successfully[39m
{Thu Apr 16 2026 11:52:30} [FIXMATE 🚀] info: [33m✅ Admin account already exists![39m
{Thu Apr 16 2026 11:52:30} [FIXMATE 🚀] info: Unverified account cleanup job scheduled to run every minute.
{Thu Apr 16 2026 11:52:30} [FIXMATE 🚀] info: Booking Auto-Settle job scheduled to run every hour (Threshold: 48 hours).
{Thu Apr 16 2026 11:52:30} [FIXMATE 🚀] info: Booking Cleanup Job scheduled to run every hour (Threshold: 1 hour(s)).
{Thu Apr 16 2026 11:52:30} [FIXMATE 🚀] info: [32m🍁 Server connected successfully[39m
{Thu Apr 16 2026 11:52:30} [FIXMATE 🚀] info: [33m♻️  Application listening on port:5001[39m
{Thu Apr 16 2026 11:53:00} [FIXMATE 🚀] info: Deleted 0 unverified accounts.
{Thu Apr 16 2026 11:54:00} [FIXMATE 🚀] info: Deleted 0 unverified accounts.
{Thu Apr 16 2026 11:54:16} [FIXMATE 🛠️] info: [32m🚀 Database connected successfully[39m
{Thu Apr 16 2026 11:54:16} [FIXMATE 🛠️] info: [33m✅ Admin account already exists![39m
{Thu Apr 16 2026 11:54:16} [FIXMATE 🛠️] info: Unverified account cleanup job scheduled to run every minute.
{Thu Apr 16 2026 11:54:16} [FIXMATE 🛠️] info: Booking Auto-Settle job scheduled to run every hour (Threshold: 48 hours).
{Thu Apr 16 2026 11:54:16} [FIXMATE 🛠️] info: Booking Cleanup Job scheduled to run every hour (Threshold: 1 hour(s)).
{Thu Apr 16 2026 11:54:16} [FIXMATE 🛠️] info: [32m🍁 Server connected successfully[39m
{Thu Apr 16 2026 11:54:16} [FIXMATE 🛠️] info: [33m♻️  Application listening on port:5001[39m
