{Tue Apr 07 2026 16:00:00} [APP 🚀] info: Deleted 0 unverified accounts.
{Tue Apr 07 2026 16:01:00} [APP 🚀] info: Deleted 0 unverified accounts.
{Tue Apr 07 2026 16:02:00} [APP 🚀] info: Deleted 0 unverified accounts.
{Tue Apr 07 2026 16:03:00} [APP 🚀] info: Deleted 0 unverified accounts.
{Tue Apr 07 2026 16:04:00} [APP 🚀] info: Deleted 0 unverified accounts.
{Tue Apr 07 2026 16:05:00} [APP 🚀] info: Deleted 0 unverified accounts.
{Tue Apr 07 2026 16:06:00} [APP 🚀] info: Deleted 0 unverified accounts.
{Tue Apr 07 2026 16:07:00} [APP 🚀] info: Deleted 0 unverified accounts.
{Tue Apr 07 2026 16:08:00} [APP 🚀] info: Deleted 0 unverified accounts.
{Tue Apr 07 2026 16:09:00} [APP 🚀] info: Deleted 0 unverified accounts.
{Tue Apr 07 2026 16:10:00} [APP 🚀] info: Deleted 0 unverified accounts.
{Tue Apr 07 2026 16:10:10} [APP 🚀] info: [32m🚀 Database connected successfully[39m
{Tue Apr 07 2026 16:10:10} [APP 🚀] info: [33m✅ Admin account already exists![39m
{Tue Apr 07 2026 16:10:10} [APP 🚀] info: Unverified account cleanup job scheduled to run every minute.
{Tue Apr 07 2026 16:10:10} [APP 🚀] info: Booking SLA job scheduled to run every 15 minutes (Threshold: 5 hours).
{Tue Apr 07 2026 16:10:10} [APP 🚀] info: Booking Auto-Settle job scheduled to run every hour (Threshold: 48 hours).
{Tue Apr 07 2026 16:10:10} [APP 🚀] info: [32m🍁 Server connected successfully[39m
{Tue Apr 07 2026 16:10:10} [APP 🚀] info: [33m♻️  Application listening on port:5001[39m
{Tue Apr 07 2026 16:10:11} [APP 🚀] info: [32m🚀 Database connected successfully[39m
{Tue Apr 07 2026 16:10:11} [APP 🚀] info: [33m✅ Admin account already exists![39m
{Tue Apr 07 2026 16:10:11} [APP 🚀] info: Unverified account cleanup job scheduled to run every minute.
{Tue Apr 07 2026 16:10:11} [APP 🚀] info: Booking SLA job scheduled to run every 15 minutes (Threshold: 5 hours).
{Tue Apr 07 2026 16:10:11} [APP 🚀] info: Booking Auto-Settle job scheduled to run every hour (Threshold: 48 hours).
{Tue Apr 07 2026 16:10:11} [APP 🚀] info: [32m🍁 Server connected successfully[39m
{Tue Apr 07 2026 16:10:11} [APP 🚀] info: [33m♻️  Application listening on port:5001[39m
{Tue Apr 07 2026 16:11:00} [APP 🚀] info: Deleted 0 unverified accounts.
{Tue Apr 07 2026 16:11:15} [APP 🚀] info: ::ffff:10.10.7.94 - GET /api/v1/chat 200 - 20.927 ms
{Tue Apr 07 2026 16:11:34} [APP 🚀] info: ::ffff:10.10.7.94 - POST /api/v1/chat 201 - 15.253 ms
{Tue Apr 07 2026 16:11:39} [APP 🚀] info: ::ffff:10.10.7.94 - GET /api/v1/chat 200 - 7.438 ms
{Tue Apr 07 2026 16:11:55} [APP 🚀] info: ::ffff:10.10.7.94 - POST /api/v1/chat 201 - 2.247 ms
{Tue Apr 07 2026 16:12:00} [APP 🚀] info: Deleted 0 unverified accounts.
{Tue Apr 07 2026 16:12:03} [APP 🚀] info: ::ffff:10.10.7.94 - GET /api/v1/chat 200 - 6.575 ms
{Tue Apr 07 2026 16:12:14} [APP 🚀] info: ::ffff:10.10.7.94 - POST /api/v1/chat 201 - 2.225 ms
{Tue Apr 07 2026 16:12:24} [APP 🚀] info: ::ffff:10.10.7.94 - GET /api/v1/chat 200 - 7.032 ms
{Tue Apr 07 2026 16:13:00} [APP 🚀] info: Deleted 0 unverified accounts.
{Tue Apr 07 2026 16:14:00} [APP 🚀] info: Deleted 0 unverified accounts.
{Tue Apr 07 2026 16:14:47} [APP 🚀] info: [32m🚀 Database connected successfully[39m
{Tue Apr 07 2026 16:14:47} [APP 🚀] info: [33m✅ Admin account already exists![39m
{Tue Apr 07 2026 16:14:47} [APP 🚀] info: Unverified account cleanup job scheduled to run every minute.
{Tue Apr 07 2026 16:14:47} [APP 🚀] info: Booking SLA job scheduled to run every 15 minutes (Threshold: 5 hours).
{Tue Apr 07 2026 16:14:47} [APP 🚀] info: Booking Auto-Settle job scheduled to run every hour (Threshold: 48 hours).
{Tue Apr 07 2026 16:14:47} [APP 🚀] info: [32m🍁 Server connected successfully[39m
{Tue Apr 07 2026 16:14:47} [APP 🚀] info: [33m♻️  Application listening on port:5001[39m
{Tue Apr 07 2026 16:15:00} [APP 🚀] info: Deleted 0 unverified accounts.
{Tue Apr 07 2026 16:15:03} [APP 🚀] info: [32m🚀 Database connected successfully[39m
{Tue Apr 07 2026 16:15:03} [APP 🚀] info: [33m✅ Admin account already exists![39m
{Tue Apr 07 2026 16:15:03} [APP 🚀] info: Unverified account cleanup job scheduled to run every minute.
{Tue Apr 07 2026 16:15:03} [APP 🚀] info: Booking SLA job scheduled to run every 15 minutes (Threshold: 5 hours).
{Tue Apr 07 2026 16:15:03} [APP 🚀] info: Booking Auto-Settle job scheduled to run every hour (Threshold: 48 hours).
{Tue Apr 07 2026 16:15:03} [APP 🚀] info: [32m🍁 Server connected successfully[39m
{Tue Apr 07 2026 16:15:03} [APP 🚀] info: [33m♻️  Application listening on port:5001[39m
{Tue Apr 07 2026 16:16:00} [APP 🚀] info: Deleted 0 unverified accounts.
{Tue Apr 07 2026 16:17:00} [APP 🚀] info: Deleted 0 unverified accounts.
{Tue Apr 07 2026 16:18:00} [APP 🚀] info: Deleted 0 unverified accounts.
{Tue Apr 07 2026 16:19:00} [APP 🚀] info: Deleted 0 unverified accounts.
{Tue Apr 07 2026 16:20:00} [APP 🚀] info: Deleted 0 unverified accounts.
{Tue Apr 07 2026 16:21:00} [APP 🚀] info: Deleted 0 unverified accounts.
{Tue Apr 07 2026 16:22:00} [APP 🚀] info: Deleted 0 unverified accounts.
{Tue Apr 07 2026 16:23:00} [APP 🚀] info: Deleted 0 unverified accounts.
{Tue Apr 07 2026 16:24:00} [APP 🚀] info: Deleted 0 unverified accounts.
{Tue Apr 07 2026 16:25:00} [APP 🚀] info: Deleted 0 unverified accounts.
{Tue Apr 07 2026 16:26:00} [APP 🚀] info: Deleted 0 unverified accounts.
{Tue Apr 07 2026 16:27:00} [APP 🚀] info: Deleted 0 unverified accounts.
{Tue Apr 07 2026 16:28:00} [APP 🚀] info: Deleted 0 unverified accounts.
{Tue Apr 07 2026 16:29:00} [APP 🚀] info: Deleted 0 unverified accounts.
{Tue Apr 07 2026 16:30:00} [APP 🚀] info: Deleted 0 unverified accounts.
{Tue Apr 07 2026 16:31:00} [APP 🚀] info: Deleted 0 unverified accounts.
{Tue Apr 07 2026 16:32:00} [APP 🚀] info: Deleted 0 unverified accounts.
{Tue Apr 07 2026 16:33:00} [APP 🚀] info: Deleted 0 unverified accounts.
{Tue Apr 07 2026 16:34:00} [APP 🚀] info: Deleted 0 unverified accounts.
{Tue Apr 07 2026 16:35:00} [APP 🚀] info: Deleted 0 unverified accounts.
{Tue Apr 07 2026 16:36:00} [APP 🚀] info: Deleted 0 unverified accounts.
{Tue Apr 07 2026 16:37:00} [APP 🚀] info: Deleted 0 unverified accounts.
{Tue Apr 07 2026 16:37:28} [APP 🚀] info: [32m🚀 Database connected successfully[39m
{Tue Apr 07 2026 16:37:28} [APP 🚀] info: [33m✅ Admin account already exists![39m
{Tue Apr 07 2026 16:37:28} [APP 🚀] info: Unverified account cleanup job scheduled to run every minute.
{Tue Apr 07 2026 16:37:28} [APP 🚀] info: Booking SLA job scheduled to run every 15 minutes (Threshold: 5 hours).
{Tue Apr 07 2026 16:37:28} [APP 🚀] info: Booking Auto-Settle job scheduled to run every hour (Threshold: 48 hours).
{Tue Apr 07 2026 16:37:28} [APP 🚀] info: [32m🍁 Server connected successfully[39m
{Tue Apr 07 2026 16:37:28} [APP 🚀] info: [33m♻️  Application listening on port:5001[39m
{Tue Apr 07 2026 16:37:34} [APP 🚀] info: [32m🚀 Database connected successfully[39m
{Tue Apr 07 2026 16:37:34} [APP 🚀] info: [33m✅ Admin account already exists![39m
{Tue Apr 07 2026 16:37:34} [APP 🚀] info: Unverified account cleanup job scheduled to run every minute.
{Tue Apr 07 2026 16:37:34} [APP 🚀] info: Booking SLA job scheduled to run every 15 minutes (Threshold: 5 hours).
{Tue Apr 07 2026 16:37:34} [APP 🚀] info: Booking Auto-Settle job scheduled to run every hour (Threshold: 48 hours).
{Tue Apr 07 2026 16:37:34} [APP 🚀] info: [32m🍁 Server connected successfully[39m
{Tue Apr 07 2026 16:37:34} [APP 🚀] info: [33m♻️  Application listening on port:5001[39m
{Tue Apr 07 2026 16:38:00} [APP 🚀] info: Deleted 0 unverified accounts.
{Tue Apr 07 2026 16:39:00} [APP 🚀] info: Deleted 0 unverified accounts.
{Tue Apr 07 2026 16:40:00} [APP 🚀] info: Deleted 0 unverified accounts.
{Tue Apr 07 2026 16:41:00} [APP 🚀] info: Deleted 0 unverified accounts.
{Tue Apr 07 2026 16:42:00} [APP 🚀] info: Deleted 0 unverified accounts.
{Tue Apr 07 2026 16:43:00} [APP 🚀] info: Deleted 0 unverified accounts.
{Tue Apr 07 2026 16:44:00} [APP 🚀] info: Deleted 0 unverified accounts.
{Tue Apr 07 2026 16:44:12} [APP 🚀] info: ::ffff:10.10.7.94 - GET /api/v1/reviews/provider/69ae479bef72186dff209278 200 - 14.221 ms
{Tue Apr 07 2026 16:45:00} [APP 🚀] info: Deleted 0 unverified accounts.
{Tue Apr 07 2026 16:46:00} [APP 🚀] info: Deleted 0 unverified accounts.
{Tue Apr 07 2026 16:47:00} [APP 🚀] info: Deleted 0 unverified accounts.
{Tue Apr 07 2026 16:48:00} [APP 🚀] info: Deleted 0 unverified accounts.
{Tue Apr 07 2026 16:49:00} [APP 🚀] info: Deleted 0 unverified accounts.
{Tue Apr 07 2026 16:50:00} [APP 🚀] info: Deleted 0 unverified accounts.
{Tue Apr 07 2026 16:51:00} [APP 🚀] info: Deleted 0 unverified accounts.
{Tue Apr 07 2026 16:52:00} [APP 🚀] info: Deleted 0 unverified accounts.
{Tue Apr 07 2026 16:53:00} [APP 🚀] info: Deleted 0 unverified accounts.
{Tue Apr 07 2026 16:54:00} [APP 🚀] info: Deleted 0 unverified accounts.
{Tue Apr 07 2026 16:55:00} [APP 🚀] info: Deleted 0 unverified accounts.
{Tue Apr 07 2026 16:55:21} [APP 🚀] info: ::ffff:10.10.7.94 - POST /api/v1/verification/send-request 200 - 255.835 ms
{Tue Apr 07 2026 16:55:36} [APP 🚀] info: ::ffff:10.10.7.94 - GET /api/v1/verification/status 200 - 5.173 ms
{Tue Apr 07 2026 16:56:00} [APP 🚀] info: Deleted 0 unverified accounts.
{Tue Apr 07 2026 16:56:24} [APP 🚀] info: ::ffff:10.10.7.94 - GET /api/v1/penalty/my 200 - 13.790 ms
{Tue Apr 07 2026 16:56:48} [APP 🚀] info: ::ffff:10.10.7.94 - GET /api/v1/provider/home 200 - 10.203 ms
{Tue Apr 07 2026 16:57:00} [APP 🚀] info: Deleted 0 unverified accounts.
