{Mon Mar 09 2026 09:21:57} [APP 🚀] info: [32m🚀 Database connected successfully[39m
{Mon Mar 09 2026 09:22:49} [APP 🚀] info: [32m🚀 Database connected successfully[39m
{Mon Mar 09 2026 09:24:17} [APP 🚀] info: [32m🚀 Database connected successfully[39m
{Mon Mar 09 2026 09:24:19} [APP 🚀] info: [32m🚀 Database connected successfully[39m
{Mon Mar 09 2026 09:24:19} [APP 🚀] info: [32m✅ Admin account created successfully![39m
{Mon Mar 09 2026 09:24:19} [APP 🚀] info: [32m🍁 Server connected successfully[39m
{Mon Mar 09 2026 09:24:19} [APP 🚀] info: [33m♻️  Application listening on port:5007[39m
{Mon Mar 09 2026 09:24:21} [APP 🚀] info: [32m🚀 Database connected successfully[39m
{Mon Mar 09 2026 09:24:21} [APP 🚀] info: [33m✅ Admin account already exists![39m
{Mon Mar 09 2026 09:24:21} [APP 🚀] info: [32m🍁 Server connected successfully[39m
{Mon Mar 09 2026 09:24:21} [APP 🚀] info: [33m♻️  Application listening on port:5007[39m
{Mon Mar 09 2026 09:24:28} [APP 🚀] info: [32m🚀 Database connected successfully[39m
{Mon Mar 09 2026 09:24:28} [APP 🚀] info: [33m✅ Admin account already exists![39m
{Mon Mar 09 2026 09:24:28} [APP 🚀] info: [32m🍁 Server connected successfully[39m
{Mon Mar 09 2026 09:24:28} [APP 🚀] info: [33m♻️  Application listening on port:5007[39m
{Mon Mar 09 2026 09:24:30} [APP 🚀] info: [32m🚀 Database connected successfully[39m
{Mon Mar 09 2026 09:24:30} [APP 🚀] info: [33m✅ Admin account already exists![39m
{Mon Mar 09 2026 09:24:30} [APP 🚀] info: [32m🍁 Server connected successfully[39m
{Mon Mar 09 2026 09:24:30} [APP 🚀] info: [33m♻️  Application listening on port:5007[39m
{Mon Mar 09 2026 09:26:40} [APP 🚀] info: ::ffff:10.10.7.50 - POST /api/v1/auth/admin-login 200 - 234.258 ms
{Mon Mar 09 2026 09:27:18} [APP 🚀] info: ::ffff:10.10.7.50 - GET /api/v1/admin/users 200 - 48.353 ms
{Mon Mar 09 2026 09:27:56} [APP 🚀] info: ::ffff:10.10.7.50 - GET /api/v1/admin/users/69ad49aaaa893d1ae9c42608 200 - 15.480 ms
{Mon Mar 09 2026 09:28:47} [APP 🚀] info: ::ffff:10.10.7.50 - GET /api/v1/admin/categories 200 - 6.847 ms
{Mon Mar 09 2026 09:34:26} [APP 🚀] info: [32m🚀 Database connected successfully[39m
{Mon Mar 09 2026 09:34:26} [APP 🚀] info: [33m✅ Admin account already exists![39m
{Mon Mar 09 2026 09:34:26} [APP 🚀] info: [32m🍁 Server connected successfully[39m
{Mon Mar 09 2026 09:34:26} [APP 🚀] info: [33m♻️  Application listening on port:5007[39m
{Mon Mar 09 2026 09:34:33} [APP 🚀] info: [32m🚀 Database connected successfully[39m
{Mon Mar 09 2026 09:34:33} [APP 🚀] info: [33m✅ Admin account already exists![39m
{Mon Mar 09 2026 09:34:33} [APP 🚀] info: [32m🍁 Server connected successfully[39m
{Mon Mar 09 2026 09:34:33} [APP 🚀] info: [33m♻️  Application listening on port:5007[39m
{Mon Mar 09 2026 09:34:35} [APP 🚀] info: [32m🚀 Database connected successfully[39m
{Mon Mar 09 2026 09:34:35} [APP 🚀] info: [33m✅ Admin account already exists![39m
{Mon Mar 09 2026 09:34:35} [APP 🚀] info: [32m🍁 Server connected successfully[39m
{Mon Mar 09 2026 09:34:35} [APP 🚀] info: [33m♻️  Application listening on port:5007[39m
{Mon Mar 09 2026 09:34:37} [APP 🚀] info: ::ffff:10.10.7.50 - POST /api/v1/admin/categories 200 - 45.350 ms
{Mon Mar 09 2026 09:35:19} [APP 🚀] info: ::ffff:10.10.7.50 - POST /api/v1/admin/categories 200 - 15.975 ms
{Mon Mar 09 2026 09:39:36} [APP 🚀] info: ::ffff:10.10.7.50 - PATCH /api/v1/admin/categories 200 - 29.600 ms
{Mon Mar 09 2026 09:39:49} [APP 🚀] info: ::ffff:10.10.7.50 - PATCH /api/v1/admin/categories 200 - 8.092 ms
{Mon Mar 09 2026 09:40:38} [APP 🚀] info: [32m🚀 Database connected successfully[39m
{Mon Mar 09 2026 09:40:38} [APP 🚀] info: [33m✅ Admin account already exists![39m
{Mon Mar 09 2026 09:40:38} [APP 🚀] info: [32m🍁 Server connected successfully[39m
{Mon Mar 09 2026 09:40:38} [APP 🚀] info: [33m♻️  Application listening on port:5007[39m
{Mon Mar 09 2026 09:40:42} [APP 🚀] info: [32m🚀 Database connected successfully[39m
{Mon Mar 09 2026 09:40:42} [APP 🚀] info: [33m✅ Admin account already exists![39m
{Mon Mar 09 2026 09:40:42} [APP 🚀] info: [32m🍁 Server connected successfully[39m
{Mon Mar 09 2026 09:40:42} [APP 🚀] info: [33m♻️  Application listening on port:5007[39m
{Mon Mar 09 2026 09:40:49} [APP 🚀] info: ::ffff:10.10.7.50 - PATCH /api/v1/admin/categories 200 - 45.419 ms
{Mon Mar 09 2026 09:41:04} [APP 🚀] info: ::ffff:10.10.7.50 - POST /api/v1/admin/categories 200 - 24.382 ms
{Mon Mar 09 2026 09:41:26} [APP 🚀] info: ::ffff:10.10.7.50 - DELETE /api/v1/admin/categories/69ae41502eb58e6133f8e61a 200 - 6.852 ms
{Mon Mar 09 2026 09:41:28} [APP 🚀] info: ::ffff:10.10.7.50 - DELETE /api/v1/admin/categories/69ae41502eb58e6133f8e61a 200 - 4.982 ms
{Mon Mar 09 2026 09:41:30} [APP 🚀] info: ::ffff:10.10.7.50 - DELETE /api/v1/admin/categories/69ae41502eb58e6133f8e61a 200 - 4.375 ms
{Mon Mar 09 2026 09:41:31} [APP 🚀] info: ::ffff:10.10.7.50 - DELETE /api/v1/admin/categories/69ae41502eb58e6133f8e61a 200 - 4.324 ms
{Mon Mar 09 2026 09:41:32} [APP 🚀] info: ::ffff:10.10.7.50 - DELETE /api/v1/admin/categories/69ae41502eb58e6133f8e61a 200 - 5.821 ms
{Mon Mar 09 2026 09:41:33} [APP 🚀] info: ::ffff:10.10.7.50 - DELETE /api/v1/admin/categories/69ae41502eb58e6133f8e61a 200 - 4.986 ms
{Mon Mar 09 2026 09:41:33} [APP 🚀] info: ::ffff:10.10.7.50 - DELETE /api/v1/admin/categories/69ae41502eb58e6133f8e61a 200 - 7.265 ms
{Mon Mar 09 2026 09:41:34} [APP 🚀] info: ::ffff:10.10.7.50 - DELETE /api/v1/admin/categories/69ae41502eb58e6133f8e61a 200 - 4.978 ms
{Mon Mar 09 2026 09:41:34} [APP 🚀] info: ::ffff:10.10.7.50 - DELETE /api/v1/admin/categories/69ae41502eb58e6133f8e61a 200 - 5.918 ms
{Mon Mar 09 2026 09:41:35} [APP 🚀] info: ::ffff:10.10.7.50 - DELETE /api/v1/admin/categories/69ae41502eb58e6133f8e61a 200 - 5.916 ms
{Mon Mar 09 2026 09:43:36} [APP 🚀] info: ::ffff:10.10.7.50 - GET /api/v1/admin/categories 200 - 43.566 ms
{Mon Mar 09 2026 09:48:26} [APP 🚀] info: ::ffff:10.10.7.50 - GET /api/v1/admin/policy 200 - 5.267 ms
{Mon Mar 09 2026 09:48:33} [APP 🚀] info: ::ffff:10.10.7.50 - GET /api/v1/admin/policy 200 - 2.718 ms
{Mon Mar 09 2026 09:48:53} [APP 🚀] info: ::ffff:10.10.7.50 - PATCH /api/v1/admin/policy 200 - 22.217 ms
{Mon Mar 09 2026 09:48:58} [APP 🚀] info: ::ffff:10.10.7.50 - GET /api/v1/admin/policy 200 - 2.174 ms
{Mon Mar 09 2026 09:49:19} [APP 🚀] info: ::ffff:10.10.7.50 - GET /api/v1/admin/terms 200 - 2.143 ms
{Mon Mar 09 2026 09:49:35} [APP 🚀] info: ::ffff:10.10.7.50 - PATCH /api/v1/admin/terms 200 - 7.631 ms
{Mon Mar 09 2026 09:49:39} [APP 🚀] info: ::ffff:10.10.7.50 - GET /api/v1/admin/terms 200 - 3.015 ms
{Mon Mar 09 2026 09:50:05} [APP 🚀] info: ::ffff:10.10.7.50 - GET /api/v1/admin/requests 200 - 14.058 ms
{Mon Mar 09 2026 09:55:40} [APP 🚀] info: [32m🚀 Database connected successfully[39m
{Mon Mar 09 2026 09:55:40} [APP 🚀] info: [33m✅ Admin account already exists![39m
{Mon Mar 09 2026 09:55:40} [APP 🚀] info: [32m🍁 Server connected successfully[39m
{Mon Mar 09 2026 09:55:40} [APP 🚀] info: [33m♻️  Application listening on port:5007[39m
{Mon Mar 09 2026 09:56:14} [APP 🚀] info: [32m🚀 Database connected successfully[39m
{Mon Mar 09 2026 09:56:14} [APP 🚀] info: [33m✅ Admin account already exists![39m
{Mon Mar 09 2026 09:56:14} [APP 🚀] info: [32m🍁 Server connected successfully[39m
{Mon Mar 09 2026 09:56:14} [APP 🚀] info: [33m♻️  Application listening on port:5007[39m
{Mon Mar 09 2026 09:56:27} [APP 🚀] info: [32m🚀 Database connected successfully[39m
{Mon Mar 09 2026 09:56:27} [APP 🚀] info: [33m✅ Admin account already exists![39m
{Mon Mar 09 2026 09:56:27} [APP 🚀] info: [32m🍁 Server connected successfully[39m
{Mon Mar 09 2026 09:56:27} [APP 🚀] info: [33m♻️  Application listening on port:5007[39m
{Mon Mar 09 2026 09:57:10} [APP 🚀] info: ::ffff:10.10.7.50 - GET /api/v1/admin/find?search=fahim&compo=user 200 - 32.068 ms
{Mon Mar 09 2026 09:57:55} [APP 🚀] info: [32m🚀 Database connected successfully[39m
{Mon Mar 09 2026 09:57:55} [APP 🚀] info: [33m✅ Admin account already exists![39m
{Mon Mar 09 2026 09:57:55} [APP 🚀] info: [32m🍁 Server connected successfully[39m
{Mon Mar 09 2026 09:57:55} [APP 🚀] info: [33m♻️  Application listening on port:5007[39m
{Mon Mar 09 2026 09:58:03} [APP 🚀] info: [32m🚀 Database connected successfully[39m
{Mon Mar 09 2026 09:58:03} [APP 🚀] info: [33m✅ Admin account already exists![39m
{Mon Mar 09 2026 09:58:03} [APP 🚀] info: [32m🍁 Server connected successfully[39m
{Mon Mar 09 2026 09:58:03} [APP 🚀] info: [33m♻️  Application listening on port:5007[39m
{Mon Mar 09 2026 09:58:05} [APP 🚀] info: [32m🚀 Database connected successfully[39m
{Mon Mar 09 2026 09:58:05} [APP 🚀] info: [33m✅ Admin account already exists![39m
{Mon Mar 09 2026 09:58:05} [APP 🚀] info: [32m🍁 Server connected successfully[39m
{Mon Mar 09 2026 09:58:05} [APP 🚀] info: [33m♻️  Application listening on port:5007[39m
{Mon Mar 09 2026 09:58:10} [APP 🚀] info: [32m🚀 Database connected successfully[39m
{Mon Mar 09 2026 09:58:10} [APP 🚀] info: [33m✅ Admin account already exists![39m
{Mon Mar 09 2026 09:58:10} [APP 🚀] info: [32m🍁 Server connected successfully[39m
{Mon Mar 09 2026 09:58:10} [APP 🚀] info: [33m♻️  Application listening on port:5007[39m
{Mon Mar 09 2026 09:58:19} [APP 🚀] info: [32m🚀 Database connected successfully[39m
{Mon Mar 09 2026 09:58:19} [APP 🚀] info: [33m✅ Admin account already exists![39m
{Mon Mar 09 2026 09:58:19} [APP 🚀] info: [32m🍁 Server connected successfully[39m
{Mon Mar 09 2026 09:58:19} [APP 🚀] info: [33m♻️  Application listening on port:5007[39m
{Mon Mar 09 2026 09:58:22} [APP 🚀] info: [32m🚀 Database connected successfully[39m
{Mon Mar 09 2026 09:58:22} [APP 🚀] info: [33m✅ Admin account already exists![39m
{Mon Mar 09 2026 09:58:23} [APP 🚀] info: [32m🍁 Server connected successfully[39m
{Mon Mar 09 2026 09:58:23} [APP 🚀] info: [33m♻️  Application listening on port:5007[39m
{Mon Mar 09 2026 09:58:24} [APP 🚀] info: [32m🚀 Database connected successfully[39m
{Mon Mar 09 2026 09:58:24} [APP 🚀] info: [33m✅ Admin account already exists![39m
{Mon Mar 09 2026 09:58:24} [APP 🚀] info: [32m🍁 Server connected successfully[39m
{Mon Mar 09 2026 09:58:24} [APP 🚀] info: [33m♻️  Application listening on port:5007[39m
{Mon Mar 09 2026 09:58:33} [APP 🚀] info: [32m🚀 Database connected successfully[39m
{Mon Mar 09 2026 09:58:33} [APP 🚀] info: [33m✅ Admin account already exists![39m
{Mon Mar 09 2026 09:58:33} [APP 🚀] info: [32m🍁 Server connected successfully[39m
{Mon Mar 09 2026 09:58:33} [APP 🚀] info: [33m♻️  Application listening on port:5007[39m
{Mon Mar 09 2026 09:58:37} [APP 🚀] info: [32m🚀 Database connected successfully[39m
{Mon Mar 09 2026 09:58:37} [APP 🚀] info: [33m✅ Admin account already exists![39m
{Mon Mar 09 2026 09:58:37} [APP 🚀] info: [32m🍁 Server connected successfully[39m
{Mon Mar 09 2026 09:58:37} [APP 🚀] info: [33m♻️  Application listening on port:5007[39m
{Mon Mar 09 2026 09:58:40} [APP 🚀] info: [32m🚀 Database connected successfully[39m
{Mon Mar 09 2026 09:58:41} [APP 🚀] info: [32m🚀 Database connected successfully[39m
{Mon Mar 09 2026 09:58:41} [APP 🚀] info: [33m✅ Admin account already exists![39m
{Mon Mar 09 2026 09:58:41} [APP 🚀] info: [32m🍁 Server connected successfully[39m
{Mon Mar 09 2026 09:58:41} [APP 🚀] info: [33m♻️  Application listening on port:5007[39m
{Mon Mar 09 2026 09:58:48} [APP 🚀] info: [32m🚀 Database connected successfully[39m
{Mon Mar 09 2026 09:58:48} [APP 🚀] info: [33m✅ Admin account already exists![39m
{Mon Mar 09 2026 09:58:48} [APP 🚀] info: [32m🍁 Server connected successfully[39m
{Mon Mar 09 2026 09:58:48} [APP 🚀] info: [33m♻️  Application listening on port:5007[39m
{Mon Mar 09 2026 09:58:53} [APP 🚀] info: [32m🚀 Database connected successfully[39m
{Mon Mar 09 2026 09:58:53} [APP 🚀] info: [33m✅ Admin account already exists![39m
{Mon Mar 09 2026 09:58:53} [APP 🚀] info: [32m🍁 Server connected successfully[39m
{Mon Mar 09 2026 09:58:53} [APP 🚀] info: [33m♻️  Application listening on port:5007[39m
{Mon Mar 09 2026 09:59:18} [APP 🚀] info: [32m🚀 Database connected successfully[39m
{Mon Mar 09 2026 09:59:18} [APP 🚀] info: [33m✅ Admin account already exists![39m
{Mon Mar 09 2026 09:59:18} [APP 🚀] info: [32m🍁 Server connected successfully[39m
{Mon Mar 09 2026 09:59:18} [APP 🚀] info: [33m♻️  Application listening on port:5007[39m
{Mon Mar 09 2026 09:59:19} [APP 🚀] info: [32m🚀 Database connected successfully[39m
{Mon Mar 09 2026 09:59:19} [APP 🚀] info: [33m✅ Admin account already exists![39m
{Mon Mar 09 2026 09:59:19} [APP 🚀] info: [32m🍁 Server connected successfully[39m
{Mon Mar 09 2026 09:59:19} [APP 🚀] info: [33m♻️  Application listening on port:5007[39m
{Mon Mar 09 2026 09:59:24} [APP 🚀] info: [32m🚀 Database connected successfully[39m
{Mon Mar 09 2026 09:59:24} [APP 🚀] info: [33m✅ Admin account already exists![39m
{Mon Mar 09 2026 09:59:24} [APP 🚀] info: [32m🍁 Server connected successfully[39m
{Mon Mar 09 2026 09:59:24} [APP 🚀] info: [33m♻️  Application listening on port:5007[39m
{Mon Mar 09 2026 09:59:30} [APP 🚀] info: [32m🚀 Database connected successfully[39m
{Mon Mar 09 2026 09:59:30} [APP 🚀] info: [33m✅ Admin account already exists![39m
{Mon Mar 09 2026 09:59:30} [APP 🚀] info: [32m🍁 Server connected successfully[39m
{Mon Mar 09 2026 09:59:30} [APP 🚀] info: [33m♻️  Application listening on port:5007[39m
{Mon Mar 09 2026 09:59:33} [APP 🚀] info: [32m🚀 Database connected successfully[39m
{Mon Mar 09 2026 09:59:33} [APP 🚀] info: [33m✅ Admin account already exists![39m
{Mon Mar 09 2026 09:59:33} [APP 🚀] info: [32m🍁 Server connected successfully[39m
{Mon Mar 09 2026 09:59:33} [APP 🚀] info: [33m♻️  Application listening on port:5007[39m
{Mon Mar 09 2026 09:59:38} [APP 🚀] info: [32m🚀 Database connected successfully[39m
{Mon Mar 09 2026 09:59:38} [APP 🚀] info: [33m✅ Admin account already exists![39m
{Mon Mar 09 2026 09:59:38} [APP 🚀] info: [32m🍁 Server connected successfully[39m
{Mon Mar 09 2026 09:59:38} [APP 🚀] info: [33m♻️  Application listening on port:5007[39m
{Mon Mar 09 2026 09:59:55} [APP 🚀] info: [32m🚀 Database connected successfully[39m
{Mon Mar 09 2026 09:59:55} [APP 🚀] info: [33m✅ Admin account already exists![39m
{Mon Mar 09 2026 09:59:55} [APP 🚀] info: [32m🍁 Server connected successfully[39m
{Mon Mar 09 2026 09:59:55} [APP 🚀] info: [33m♻️  Application listening on port:5007[39m
{Mon Mar 09 2026 09:59:57} [APP 🚀] info: [32m🚀 Database connected successfully[39m
{Mon Mar 09 2026 09:59:57} [APP 🚀] info: [33m✅ Admin account already exists![39m
{Mon Mar 09 2026 09:59:57} [APP 🚀] info: [32m🍁 Server connected successfully[39m
{Mon Mar 09 2026 09:59:57} [APP 🚀] info: [33m♻️  Application listening on port:5007[39m
{Mon Mar 09 2026 09:59:59} [APP 🚀] info: [32m🚀 Database connected successfully[39m
{Mon Mar 09 2026 09:59:59} [APP 🚀] info: [33m✅ Admin account already exists![39m
{Mon Mar 09 2026 09:59:59} [APP 🚀] info: [32m🍁 Server connected successfully[39m
{Mon Mar 09 2026 09:59:59} [APP 🚀] info: [33m♻️  Application listening on port:5007[39m
