{Mon Apr 13 2026 14:00:00} [APP 🚀] info: Deleted 0 unverified accounts.
{Mon Apr 13 2026 14:01:00} [APP 🚀] info: Deleted 0 unverified accounts.
{Mon Apr 13 2026 14:02:00} [APP 🚀] info: Deleted 0 unverified accounts.
{Mon Apr 13 2026 14:03:00} [APP 🚀] info: Deleted 0 unverified accounts.
{Mon Apr 13 2026 14:04:00} [APP 🚀] info: Deleted 0 unverified accounts.
{Mon Apr 13 2026 14:05:00} [APP 🚀] info: Deleted 0 unverified accounts.
{Mon Apr 13 2026 14:06:00} [APP 🚀] info: Deleted 0 unverified accounts.
{Mon Apr 13 2026 14:07:00} [APP 🚀] info: Deleted 0 unverified accounts.
{Mon Apr 13 2026 14:07:48} [APP 🚀] info: [32m🚀 Database connected successfully[39m
{Mon Apr 13 2026 14:07:48} [APP 🚀] info: [33m✅ Admin account already exists![39m
{Mon Apr 13 2026 14:07:48} [APP 🚀] info: Unverified account cleanup job scheduled to run every minute.
{Mon Apr 13 2026 14:07:48} [APP 🚀] info: Booking SLA job scheduled to run every 15 minutes (Threshold: 5 hours).
{Mon Apr 13 2026 14:07:48} [APP 🚀] info: Booking Auto-Settle job scheduled to run every hour (Threshold: 48 hours).
{Mon Apr 13 2026 14:07:48} [APP 🚀] info: [32m🍁 Server connected successfully[39m
{Mon Apr 13 2026 14:07:48} [APP 🚀] info: [33m♻️  Application listening on port:5001[39m
{Mon Apr 13 2026 14:08:00} [APP 🚀] info: Deleted 0 unverified accounts.
{Mon Apr 13 2026 14:09:00} [APP 🚀] info: Deleted 0 unverified accounts.
{Mon Apr 13 2026 14:09:26} [APP 🚀] info: [32m🚀 Database connected successfully[39m
{Mon Apr 13 2026 14:09:26} [APP 🚀] info: [33m✅ Admin account already exists![39m
{Mon Apr 13 2026 14:09:26} [APP 🚀] info: Unverified account cleanup job scheduled to run every minute.
{Mon Apr 13 2026 14:09:26} [APP 🚀] info: Booking SLA job scheduled to run every 15 minutes (Threshold: 5 hours).
{Mon Apr 13 2026 14:09:26} [APP 🚀] info: Booking Auto-Settle job scheduled to run every hour (Threshold: 48 hours).
{Mon Apr 13 2026 14:09:26} [APP 🚀] info: [32m🍁 Server connected successfully[39m
{Mon Apr 13 2026 14:09:26} [APP 🚀] info: [33m♻️  Application listening on port:5001[39m
{Mon Apr 13 2026 14:09:48} [APP 🚀] info: [32m🚀 Database connected successfully[39m
{Mon Apr 13 2026 14:09:48} [APP 🚀] info: [33m✅ Admin account already exists![39m
{Mon Apr 13 2026 14:09:48} [APP 🚀] info: Unverified account cleanup job scheduled to run every minute.
{Mon Apr 13 2026 14:09:48} [APP 🚀] info: Booking SLA job scheduled to run every 15 minutes (Threshold: 5 hours).
{Mon Apr 13 2026 14:09:48} [APP 🚀] info: Booking Auto-Settle job scheduled to run every hour (Threshold: 48 hours).
{Mon Apr 13 2026 14:09:48} [APP 🚀] info: [32m🍁 Server connected successfully[39m
{Mon Apr 13 2026 14:09:48} [APP 🚀] info: [33m♻️  Application listening on port:5001[39m
{Mon Apr 13 2026 14:10:00} [APP 🚀] info: Deleted 0 unverified accounts.
{Mon Apr 13 2026 14:10:36} [APP 🚀] info: [32m🚀 Database connected successfully[39m
{Mon Apr 13 2026 14:10:36} [APP 🚀] info: [33m✅ Admin account already exists![39m
{Mon Apr 13 2026 14:10:36} [APP 🚀] info: Unverified account cleanup job scheduled to run every minute.
{Mon Apr 13 2026 14:10:36} [APP 🚀] info: Booking SLA job scheduled to run every 15 minutes (Threshold: 5 hours).
{Mon Apr 13 2026 14:10:36} [APP 🚀] info: Booking Auto-Settle job scheduled to run every hour (Threshold: 48 hours).
{Mon Apr 13 2026 14:10:36} [APP 🚀] info: [32m🍁 Server connected successfully[39m
{Mon Apr 13 2026 14:10:36} [APP 🚀] info: [33m♻️  Application listening on port:5001[39m
{Mon Apr 13 2026 14:11:00} [APP 🚀] info: Deleted 0 unverified accounts.
{Mon Apr 13 2026 14:12:00} [APP 🚀] info: Deleted 0 unverified accounts.
{Mon Apr 13 2026 14:13:00} [APP 🚀] info: Deleted 0 unverified accounts.
{Mon Apr 13 2026 14:14:00} [APP 🚀] info: Deleted 0 unverified accounts.
{Mon Apr 13 2026 14:15:00} [APP 🚀] info: Deleted 0 unverified accounts.
{Mon Apr 13 2026 14:16:00} [APP 🚀] info: Deleted 0 unverified accounts.
{Mon Apr 13 2026 14:17:00} [APP 🚀] info: Deleted 0 unverified accounts.
{Mon Apr 13 2026 14:18:00} [APP 🚀] info: Deleted 0 unverified accounts.
{Mon Apr 13 2026 14:18:42} [APP 🚀] info: [32m🚀 Database connected successfully[39m
{Mon Apr 13 2026 14:18:42} [APP 🚀] info: [33m✅ Admin account already exists![39m
{Mon Apr 13 2026 14:18:42} [APP 🚀] info: Unverified account cleanup job scheduled to run every minute.
{Mon Apr 13 2026 14:18:42} [APP 🚀] info: Booking SLA job scheduled to run every 15 minutes (Threshold: 5 hours).
{Mon Apr 13 2026 14:18:42} [APP 🚀] info: Booking Auto-Settle job scheduled to run every hour (Threshold: 48 hours).
{Mon Apr 13 2026 14:18:42} [APP 🚀] info: [32m🍁 Server connected successfully[39m
{Mon Apr 13 2026 14:18:42} [APP 🚀] info: [33m♻️  Application listening on port:5001[39m
{Mon Apr 13 2026 14:19:00} [APP 🚀] info: Deleted 0 unverified accounts.
{Mon Apr 13 2026 14:19:25} [APP 🚀] info: [32m🚀 Database connected successfully[39m
{Mon Apr 13 2026 14:19:25} [APP 🚀] info: [33m✅ Admin account already exists![39m
{Mon Apr 13 2026 14:19:25} [APP 🚀] info: Unverified account cleanup job scheduled to run every minute.
{Mon Apr 13 2026 14:19:25} [APP 🚀] info: Booking SLA job scheduled to run every 15 minutes (Threshold: 5 hours).
{Mon Apr 13 2026 14:19:25} [APP 🚀] info: Booking Auto-Settle job scheduled to run every hour (Threshold: 48 hours).
{Mon Apr 13 2026 14:19:25} [APP 🚀] info: [32m🍁 Server connected successfully[39m
{Mon Apr 13 2026 14:19:25} [APP 🚀] info: [33m♻️  Application listening on port:5001[39m
{Mon Apr 13 2026 14:19:40} [APP 🚀] info: [32m🚀 Database connected successfully[39m
{Mon Apr 13 2026 14:19:40} [APP 🚀] info: [33m✅ Admin account already exists![39m
{Mon Apr 13 2026 14:19:40} [APP 🚀] info: Unverified account cleanup job scheduled to run every minute.
{Mon Apr 13 2026 14:19:40} [APP 🚀] info: Booking SLA job scheduled to run every 15 minutes (Threshold: 5 hours).
{Mon Apr 13 2026 14:19:40} [APP 🚀] info: Booking Auto-Settle job scheduled to run every hour (Threshold: 48 hours).
{Mon Apr 13 2026 14:19:40} [APP 🚀] info: [32m🍁 Server connected successfully[39m
{Mon Apr 13 2026 14:19:40} [APP 🚀] info: [33m♻️  Application listening on port:5001[39m
{Mon Apr 13 2026 14:20:00} [APP 🚀] info: Deleted 0 unverified accounts.
{Mon Apr 13 2026 14:21:00} [APP 🚀] info: Deleted 0 unverified accounts.
{Mon Apr 13 2026 14:21:54} [APP 🚀] info: [32m🚀 Database connected successfully[39m
{Mon Apr 13 2026 14:21:54} [APP 🚀] info: [33m✅ Admin account already exists![39m
{Mon Apr 13 2026 14:21:54} [APP 🚀] info: Unverified account cleanup job scheduled to run every minute.
{Mon Apr 13 2026 14:21:54} [APP 🚀] info: Booking SLA job scheduled to run every 15 minutes (Threshold: 5 hours).
{Mon Apr 13 2026 14:21:54} [APP 🚀] info: Booking Auto-Settle job scheduled to run every hour (Threshold: 48 hours).
{Mon Apr 13 2026 14:21:54} [APP 🚀] info: [32m🍁 Server connected successfully[39m
{Mon Apr 13 2026 14:21:54} [APP 🚀] info: [33m♻️  Application listening on port:5001[39m
{Mon Apr 13 2026 14:22:00} [APP 🚀] info: Deleted 0 unverified accounts.
{Mon Apr 13 2026 14:23:00} [APP 🚀] info: Deleted 0 unverified accounts.
{Mon Apr 13 2026 14:24:00} [APP 🚀] info: Deleted 0 unverified accounts.
{Mon Apr 13 2026 14:25:00} [APP 🚀] info: Deleted 0 unverified accounts.
{Mon Apr 13 2026 14:26:00} [APP 🚀] info: Deleted 0 unverified accounts.
{Mon Apr 13 2026 14:27:00} [APP 🚀] info: Deleted 0 unverified accounts.
{Mon Apr 13 2026 14:28:00} [APP 🚀] info: Deleted 0 unverified accounts.
{Mon Apr 13 2026 14:29:00} [APP 🚀] info: Deleted 0 unverified accounts.
{Mon Apr 13 2026 14:30:00} [APP 🚀] info: Deleted 0 unverified accounts.
{Mon Apr 13 2026 14:31:00} [APP 🚀] info: Deleted 0 unverified accounts.
{Mon Apr 13 2026 14:32:00} [APP 🚀] info: Deleted 0 unverified accounts.
{Mon Apr 13 2026 14:33:00} [APP 🚀] info: Deleted 0 unverified accounts.
{Mon Apr 13 2026 14:34:00} [APP 🚀] info: Deleted 0 unverified accounts.
{Mon Apr 13 2026 14:35:00} [APP 🚀] info: [32m🚀 Database connected successfully[39m
{Mon Apr 13 2026 14:35:00} [APP 🚀] info: [33m✅ Admin account already exists![39m
{Mon Apr 13 2026 14:35:00} [APP 🚀] info: Unverified account cleanup job scheduled to run every minute.
{Mon Apr 13 2026 14:35:00} [APP 🚀] info: Booking SLA job scheduled to run every 15 minutes (Threshold: 5 hours).
{Mon Apr 13 2026 14:35:00} [APP 🚀] info: Booking Auto-Settle job scheduled to run every hour (Threshold: 48 hours).
{Mon Apr 13 2026 14:35:00} [APP 🚀] info: [32m🍁 Server connected successfully[39m
{Mon Apr 13 2026 14:35:00} [APP 🚀] info: [33m♻️  Application listening on port:5001[39m
{Mon Apr 13 2026 14:36:00} [APP 🚀] info: Deleted 0 unverified accounts.
{Mon Apr 13 2026 14:37:00} [APP 🚀] info: Deleted 0 unverified accounts.
{Mon Apr 13 2026 14:38:00} [APP 🚀] info: Deleted 0 unverified accounts.
{Mon Apr 13 2026 14:39:00} [APP 🚀] info: Deleted 0 unverified accounts.
{Mon Apr 13 2026 14:40:00} [APP 🚀] info: Deleted 0 unverified accounts.
{Mon Apr 13 2026 14:41:00} [APP 🚀] info: Deleted 0 unverified accounts.
{Mon Apr 13 2026 14:42:00} [APP 🚀] info: Deleted 0 unverified accounts.
{Mon Apr 13 2026 14:43:00} [APP 🚀] info: Deleted 0 unverified accounts.
{Mon Apr 13 2026 14:44:00} [APP 🚀] info: Deleted 0 unverified accounts.
{Mon Apr 13 2026 14:45:00} [APP 🚀] info: Deleted 0 unverified accounts.
{Mon Apr 13 2026 14:46:00} [APP 🚀] info: Deleted 0 unverified accounts.
{Mon Apr 13 2026 14:47:00} [APP 🚀] info: Deleted 0 unverified accounts.
{Mon Apr 13 2026 14:48:00} [APP 🚀] info: Deleted 0 unverified accounts.
{Mon Apr 13 2026 14:48:35} [APP 🚀] info: [32m🚀 Database connected successfully[39m
{Mon Apr 13 2026 14:48:35} [APP 🚀] info: [33m✅ Admin account already exists![39m
{Mon Apr 13 2026 14:48:35} [APP 🚀] info: Unverified account cleanup job scheduled to run every minute.
{Mon Apr 13 2026 14:48:35} [APP 🚀] info: Booking SLA job scheduled to run every 15 minutes (Threshold: 5 hours).
{Mon Apr 13 2026 14:48:35} [APP 🚀] info: Booking Auto-Settle job scheduled to run every hour (Threshold: 48 hours).
{Mon Apr 13 2026 14:48:35} [APP 🚀] info: [32m🍁 Server connected successfully[39m
{Mon Apr 13 2026 14:48:35} [APP 🚀] info: [33m♻️  Application listening on port:5001[39m
{Mon Apr 13 2026 14:48:39} [APP 🚀] info: [32m🚀 Database connected successfully[39m
{Mon Apr 13 2026 14:48:39} [APP 🚀] info: [33m✅ Admin account already exists![39m
{Mon Apr 13 2026 14:48:39} [APP 🚀] info: Unverified account cleanup job scheduled to run every minute.
{Mon Apr 13 2026 14:48:39} [APP 🚀] info: Booking SLA job scheduled to run every 15 minutes (Threshold: 5 hours).
{Mon Apr 13 2026 14:48:39} [APP 🚀] info: Booking Auto-Settle job scheduled to run every hour (Threshold: 48 hours).
{Mon Apr 13 2026 14:48:39} [APP 🚀] info: [32m🍁 Server connected successfully[39m
{Mon Apr 13 2026 14:48:39} [APP 🚀] info: [33m♻️  Application listening on port:5001[39m
{Mon Apr 13 2026 14:48:42} [APP 🚀] info: [32m🚀 Database connected successfully[39m
{Mon Apr 13 2026 14:48:42} [APP 🚀] info: [33m✅ Admin account already exists![39m
{Mon Apr 13 2026 14:48:42} [APP 🚀] info: Unverified account cleanup job scheduled to run every minute.
{Mon Apr 13 2026 14:48:42} [APP 🚀] info: Booking SLA job scheduled to run every 15 minutes (Threshold: 5 hours).
{Mon Apr 13 2026 14:48:42} [APP 🚀] info: Booking Auto-Settle job scheduled to run every hour (Threshold: 48 hours).
{Mon Apr 13 2026 14:48:42} [APP 🚀] info: [32m🍁 Server connected successfully[39m
{Mon Apr 13 2026 14:48:42} [APP 🚀] info: [33m♻️  Application listening on port:5001[39m
{Mon Apr 13 2026 14:49:00} [APP 🚀] info: Deleted 0 unverified accounts.
{Mon Apr 13 2026 14:50:00} [APP 🚀] info: Deleted 0 unverified accounts.
{Mon Apr 13 2026 14:51:00} [APP 🚀] info: Deleted 0 unverified accounts.
{Mon Apr 13 2026 14:52:00} [APP 🚀] info: Deleted 0 unverified accounts.
{Mon Apr 13 2026 14:53:00} [APP 🚀] info: Deleted 0 unverified accounts.
{Mon Apr 13 2026 14:54:00} [APP 🚀] info: Deleted 0 unverified accounts.
{Mon Apr 13 2026 14:55:00} [APP 🚀] info: Deleted 0 unverified accounts.
{Mon Apr 13 2026 14:56:00} [APP 🚀] info: Deleted 0 unverified accounts.
{Mon Apr 13 2026 14:57:00} [APP 🚀] info: Deleted 0 unverified accounts.
{Mon Apr 13 2026 14:58:00} [APP 🚀] info: Deleted 0 unverified accounts.
