{Mon Apr 06 2026 12:00:00} [APP 🚀] info: Deleted 0 unverified accounts.
{Mon Apr 06 2026 12:01:00} [APP 🚀] info: Deleted 0 unverified accounts.
{Mon Apr 06 2026 12:02:00} [APP 🚀] info: Deleted 0 unverified accounts.
{Mon Apr 06 2026 12:03:00} [APP 🚀] info: Deleted 0 unverified accounts.
{Mon Apr 06 2026 12:04:00} [APP 🚀] info: Deleted 0 unverified accounts.
{Mon Apr 06 2026 12:05:00} [APP 🚀] info: Deleted 0 unverified accounts.
{Mon Apr 06 2026 12:06:00} [APP 🚀] info: Deleted 0 unverified accounts.
{Mon Apr 06 2026 12:07:00} [APP 🚀] info: Deleted 0 unverified accounts.
{Mon Apr 06 2026 12:08:00} [APP 🚀] info: Deleted 0 unverified accounts.
{Mon Apr 06 2026 12:09:00} [APP 🚀] info: Deleted 0 unverified accounts.
{Mon Apr 06 2026 12:10:00} [APP 🚀] info: Deleted 0 unverified accounts.
{Mon Apr 06 2026 12:11:00} [APP 🚀] info: Deleted 0 unverified accounts.
{Mon Apr 06 2026 12:12:00} [APP 🚀] info: Deleted 0 unverified accounts.
{Mon Apr 06 2026 12:13:00} [APP 🚀] info: Deleted 0 unverified accounts.
{Mon Apr 06 2026 12:13:14} [APP 🚀] info: [32m🚀 Database connected successfully[39m
{Mon Apr 06 2026 12:13:14} [APP 🚀] info: [33m✅ Admin account already exists![39m
{Mon Apr 06 2026 12:13:14} [APP 🚀] info: Unverified account cleanup job scheduled to run every minute.
{Mon Apr 06 2026 12:13:14} [APP 🚀] info: Booking SLA job scheduled to run every 15 minutes (Threshold: 5 hours).
{Mon Apr 06 2026 12:13:14} [APP 🚀] info: Booking Auto-Settle job scheduled to run every hour (Threshold: 48 hours).
{Mon Apr 06 2026 12:13:14} [APP 🚀] info: [32m🍁 Server connected successfully[39m
{Mon Apr 06 2026 12:13:14} [APP 🚀] info: [33m♻️  Application listening on port:5001[39m
{Mon Apr 06 2026 12:13:26} [APP 🚀] info: [32m🚀 Database connected successfully[39m
{Mon Apr 06 2026 12:13:26} [APP 🚀] info: [33m✅ Admin account already exists![39m
{Mon Apr 06 2026 12:13:26} [APP 🚀] info: Unverified account cleanup job scheduled to run every minute.
{Mon Apr 06 2026 12:13:26} [APP 🚀] info: Booking SLA job scheduled to run every 15 minutes (Threshold: 5 hours).
{Mon Apr 06 2026 12:13:26} [APP 🚀] info: Booking Auto-Settle job scheduled to run every hour (Threshold: 48 hours).
{Mon Apr 06 2026 12:13:26} [APP 🚀] info: [32m🍁 Server connected successfully[39m
{Mon Apr 06 2026 12:13:26} [APP 🚀] info: [33m♻️  Application listening on port:5001[39m
{Mon Apr 06 2026 12:13:34} [APP 🚀] info: [32m🚀 Database connected successfully[39m
{Mon Apr 06 2026 12:13:34} [APP 🚀] info: [33m✅ Admin account already exists![39m
{Mon Apr 06 2026 12:13:34} [APP 🚀] info: Unverified account cleanup job scheduled to run every minute.
{Mon Apr 06 2026 12:13:34} [APP 🚀] info: Booking SLA job scheduled to run every 15 minutes (Threshold: 5 hours).
{Mon Apr 06 2026 12:13:34} [APP 🚀] info: Booking Auto-Settle job scheduled to run every hour (Threshold: 48 hours).
{Mon Apr 06 2026 12:13:34} [APP 🚀] info: [32m🍁 Server connected successfully[39m
{Mon Apr 06 2026 12:13:34} [APP 🚀] info: [33m♻️  Application listening on port:5001[39m
{Mon Apr 06 2026 12:13:58} [APP 🚀] info: [32m🚀 Database connected successfully[39m
{Mon Apr 06 2026 12:13:58} [APP 🚀] info: [33m✅ Admin account already exists![39m
{Mon Apr 06 2026 12:13:58} [APP 🚀] info: Unverified account cleanup job scheduled to run every minute.
{Mon Apr 06 2026 12:13:58} [APP 🚀] info: Booking SLA job scheduled to run every 15 minutes (Threshold: 5 hours).
{Mon Apr 06 2026 12:13:58} [APP 🚀] info: Booking Auto-Settle job scheduled to run every hour (Threshold: 48 hours).
{Mon Apr 06 2026 12:13:58} [APP 🚀] info: [32m🍁 Server connected successfully[39m
{Mon Apr 06 2026 12:13:58} [APP 🚀] info: [33m♻️  Application listening on port:5001[39m
{Mon Apr 06 2026 12:14:00} [APP 🚀] info: Deleted 0 unverified accounts.
{Mon Apr 06 2026 12:15:00} [APP 🚀] info: Deleted 0 unverified accounts.
{Mon Apr 06 2026 12:15:51} [APP 🚀] info: [32m🚀 Database connected successfully[39m
{Mon Apr 06 2026 12:15:51} [APP 🚀] info: [33m✅ Admin account already exists![39m
{Mon Apr 06 2026 12:15:51} [APP 🚀] info: Unverified account cleanup job scheduled to run every minute.
{Mon Apr 06 2026 12:15:51} [APP 🚀] info: Booking SLA job scheduled to run every 15 minutes (Threshold: 5 hours).
{Mon Apr 06 2026 12:15:51} [APP 🚀] info: Booking Auto-Settle job scheduled to run every hour (Threshold: 48 hours).
{Mon Apr 06 2026 12:15:51} [APP 🚀] info: [32m🍁 Server connected successfully[39m
{Mon Apr 06 2026 12:15:51} [APP 🚀] info: [33m♻️  Application listening on port:5001[39m
{Mon Apr 06 2026 12:16:00} [APP 🚀] info: Deleted 0 unverified accounts.
{Mon Apr 06 2026 12:17:00} [APP 🚀] info: Deleted 0 unverified accounts.
{Mon Apr 06 2026 12:18:00} [APP 🚀] info: Deleted 0 unverified accounts.
{Mon Apr 06 2026 12:19:00} [APP 🚀] info: Deleted 0 unverified accounts.
{Mon Apr 06 2026 12:20:00} [APP 🚀] info: Deleted 0 unverified accounts.
{Mon Apr 06 2026 12:21:00} [APP 🚀] info: Deleted 0 unverified accounts.
{Mon Apr 06 2026 12:22:00} [APP 🚀] info: Deleted 0 unverified accounts.
{Mon Apr 06 2026 12:23:00} [APP 🚀] info: Deleted 0 unverified accounts.
{Mon Apr 06 2026 12:24:00} [APP 🚀] info: Deleted 0 unverified accounts.
{Mon Apr 06 2026 12:25:00} [APP 🚀] info: Deleted 0 unverified accounts.
{Mon Apr 06 2026 12:26:00} [APP 🚀] info: Deleted 0 unverified accounts.
{Mon Apr 06 2026 12:27:00} [APP 🚀] info: Deleted 0 unverified accounts.
{Mon Apr 06 2026 12:27:33} [APP 🚀] info: ::ffff:10.10.7.94 - GET /api/v1/user/users 200 - 11.096 ms
{Mon Apr 06 2026 12:28:00} [APP 🚀] info: Deleted 0 unverified accounts.
{Mon Apr 06 2026 12:28:02} [APP 🚀] info: [32m🚀 Database connected successfully[39m
{Mon Apr 06 2026 12:28:02} [APP 🚀] info: [33m✅ Admin account already exists![39m
{Mon Apr 06 2026 12:28:02} [APP 🚀] info: Unverified account cleanup job scheduled to run every minute.
{Mon Apr 06 2026 12:28:02} [APP 🚀] info: Booking SLA job scheduled to run every 15 minutes (Threshold: 5 hours).
{Mon Apr 06 2026 12:28:02} [APP 🚀] info: Booking Auto-Settle job scheduled to run every hour (Threshold: 48 hours).
{Mon Apr 06 2026 12:28:02} [APP 🚀] info: [32m🍁 Server connected successfully[39m
{Mon Apr 06 2026 12:28:02} [APP 🚀] info: [33m♻️  Application listening on port:5001[39m
{Mon Apr 06 2026 12:28:10} [APP 🚀] info: [32m🚀 Database connected successfully[39m
{Mon Apr 06 2026 12:28:10} [APP 🚀] info: [33m✅ Admin account already exists![39m
{Mon Apr 06 2026 12:28:10} [APP 🚀] info: Unverified account cleanup job scheduled to run every minute.
{Mon Apr 06 2026 12:28:10} [APP 🚀] info: Booking SLA job scheduled to run every 15 minutes (Threshold: 5 hours).
{Mon Apr 06 2026 12:28:10} [APP 🚀] info: Booking Auto-Settle job scheduled to run every hour (Threshold: 48 hours).
{Mon Apr 06 2026 12:28:10} [APP 🚀] info: [32m🍁 Server connected successfully[39m
{Mon Apr 06 2026 12:28:10} [APP 🚀] info: [33m♻️  Application listening on port:5001[39m
{Mon Apr 06 2026 12:28:20} [APP 🚀] info: ::ffff:10.10.7.94 - GET /api/v1/user 200 - 16.102 ms
{Mon Apr 06 2026 12:28:27} [APP 🚀] info: ::ffff:10.10.7.94 - GET /api/v1/user/69d2246c974a45f2b3db5579 200 - 14.192 ms
{Mon Apr 06 2026 12:29:00} [APP 🚀] info: Deleted 0 unverified accounts.
{Mon Apr 06 2026 12:30:00} [APP 🚀] info: Deleted 0 unverified accounts.
{Mon Apr 06 2026 12:30:26} [APP 🚀] info: ::ffff:10.10.7.94 - GET /api/v1/user/profile 200 - 2.967 ms
{Mon Apr 06 2026 12:31:00} [APP 🚀] info: Deleted 0 unverified accounts.
{Mon Apr 06 2026 12:32:00} [APP 🚀] info: Deleted 0 unverified accounts.
{Mon Apr 06 2026 12:33:00} [APP 🚀] info: Deleted 0 unverified accounts.
{Mon Apr 06 2026 12:34:00} [APP 🚀] info: Deleted 0 unverified accounts.
{Mon Apr 06 2026 12:35:00} [APP 🚀] info: Deleted 0 unverified accounts.
{Mon Apr 06 2026 12:36:00} [APP 🚀] info: Deleted 0 unverified accounts.
{Mon Apr 06 2026 12:37:00} [APP 🚀] info: Deleted 0 unverified accounts.
{Mon Apr 06 2026 12:37:39} [APP 🚀] info: [32m🚀 Database connected successfully[39m
{Mon Apr 06 2026 12:37:39} [APP 🚀] info: [33m✅ Admin account already exists![39m
{Mon Apr 06 2026 12:37:39} [APP 🚀] info: Unverified account cleanup job scheduled to run every minute.
{Mon Apr 06 2026 12:37:39} [APP 🚀] info: Booking SLA job scheduled to run every 15 minutes (Threshold: 5 hours).
{Mon Apr 06 2026 12:37:39} [APP 🚀] info: Booking Auto-Settle job scheduled to run every hour (Threshold: 48 hours).
{Mon Apr 06 2026 12:37:39} [APP 🚀] info: [32m🍁 Server connected successfully[39m
{Mon Apr 06 2026 12:37:39} [APP 🚀] info: [33m♻️  Application listening on port:5001[39m
{Mon Apr 06 2026 12:37:52} [APP 🚀] info: [32m🚀 Database connected successfully[39m
{Mon Apr 06 2026 12:37:52} [APP 🚀] info: [33m✅ Admin account already exists![39m
{Mon Apr 06 2026 12:37:52} [APP 🚀] info: Unverified account cleanup job scheduled to run every minute.
{Mon Apr 06 2026 12:37:52} [APP 🚀] info: Booking SLA job scheduled to run every 15 minutes (Threshold: 5 hours).
{Mon Apr 06 2026 12:37:52} [APP 🚀] info: Booking Auto-Settle job scheduled to run every hour (Threshold: 48 hours).
{Mon Apr 06 2026 12:37:52} [APP 🚀] info: [32m🍁 Server connected successfully[39m
{Mon Apr 06 2026 12:37:52} [APP 🚀] info: [33m♻️  Application listening on port:5001[39m
{Mon Apr 06 2026 12:38:00} [APP 🚀] info: Deleted 0 unverified accounts.
{Mon Apr 06 2026 12:38:16} [APP 🚀] info: [32m🚀 Database connected successfully[39m
{Mon Apr 06 2026 12:38:16} [APP 🚀] info: [33m✅ Admin account already exists![39m
{Mon Apr 06 2026 12:38:16} [APP 🚀] info: Unverified account cleanup job scheduled to run every minute.
{Mon Apr 06 2026 12:38:16} [APP 🚀] info: Booking SLA job scheduled to run every 15 minutes (Threshold: 5 hours).
{Mon Apr 06 2026 12:38:16} [APP 🚀] info: Booking Auto-Settle job scheduled to run every hour (Threshold: 48 hours).
{Mon Apr 06 2026 12:38:16} [APP 🚀] info: [32m🍁 Server connected successfully[39m
{Mon Apr 06 2026 12:38:16} [APP 🚀] info: [33m♻️  Application listening on port:5001[39m
{Mon Apr 06 2026 12:38:24} [APP 🚀] info: [32m🚀 Database connected successfully[39m
{Mon Apr 06 2026 12:38:24} [APP 🚀] info: [33m✅ Admin account already exists![39m
{Mon Apr 06 2026 12:38:24} [APP 🚀] info: Unverified account cleanup job scheduled to run every minute.
{Mon Apr 06 2026 12:38:24} [APP 🚀] info: Booking SLA job scheduled to run every 15 minutes (Threshold: 5 hours).
{Mon Apr 06 2026 12:38:24} [APP 🚀] info: Booking Auto-Settle job scheduled to run every hour (Threshold: 48 hours).
{Mon Apr 06 2026 12:38:24} [APP 🚀] info: [32m🍁 Server connected successfully[39m
{Mon Apr 06 2026 12:38:24} [APP 🚀] info: [33m♻️  Application listening on port:5001[39m
{Mon Apr 06 2026 12:38:32} [APP 🚀] info: [32m🚀 Database connected successfully[39m
{Mon Apr 06 2026 12:38:32} [APP 🚀] info: [33m✅ Admin account already exists![39m
{Mon Apr 06 2026 12:38:32} [APP 🚀] info: Unverified account cleanup job scheduled to run every minute.
{Mon Apr 06 2026 12:38:32} [APP 🚀] info: Booking SLA job scheduled to run every 15 minutes (Threshold: 5 hours).
{Mon Apr 06 2026 12:38:32} [APP 🚀] info: Booking Auto-Settle job scheduled to run every hour (Threshold: 48 hours).
{Mon Apr 06 2026 12:38:32} [APP 🚀] info: [32m🍁 Server connected successfully[39m
{Mon Apr 06 2026 12:38:32} [APP 🚀] info: [33m♻️  Application listening on port:5001[39m
{Mon Apr 06 2026 12:39:00} [APP 🚀] info: Deleted 0 unverified accounts.
{Mon Apr 06 2026 12:40:00} [APP 🚀] info: Deleted 0 unverified accounts.
{Mon Apr 06 2026 12:41:00} [APP 🚀] info: Deleted 0 unverified accounts.
{Mon Apr 06 2026 12:42:00} [APP 🚀] info: Deleted 0 unverified accounts.
{Mon Apr 06 2026 12:43:00} [APP 🚀] info: Deleted 0 unverified accounts.
{Mon Apr 06 2026 12:44:00} [APP 🚀] info: Deleted 0 unverified accounts.
{Mon Apr 06 2026 12:45:00} [APP 🚀] info: Deleted 0 unverified accounts.
{Mon Apr 06 2026 12:46:00} [APP 🚀] info: Deleted 0 unverified accounts.
{Mon Apr 06 2026 12:46:22} [APP 🚀] info: [32m🚀 Database connected successfully[39m
{Mon Apr 06 2026 12:46:22} [APP 🚀] info: [33m✅ Admin account already exists![39m
{Mon Apr 06 2026 12:46:22} [APP 🚀] info: Unverified account cleanup job scheduled to run every minute.
{Mon Apr 06 2026 12:46:22} [APP 🚀] info: Booking SLA job scheduled to run every 15 minutes (Threshold: 5 hours).
{Mon Apr 06 2026 12:46:22} [APP 🚀] info: Booking Auto-Settle job scheduled to run every hour (Threshold: 48 hours).
{Mon Apr 06 2026 12:46:22} [APP 🚀] info: [32m🍁 Server connected successfully[39m
{Mon Apr 06 2026 12:46:22} [APP 🚀] info: [33m♻️  Application listening on port:5001[39m
{Mon Apr 06 2026 12:47:00} [APP 🚀] info: Deleted 0 unverified accounts.
{Mon Apr 06 2026 12:47:14} [APP 🚀] info: [32m🚀 Database connected successfully[39m
{Mon Apr 06 2026 12:47:14} [APP 🚀] info: [33m✅ Admin account already exists![39m
{Mon Apr 06 2026 12:47:14} [APP 🚀] info: Unverified account cleanup job scheduled to run every minute.
{Mon Apr 06 2026 12:47:14} [APP 🚀] info: Booking SLA job scheduled to run every 15 minutes (Threshold: 5 hours).
{Mon Apr 06 2026 12:47:14} [APP 🚀] info: Booking Auto-Settle job scheduled to run every hour (Threshold: 48 hours).
{Mon Apr 06 2026 12:47:14} [APP 🚀] info: [32m🍁 Server connected successfully[39m
{Mon Apr 06 2026 12:47:14} [APP 🚀] info: [33m♻️  Application listening on port:5001[39m
{Mon Apr 06 2026 12:48:00} [APP 🚀] info: Deleted 0 unverified accounts.
{Mon Apr 06 2026 12:48:34} [APP 🚀] info: [32m🚀 Database connected successfully[39m
{Mon Apr 06 2026 12:48:34} [APP 🚀] info: [33m✅ Admin account already exists![39m
{Mon Apr 06 2026 12:48:34} [APP 🚀] info: Unverified account cleanup job scheduled to run every minute.
{Mon Apr 06 2026 12:48:34} [APP 🚀] info: Booking SLA job scheduled to run every 15 minutes (Threshold: 5 hours).
{Mon Apr 06 2026 12:48:34} [APP 🚀] info: Booking Auto-Settle job scheduled to run every hour (Threshold: 48 hours).
{Mon Apr 06 2026 12:48:34} [APP 🚀] info: [32m🍁 Server connected successfully[39m
{Mon Apr 06 2026 12:48:34} [APP 🚀] info: [33m♻️  Application listening on port:5001[39m
{Mon Apr 06 2026 12:48:41} [APP 🚀] info: [32m🚀 Database connected successfully[39m
{Mon Apr 06 2026 12:48:41} [APP 🚀] info: [33m✅ Admin account already exists![39m
{Mon Apr 06 2026 12:48:41} [APP 🚀] info: Unverified account cleanup job scheduled to run every minute.
{Mon Apr 06 2026 12:48:41} [APP 🚀] info: Booking SLA job scheduled to run every 15 minutes (Threshold: 5 hours).
{Mon Apr 06 2026 12:48:41} [APP 🚀] info: Booking Auto-Settle job scheduled to run every hour (Threshold: 48 hours).
{Mon Apr 06 2026 12:48:41} [APP 🚀] info: [32m🍁 Server connected successfully[39m
{Mon Apr 06 2026 12:48:41} [APP 🚀] info: [33m♻️  Application listening on port:5001[39m
{Mon Apr 06 2026 12:48:43} [APP 🚀] info: [32m🚀 Database connected successfully[39m
{Mon Apr 06 2026 12:48:43} [APP 🚀] info: [33m✅ Admin account already exists![39m
{Mon Apr 06 2026 12:48:43} [APP 🚀] info: Unverified account cleanup job scheduled to run every minute.
{Mon Apr 06 2026 12:48:43} [APP 🚀] info: Booking SLA job scheduled to run every 15 minutes (Threshold: 5 hours).
{Mon Apr 06 2026 12:48:43} [APP 🚀] info: Booking Auto-Settle job scheduled to run every hour (Threshold: 48 hours).
{Mon Apr 06 2026 12:48:43} [APP 🚀] info: [32m🍁 Server connected successfully[39m
{Mon Apr 06 2026 12:48:43} [APP 🚀] info: [33m♻️  Application listening on port:5001[39m
{Mon Apr 06 2026 12:48:46} [APP 🚀] info: [32m🚀 Database connected successfully[39m
{Mon Apr 06 2026 12:48:46} [APP 🚀] info: [33m✅ Admin account already exists![39m
{Mon Apr 06 2026 12:48:46} [APP 🚀] info: Unverified account cleanup job scheduled to run every minute.
{Mon Apr 06 2026 12:48:46} [APP 🚀] info: Booking SLA job scheduled to run every 15 minutes (Threshold: 5 hours).
{Mon Apr 06 2026 12:48:46} [APP 🚀] info: Booking Auto-Settle job scheduled to run every hour (Threshold: 48 hours).
{Mon Apr 06 2026 12:48:46} [APP 🚀] info: [32m🍁 Server connected successfully[39m
{Mon Apr 06 2026 12:48:46} [APP 🚀] info: [33m♻️  Application listening on port:5001[39m
{Mon Apr 06 2026 12:49:00} [APP 🚀] info: Deleted 0 unverified accounts.
{Mon Apr 06 2026 12:50:00} [APP 🚀] info: Deleted 0 unverified accounts.
{Mon Apr 06 2026 12:51:00} [APP 🚀] info: Deleted 0 unverified accounts.
{Mon Apr 06 2026 12:51:21} [APP 🚀] info: ::ffff:10.10.7.94 - PATCH /api/v1/user/update-user-profile 200 - 74.171 ms
{Mon Apr 06 2026 12:52:00} [APP 🚀] info: Deleted 0 unverified accounts.
{Mon Apr 06 2026 12:53:00} [APP 🚀] info: Deleted 0 unverified accounts.
{Mon Apr 06 2026 12:53:24} [APP 🚀] info: [32m🚀 Database connected successfully[39m
{Mon Apr 06 2026 12:53:24} [APP 🚀] info: [33m✅ Admin account already exists![39m
{Mon Apr 06 2026 12:53:24} [APP 🚀] info: Unverified account cleanup job scheduled to run every minute.
{Mon Apr 06 2026 12:53:24} [APP 🚀] info: Booking SLA job scheduled to run every 15 minutes (Threshold: 5 hours).
{Mon Apr 06 2026 12:53:24} [APP 🚀] info: Booking Auto-Settle job scheduled to run every hour (Threshold: 48 hours).
{Mon Apr 06 2026 12:53:24} [APP 🚀] info: [32m🍁 Server connected successfully[39m
{Mon Apr 06 2026 12:53:24} [APP 🚀] info: [33m♻️  Application listening on port:5001[39m
{Mon Apr 06 2026 12:53:27} [APP 🚀] info: [32m🚀 Database connected successfully[39m
{Mon Apr 06 2026 12:53:27} [APP 🚀] info: [33m✅ Admin account already exists![39m
{Mon Apr 06 2026 12:53:27} [APP 🚀] info: Unverified account cleanup job scheduled to run every minute.
{Mon Apr 06 2026 12:53:27} [APP 🚀] info: Booking SLA job scheduled to run every 15 minutes (Threshold: 5 hours).
{Mon Apr 06 2026 12:53:27} [APP 🚀] info: Booking Auto-Settle job scheduled to run every hour (Threshold: 48 hours).
{Mon Apr 06 2026 12:53:27} [APP 🚀] info: [32m🍁 Server connected successfully[39m
{Mon Apr 06 2026 12:53:27} [APP 🚀] info: [33m♻️  Application listening on port:5001[39m
{Mon Apr 06 2026 12:53:38} [APP 🚀] info: ::ffff:10.10.7.94 - GET /api/v1/user/69d2246c974a45f2b3db5579 200 - 24.229 ms
{Mon Apr 06 2026 12:54:00} [APP 🚀] info: Deleted 0 unverified accounts.
{Mon Apr 06 2026 12:55:00} [APP 🚀] info: Deleted 0 unverified accounts.
{Mon Apr 06 2026 12:56:00} [APP 🚀] info: Deleted 0 unverified accounts.
{Mon Apr 06 2026 12:57:00} [APP 🚀] info: Deleted 0 unverified accounts.
