{Sun Mar 29 2026 18:00:00} [APP рџљЂ] info: Deleted 0 unverified accounts.
{Sun Mar 29 2026 18:01:00} [APP рџљЂ] info: Deleted 0 unverified accounts.
{Sun Mar 29 2026 18:02:00} [APP рџљЂ] info: Deleted 0 unverified accounts.
{Sun Mar 29 2026 18:03:00} [APP рџљЂ] info: Deleted 0 unverified accounts.
{Sun Mar 29 2026 18:04:00} [APP рџљЂ] info: Deleted 0 unverified accounts.
{Sun Mar 29 2026 18:05:00} [APP рџљЂ] info: Deleted 0 unverified accounts.
{Sun Mar 29 2026 18:06:00} [APP рџљЂ] info: Deleted 0 unverified accounts.
{Sun Mar 29 2026 18:07:00} [APP рџљЂ] info: Deleted 0 unverified accounts.
{Sun Mar 29 2026 18:08:00} [APP рџљЂ] info: Deleted 0 unverified accounts.
{Sun Mar 29 2026 18:09:00} [APP рџљЂ] info: Deleted 0 unverified accounts.
{Sun Mar 29 2026 18:10:00} [APP рџљЂ] info: Deleted 0 unverified accounts.
{Sun Mar 29 2026 18:11:00} [APP рџљЂ] info: Deleted 0 unverified accounts.
{Sun Mar 29 2026 18:12:00} [APP рџљЂ] info: Deleted 0 unverified accounts.
{Sun Mar 29 2026 18:13:00} [APP рџљЂ] info: Deleted 0 unverified accounts.
{Sun Mar 29 2026 18:14:00} [APP рџљЂ] info: Deleted 0 unverified accounts.
{Sun Mar 29 2026 18:15:00} [APP рџљЂ] info: Deleted 0 unverified accounts.
{Sun Mar 29 2026 18:16:00} [APP рџљЂ] info: Deleted 0 unverified accounts.
{Sun Mar 29 2026 18:17:00} [APP рџљЂ] info: Deleted 0 unverified accounts.
{Sun Mar 29 2026 18:18:00} [APP рџљЂ] info: Deleted 0 unverified accounts.
{Sun Mar 29 2026 18:19:00} [APP рџљЂ] info: Deleted 0 unverified accounts.
{Sun Mar 29 2026 18:20:00} [APP рџљЂ] info: Deleted 0 unverified accounts.
{Sun Mar 29 2026 18:21:00} [APP рџљЂ] info: Deleted 0 unverified accounts.
{Sun Mar 29 2026 18:22:01} [APP рџљЂ] info: Deleted 0 unverified accounts.
{Sun Mar 29 2026 18:23:00} [APP рџљЂ] info: Deleted 0 unverified accounts.
{Sun Mar 29 2026 18:24:00} [APP рџљЂ] info: Deleted 0 unverified accounts.
{Sun Mar 29 2026 18:25:00} [APP рџљЂ] info: Deleted 0 unverified accounts.
{Sun Mar 29 2026 18:26:00} [APP рџљЂ] info: Deleted 0 unverified accounts.
{Sun Mar 29 2026 18:27:00} [APP рџљЂ] info: Deleted 0 unverified accounts.
{Sun Mar 29 2026 18:28:00} [APP рџљЂ] info: Deleted 0 unverified accounts.
{Sun Mar 29 2026 18:29:00} [APP рџљЂ] info: Deleted 0 unverified accounts.
{Sun Mar 29 2026 18:29:28} [APP рџљЂ] info: [32mрџљЂ Database connected successfully[39m
{Sun Mar 29 2026 18:29:28} [APP рџљЂ] info: [33mвњ… Admin account already exists![39m
{Sun Mar 29 2026 18:29:28} [APP рџљЂ] info: Unverified account cleanup job scheduled to run every minute.
{Sun Mar 29 2026 18:29:28} [APP рџљЂ] info: Booking SLA job scheduled to run every 15 minutes (Threshold: 5 hours).
{Sun Mar 29 2026 18:29:28} [APP рџљЂ] info: Booking Auto-Settle job scheduled to run every hour (Threshold: 48 hours).
{Sun Mar 29 2026 18:29:28} [APP рџљЂ] info: [32mрџҚЃ Server connected successfully[39m
{Sun Mar 29 2026 18:29:28} [APP рџљЂ] info: [33mв™»пёЏ  Application listening on port:5007[39m
{Sun Mar 29 2026 18:29:38} [APP рџљЂ] info: [32mрџљЂ Database connected successfully[39m
{Sun Mar 29 2026 18:29:38} [APP рџљЂ] info: [33mвњ… Admin account already exists![39m
{Sun Mar 29 2026 18:29:38} [APP рџљЂ] info: Unverified account cleanup job scheduled to run every minute.
{Sun Mar 29 2026 18:29:38} [APP рџљЂ] info: Booking SLA job scheduled to run every 15 minutes (Threshold: 5 hours).
{Sun Mar 29 2026 18:29:38} [APP рџљЂ] info: Booking Auto-Settle job scheduled to run every hour (Threshold: 48 hours).
{Sun Mar 29 2026 18:29:38} [APP рџљЂ] info: [32mрџҚЃ Server connected successfully[39m
{Sun Mar 29 2026 18:29:38} [APP рџљЂ] info: [33mв™»пёЏ  Application listening on port:5007[39m
{Sun Mar 29 2026 18:30:00} [APP рџљЂ] info: Deleted 0 unverified accounts.
{Sun Mar 29 2026 18:31:00} [APP рџљЂ] info: Deleted 0 unverified accounts.
{Sun Mar 29 2026 18:31:13} [APP рџљЂ] info: [32mрџљЂ Database connected successfully[39m
{Sun Mar 29 2026 18:31:13} [APP рџљЂ] info: [33mвњ… Admin account already exists![39m
{Sun Mar 29 2026 18:31:13} [APP рџљЂ] info: Unverified account cleanup job scheduled to run every minute.
{Sun Mar 29 2026 18:31:13} [APP рџљЂ] info: Booking SLA job scheduled to run every 15 minutes (Threshold: 5 hours).
{Sun Mar 29 2026 18:31:13} [APP рџљЂ] info: Booking Auto-Settle job scheduled to run every hour (Threshold: 48 hours).
{Sun Mar 29 2026 18:31:13} [APP рџљЂ] info: [32mрџҚЃ Server connected successfully[39m
{Sun Mar 29 2026 18:31:13} [APP рџљЂ] info: [33mв™»пёЏ  Application listening on port:5007[39m
{Sun Mar 29 2026 18:31:26} [APP рџљЂ] info: [32mрџљЂ Database connected successfully[39m
{Sun Mar 29 2026 18:31:26} [APP рџљЂ] info: [33mвњ… Admin account already exists![39m
{Sun Mar 29 2026 18:31:26} [APP рџљЂ] info: Unverified account cleanup job scheduled to run every minute.
{Sun Mar 29 2026 18:31:26} [APP рџљЂ] info: Booking SLA job scheduled to run every 15 minutes (Threshold: 5 hours).
{Sun Mar 29 2026 18:31:26} [APP рџљЂ] info: Booking Auto-Settle job scheduled to run every hour (Threshold: 48 hours).
{Sun Mar 29 2026 18:31:26} [APP рџљЂ] info: [32mрџҚЃ Server connected successfully[39m
{Sun Mar 29 2026 18:31:26} [APP рџљЂ] info: [33mв™»пёЏ  Application listening on port:5007[39m
{Sun Mar 29 2026 18:31:40} [APP рџљЂ] info: [32mрџљЂ Database connected successfully[39m
{Sun Mar 29 2026 18:31:40} [APP рџљЂ] info: [33mвњ… Admin account already exists![39m
{Sun Mar 29 2026 18:31:40} [APP рџљЂ] info: Unverified account cleanup job scheduled to run every minute.
{Sun Mar 29 2026 18:31:40} [APP рџљЂ] info: Booking SLA job scheduled to run every 15 minutes (Threshold: 5 hours).
{Sun Mar 29 2026 18:31:40} [APP рџљЂ] info: Booking Auto-Settle job scheduled to run every hour (Threshold: 48 hours).
{Sun Mar 29 2026 18:31:40} [APP рџљЂ] info: [32mрџҚЃ Server connected successfully[39m
{Sun Mar 29 2026 18:31:40} [APP рџљЂ] info: [33mв™»пёЏ  Application listening on port:5007[39m
{Sun Mar 29 2026 18:32:00} [APP рџљЂ] info: Deleted 0 unverified accounts.
{Sun Mar 29 2026 18:33:00} [APP рџљЂ] info: Deleted 0 unverified accounts.
{Sun Mar 29 2026 18:34:00} [APP рџљЂ] info: Deleted 0 unverified accounts.
{Sun Mar 29 2026 18:35:00} [APP рџљЂ] info: Deleted 0 unverified accounts.
{Sun Mar 29 2026 18:36:00} [APP рџљЂ] info: Deleted 0 unverified accounts.
{Sun Mar 29 2026 18:37:00} [APP рџљЂ] info: Deleted 0 unverified accounts.
{Sun Mar 29 2026 18:38:00} [APP рџљЂ] info: Deleted 0 unverified accounts.
{Sun Mar 29 2026 18:39:00} [APP рџљЂ] info: Deleted 0 unverified accounts.
{Sun Mar 29 2026 18:40:00} [APP рџљЂ] info: Deleted 0 unverified accounts.
