{Sun Mar 29 2026 17:01:53} [APP рџљЂ] info: [32mрџљЂ Database connected successfully[39m
{Sun Mar 29 2026 17:01:53} [APP рџљЂ] info: [33mвњ… Admin account already exists![39m
{Sun Mar 29 2026 17:01:53} [APP рџљЂ] info: Unverified account cleanup job scheduled to run every minute.
{Sun Mar 29 2026 17:01:53} [APP рџљЂ] info: Booking SLA job scheduled to run every 15 minutes (Threshold: 5 hours).
{Sun Mar 29 2026 17:01:53} [APP рџљЂ] info: Booking Auto-Settle job scheduled to run every hour (Threshold: 48 hours).
{Sun Mar 29 2026 17:01:53} [APP рџљЂ] info: [32mрџЌЃ Server connected successfully[39m
{Sun Mar 29 2026 17:01:53} [APP рџљЂ] info: [33mв™»пёЏ  Application listening on port:5007[39m
{Sun Mar 29 2026 17:02:00} [APP рџљЂ] info: Deleted 0 unverified accounts.
{Sun Mar 29 2026 17:03:51} [APP рџљЂ] info: [32mрџљЂ Database connected successfully[39m
{Sun Mar 29 2026 17:03:51} [APP рџљЂ] info: [33mвњ… Admin account already exists![39m
{Sun Mar 29 2026 17:03:51} [APP рџљЂ] info: Unverified account cleanup job scheduled to run every minute.
{Sun Mar 29 2026 17:03:51} [APP рџљЂ] info: Booking SLA job scheduled to run every 15 minutes (Threshold: 5 hours).
{Sun Mar 29 2026 17:03:51} [APP рџљЂ] info: Booking Auto-Settle job scheduled to run every hour (Threshold: 48 hours).
{Sun Mar 29 2026 17:03:51} [APP рџљЂ] info: [32mрџЌЃ Server connected successfully[39m
{Sun Mar 29 2026 17:03:51} [APP рџљЂ] info: [33mв™»пёЏ  Application listening on port:5007[39m
{Sun Mar 29 2026 17:04:00} [APP рџљЂ] info: Deleted 0 unverified accounts.
{Sun Mar 29 2026 17:04:08} [APP рџљЂ] info: [32mрџљЂ Database connected successfully[39m
{Sun Mar 29 2026 17:04:09} [APP рџљЂ] info: [33mвњ… Admin account already exists![39m
{Sun Mar 29 2026 17:04:09} [APP рџљЂ] info: Unverified account cleanup job scheduled to run every minute.
{Sun Mar 29 2026 17:04:09} [APP рџљЂ] info: Booking SLA job scheduled to run every 15 minutes (Threshold: 5 hours).
{Sun Mar 29 2026 17:04:09} [APP рџљЂ] info: Booking Auto-Settle job scheduled to run every hour (Threshold: 48 hours).
{Sun Mar 29 2026 17:04:09} [APP рџљЂ] info: [32mрџЌЃ Server connected successfully[39m
{Sun Mar 29 2026 17:04:09} [APP рџљЂ] info: [33mв™»пёЏ  Application listening on port:5007[39m
{Sun Mar 29 2026 17:04:22} [APP рџљЂ] info: [32mрџљЂ Database connected successfully[39m
{Sun Mar 29 2026 17:04:22} [APP рџљЂ] info: [33mвњ… Admin account already exists![39m
{Sun Mar 29 2026 17:04:22} [APP рџљЂ] info: Unverified account cleanup job scheduled to run every minute.
{Sun Mar 29 2026 17:04:22} [APP рџљЂ] info: Booking SLA job scheduled to run every 15 minutes (Threshold: 5 hours).
{Sun Mar 29 2026 17:04:22} [APP рџљЂ] info: Booking Auto-Settle job scheduled to run every hour (Threshold: 48 hours).
{Sun Mar 29 2026 17:04:22} [APP рџљЂ] info: [32mрџЌЃ Server connected successfully[39m
{Sun Mar 29 2026 17:04:22} [APP рџљЂ] info: [33mв™»пёЏ  Application listening on port:5007[39m
{Sun Mar 29 2026 17:04:33} [APP рџљЂ] info: [32mрџљЂ Database connected successfully[39m
{Sun Mar 29 2026 17:04:33} [APP рџљЂ] info: [33mвњ… Admin account already exists![39m
{Sun Mar 29 2026 17:04:33} [APP рџљЂ] info: Unverified account cleanup job scheduled to run every minute.
{Sun Mar 29 2026 17:04:33} [APP рџљЂ] info: Booking SLA job scheduled to run every 15 minutes (Threshold: 5 hours).
{Sun Mar 29 2026 17:04:33} [APP рџљЂ] info: Booking Auto-Settle job scheduled to run every hour (Threshold: 48 hours).
{Sun Mar 29 2026 17:04:33} [APP рџљЂ] info: [32mрџЌЃ Server connected successfully[39m
{Sun Mar 29 2026 17:04:33} [APP рџљЂ] info: [33mв™»пёЏ  Application listening on port:5007[39m
{Sun Mar 29 2026 17:05:00} [APP рџљЂ] info: Deleted 0 unverified accounts.
{Sun Mar 29 2026 17:06:00} [APP рџљЂ] info: Deleted 0 unverified accounts.
{Sun Mar 29 2026 17:06:37} [APP рџљЂ] info: [32mрџљЂ Database connected successfully[39m
{Sun Mar 29 2026 17:06:37} [APP рџљЂ] info: [33mвњ… Admin account already exists![39m
{Sun Mar 29 2026 17:06:37} [APP рџљЂ] info: Unverified account cleanup job scheduled to run every minute.
{Sun Mar 29 2026 17:06:37} [APP рџљЂ] info: Booking SLA job scheduled to run every 15 minutes (Threshold: 5 hours).
{Sun Mar 29 2026 17:06:37} [APP рџљЂ] info: Booking Auto-Settle job scheduled to run every hour (Threshold: 48 hours).
{Sun Mar 29 2026 17:06:37} [APP рџљЂ] info: [32mрџЌЃ Server connected successfully[39m
{Sun Mar 29 2026 17:06:37} [APP рџљЂ] info: [33mв™»пёЏ  Application listening on port:5007[39m
{Sun Mar 29 2026 17:06:51} [APP рџљЂ] info: [32mрџљЂ Database connected successfully[39m
{Sun Mar 29 2026 17:06:51} [APP рџљЂ] info: [33mвњ… Admin account already exists![39m
{Sun Mar 29 2026 17:06:51} [APP рџљЂ] info: Unverified account cleanup job scheduled to run every minute.
{Sun Mar 29 2026 17:06:51} [APP рџљЂ] info: Booking SLA job scheduled to run every 15 minutes (Threshold: 5 hours).
{Sun Mar 29 2026 17:06:51} [APP рџљЂ] info: Booking Auto-Settle job scheduled to run every hour (Threshold: 48 hours).
{Sun Mar 29 2026 17:06:51} [APP рџљЂ] info: [32mрџЌЃ Server connected successfully[39m
{Sun Mar 29 2026 17:06:51} [APP рџљЂ] info: [33mв™»пёЏ  Application listening on port:5007[39m
{Sun Mar 29 2026 17:07:00} [APP рџљЂ] info: Deleted 0 unverified accounts.
{Sun Mar 29 2026 17:08:00} [APP рџљЂ] info: Deleted 0 unverified accounts.
{Sun Mar 29 2026 17:09:00} [APP рџљЂ] info: Deleted 0 unverified accounts.
{Sun Mar 29 2026 17:10:00} [APP рџљЂ] info: Deleted 0 unverified accounts.
{Sun Mar 29 2026 17:11:00} [APP рџљЂ] info: Deleted 0 unverified accounts.
{Sun Mar 29 2026 17:11:09} [APP рџљЂ] info: [32mрџљЂ Database connected successfully[39m
{Sun Mar 29 2026 17:11:09} [APP рџљЂ] info: [33mвњ… Admin account already exists![39m
{Sun Mar 29 2026 17:11:09} [APP рџљЂ] info: Unverified account cleanup job scheduled to run every minute.
{Sun Mar 29 2026 17:11:09} [APP рџљЂ] info: Booking SLA job scheduled to run every 15 minutes (Threshold: 5 hours).
{Sun Mar 29 2026 17:11:09} [APP рџљЂ] info: Booking Auto-Settle job scheduled to run every hour (Threshold: 48 hours).
{Sun Mar 29 2026 17:11:09} [APP рџљЂ] info: [32mрџЌЃ Server connected successfully[39m
{Sun Mar 29 2026 17:11:09} [APP рџљЂ] info: [33mв™»пёЏ  Application listening on port:5007[39m
{Sun Mar 29 2026 17:12:00} [APP рџљЂ] info: Deleted 0 unverified accounts.
{Sun Mar 29 2026 17:13:00} [APP рџљЂ] info: Deleted 0 unverified accounts.
{Sun Mar 29 2026 17:14:00} [APP рџљЂ] info: Deleted 0 unverified accounts.
{Sun Mar 29 2026 17:15:00} [APP рџљЂ] info: Deleted 0 unverified accounts.
{Sun Mar 29 2026 17:15:10} [APP рџљЂ] info: [32mрџљЂ Database connected successfully[39m
{Sun Mar 29 2026 17:15:10} [APP рџљЂ] info: [33mвњ… Admin account already exists![39m
{Sun Mar 29 2026 17:15:10} [APP рџљЂ] info: Unverified account cleanup job scheduled to run every minute.
{Sun Mar 29 2026 17:15:10} [APP рџљЂ] info: Booking SLA job scheduled to run every 15 minutes (Threshold: 5 hours).
{Sun Mar 29 2026 17:15:10} [APP рџљЂ] info: Booking Auto-Settle job scheduled to run every hour (Threshold: 48 hours).
{Sun Mar 29 2026 17:15:10} [APP рџљЂ] info: [32mрџЌЃ Server connected successfully[39m
{Sun Mar 29 2026 17:15:10} [APP рџљЂ] info: [33mв™»пёЏ  Application listening on port:5007[39m
