{Sat Mar 28 2026 11:00:00} [APP рџљЂ] info: Deleted 0 unverified accounts.
{Sat Mar 28 2026 11:01:00} [APP рџљЂ] info: Deleted 0 unverified accounts.
{Sat Mar 28 2026 11:02:00} [APP рџљЂ] info: Deleted 0 unverified accounts.
{Sat Mar 28 2026 11:03:00} [APP рџљЂ] info: Deleted 0 unverified accounts.
{Sat Mar 28 2026 11:03:20} [APP рџљЂ] info: ::ffff:10.10.7.50 - GET /api/v1/payment/wallet 200 - 218.590 ms
{Sat Mar 28 2026 11:04:00} [APP рџљЂ] info: Deleted 0 unverified accounts.
{Sat Mar 28 2026 11:05:00} [APP рџљЂ] info: Deleted 0 unverified accounts.
{Sat Mar 28 2026 11:06:00} [APP рџљЂ] info: Deleted 0 unverified accounts.
{Sat Mar 28 2026 11:07:00} [APP рџљЂ] info: Deleted 0 unverified accounts.
{Sat Mar 28 2026 11:08:00} [APP рџљЂ] info: Deleted 0 unverified accounts.
{Sat Mar 28 2026 11:09:00} [APP рџљЂ] info: Deleted 0 unverified accounts.
{Sat Mar 28 2026 11:10:00} [APP рџљЂ] info: Deleted 0 unverified accounts.
{Sat Mar 28 2026 11:11:00} [APP рџљЂ] info: Deleted 0 unverified accounts.
{Sat Mar 28 2026 11:12:00} [APP рџљЂ] info: Deleted 0 unverified accounts.
{Sat Mar 28 2026 11:13:00} [APP рџљЂ] info: Deleted 0 unverified accounts.
{Sat Mar 28 2026 11:14:00} [APP рџљЂ] info: Deleted 0 unverified accounts.
{Sat Mar 28 2026 11:15:00} [APP рџљЂ] info: Deleted 0 unverified accounts.
{Sat Mar 28 2026 11:16:00} [APP рџљЂ] info: Deleted 0 unverified accounts.
{Sat Mar 28 2026 11:17:00} [APP рџљЂ] info: Deleted 0 unverified accounts.
{Sat Mar 28 2026 11:18:00} [APP рџљЂ] info: Deleted 0 unverified accounts.
{Sat Mar 28 2026 11:19:00} [APP рџљЂ] info: Deleted 0 unverified accounts.
{Sat Mar 28 2026 11:20:00} [APP рџљЂ] info: Deleted 0 unverified accounts.
{Sat Mar 28 2026 11:21:00} [APP рџљЂ] info: Deleted 0 unverified accounts.
{Sat Mar 28 2026 11:22:00} [APP рџљЂ] info: Deleted 0 unverified accounts.
{Sat Mar 28 2026 11:23:00} [APP рџљЂ] info: Deleted 0 unverified accounts.
{Sat Mar 28 2026 11:24:00} [APP рџљЂ] info: Deleted 0 unverified accounts.
{Sat Mar 28 2026 11:25:00} [APP рџљЂ] info: Deleted 0 unverified accounts.
{Sat Mar 28 2026 11:26:00} [APP рџљЂ] info: Deleted 0 unverified accounts.
{Sat Mar 28 2026 11:27:00} [APP рџљЂ] info: Deleted 0 unverified accounts.
{Sat Mar 28 2026 11:27:17} [APP рџљЂ] info: [32mрџљЂ Database connected successfully[39m
{Sat Mar 28 2026 11:27:17} [APP рџљЂ] info: [33mвњ… Admin account already exists![39m
{Sat Mar 28 2026 11:27:17} [APP рџљЂ] info: Unverified account cleanup job scheduled to run every minute.
{Sat Mar 28 2026 11:27:17} [APP рџљЂ] info: Booking SLA job scheduled to run every 15 minutes (Threshold: 5 hours).
{Sat Mar 28 2026 11:27:17} [APP рџљЂ] info: Booking Auto-Settle job scheduled to run every hour (Threshold: 48 hours).
{Sat Mar 28 2026 11:27:17} [APP рџљЂ] info: [32mрџЌЃ Server connected successfully[39m
{Sat Mar 28 2026 11:27:17} [APP рџљЂ] info: [33mв™»пёЏ  Application listening on port:5007[39m
{Sat Mar 28 2026 11:27:21} [APP рџљЂ] info: [32mрџљЂ Database connected successfully[39m
{Sat Mar 28 2026 11:27:21} [APP рџљЂ] info: [33mвњ… Admin account already exists![39m
{Sat Mar 28 2026 11:27:21} [APP рџљЂ] info: Unverified account cleanup job scheduled to run every minute.
{Sat Mar 28 2026 11:27:21} [APP рџљЂ] info: Booking SLA job scheduled to run every 15 minutes (Threshold: 5 hours).
{Sat Mar 28 2026 11:27:21} [APP рџљЂ] info: Booking Auto-Settle job scheduled to run every hour (Threshold: 48 hours).
{Sat Mar 28 2026 11:27:21} [APP рџљЂ] info: [32mрџЌЃ Server connected successfully[39m
{Sat Mar 28 2026 11:27:21} [APP рџљЂ] info: [33mв™»пёЏ  Application listening on port:5007[39m
{Sat Mar 28 2026 11:27:24} [APP рџљЂ] info: [32mрџљЂ Database connected successfully[39m
{Sat Mar 28 2026 11:27:24} [APP рџљЂ] info: [33mвњ… Admin account already exists![39m
{Sat Mar 28 2026 11:27:24} [APP рџљЂ] info: Unverified account cleanup job scheduled to run every minute.
{Sat Mar 28 2026 11:27:24} [APP рџљЂ] info: Booking SLA job scheduled to run every 15 minutes (Threshold: 5 hours).
{Sat Mar 28 2026 11:27:24} [APP рџљЂ] info: Booking Auto-Settle job scheduled to run every hour (Threshold: 48 hours).
{Sat Mar 28 2026 11:27:24} [APP рџљЂ] info: [32mрџЌЃ Server connected successfully[39m
{Sat Mar 28 2026 11:27:24} [APP рџљЂ] info: [33mв™»пёЏ  Application listening on port:5007[39m
{Sat Mar 28 2026 11:27:26} [APP рџљЂ] info: [32mрџљЂ Database connected successfully[39m
{Sat Mar 28 2026 11:27:26} [APP рџљЂ] info: [33mвњ… Admin account already exists![39m
{Sat Mar 28 2026 11:27:26} [APP рџљЂ] info: Unverified account cleanup job scheduled to run every minute.
{Sat Mar 28 2026 11:27:26} [APP рџљЂ] info: Booking SLA job scheduled to run every 15 minutes (Threshold: 5 hours).
{Sat Mar 28 2026 11:27:26} [APP рџљЂ] info: Booking Auto-Settle job scheduled to run every hour (Threshold: 48 hours).
{Sat Mar 28 2026 11:27:26} [APP рџљЂ] info: [32mрџЌЃ Server connected successfully[39m
{Sat Mar 28 2026 11:27:26} [APP рџљЂ] info: [33mв™»пёЏ  Application listening on port:5007[39m
{Sat Mar 28 2026 11:27:29} [APP рџљЂ] info: [32mрџљЂ Database connected successfully[39m
{Sat Mar 28 2026 11:27:29} [APP рџљЂ] info: [33mвњ… Admin account already exists![39m
{Sat Mar 28 2026 11:27:29} [APP рџљЂ] info: Unverified account cleanup job scheduled to run every minute.
{Sat Mar 28 2026 11:27:29} [APP рџљЂ] info: Booking SLA job scheduled to run every 15 minutes (Threshold: 5 hours).
{Sat Mar 28 2026 11:27:29} [APP рџљЂ] info: Booking Auto-Settle job scheduled to run every hour (Threshold: 48 hours).
{Sat Mar 28 2026 11:27:29} [APP рџљЂ] info: [32mрџЌЃ Server connected successfully[39m
{Sat Mar 28 2026 11:27:29} [APP рџљЂ] info: [33mв™»пёЏ  Application listening on port:5007[39m
{Sat Mar 28 2026 11:27:34} [APP рџљЂ] info: [32mрџљЂ Database connected successfully[39m
{Sat Mar 28 2026 11:27:34} [APP рџљЂ] info: [33mвњ… Admin account already exists![39m
{Sat Mar 28 2026 11:27:34} [APP рџљЂ] info: Unverified account cleanup job scheduled to run every minute.
{Sat Mar 28 2026 11:27:34} [APP рџљЂ] info: Booking SLA job scheduled to run every 15 minutes (Threshold: 5 hours).
{Sat Mar 28 2026 11:27:34} [APP рџљЂ] info: Booking Auto-Settle job scheduled to run every hour (Threshold: 48 hours).
{Sat Mar 28 2026 11:27:34} [APP рџљЂ] info: [32mрџЌЃ Server connected successfully[39m
{Sat Mar 28 2026 11:27:34} [APP рџљЂ] info: [33mв™»пёЏ  Application listening on port:5007[39m
{Sat Mar 28 2026 11:27:36} [APP рџљЂ] info: [32mрџљЂ Database connected successfully[39m
{Sat Mar 28 2026 11:27:36} [APP рџљЂ] info: [33mвњ… Admin account already exists![39m
{Sat Mar 28 2026 11:27:36} [APP рџљЂ] info: Unverified account cleanup job scheduled to run every minute.
{Sat Mar 28 2026 11:27:36} [APP рџљЂ] info: Booking SLA job scheduled to run every 15 minutes (Threshold: 5 hours).
{Sat Mar 28 2026 11:27:36} [APP рџљЂ] info: Booking Auto-Settle job scheduled to run every hour (Threshold: 48 hours).
{Sat Mar 28 2026 11:27:36} [APP рџљЂ] info: [32mрџЌЃ Server connected successfully[39m
{Sat Mar 28 2026 11:27:36} [APP рџљЂ] info: [33mв™»пёЏ  Application listening on port:5007[39m
{Sat Mar 28 2026 11:27:40} [APP рџљЂ] info: [32mрџљЂ Database connected successfully[39m
{Sat Mar 28 2026 11:27:40} [APP рџљЂ] info: [33mвњ… Admin account already exists![39m
{Sat Mar 28 2026 11:27:40} [APP рџљЂ] info: Unverified account cleanup job scheduled to run every minute.
{Sat Mar 28 2026 11:27:40} [APP рџљЂ] info: Booking SLA job scheduled to run every 15 minutes (Threshold: 5 hours).
{Sat Mar 28 2026 11:27:40} [APP рџљЂ] info: Booking Auto-Settle job scheduled to run every hour (Threshold: 48 hours).
{Sat Mar 28 2026 11:27:40} [APP рџљЂ] info: [32mрџЌЃ Server connected successfully[39m
{Sat Mar 28 2026 11:27:40} [APP рџљЂ] info: [33mв™»пёЏ  Application listening on port:5007[39m
{Sat Mar 28 2026 11:27:44} [APP рџљЂ] info: [32mрџљЂ Database connected successfully[39m
{Sat Mar 28 2026 11:27:44} [APP рџљЂ] info: [33mвњ… Admin account already exists![39m
{Sat Mar 28 2026 11:27:44} [APP рџљЂ] info: Unverified account cleanup job scheduled to run every minute.
{Sat Mar 28 2026 11:27:44} [APP рџљЂ] info: Booking SLA job scheduled to run every 15 minutes (Threshold: 5 hours).
{Sat Mar 28 2026 11:27:44} [APP рџљЂ] info: Booking Auto-Settle job scheduled to run every hour (Threshold: 48 hours).
{Sat Mar 28 2026 11:27:44} [APP рџљЂ] info: [32mрџЌЃ Server connected successfully[39m
{Sat Mar 28 2026 11:27:44} [APP рџљЂ] info: [33mв™»пёЏ  Application listening on port:5007[39m
{Sat Mar 28 2026 11:27:48} [APP рџљЂ] info: [32mрџљЂ Database connected successfully[39m
{Sat Mar 28 2026 11:27:48} [APP рџљЂ] info: [33mвњ… Admin account already exists![39m
{Sat Mar 28 2026 11:27:48} [APP рџљЂ] info: Unverified account cleanup job scheduled to run every minute.
{Sat Mar 28 2026 11:27:48} [APP рџљЂ] info: Booking SLA job scheduled to run every 15 minutes (Threshold: 5 hours).
{Sat Mar 28 2026 11:27:48} [APP рџљЂ] info: Booking Auto-Settle job scheduled to run every hour (Threshold: 48 hours).
{Sat Mar 28 2026 11:27:48} [APP рџљЂ] info: [32mрџЌЃ Server connected successfully[39m
{Sat Mar 28 2026 11:27:48} [APP рџљЂ] info: [33mв™»пёЏ  Application listening on port:5007[39m
{Sat Mar 28 2026 11:27:50} [APP рџљЂ] info: [32mрџљЂ Database connected successfully[39m
{Sat Mar 28 2026 11:27:50} [APP рџљЂ] info: [33mвњ… Admin account already exists![39m
{Sat Mar 28 2026 11:27:50} [APP рџљЂ] info: Unverified account cleanup job scheduled to run every minute.
{Sat Mar 28 2026 11:27:50} [APP рџљЂ] info: Booking SLA job scheduled to run every 15 minutes (Threshold: 5 hours).
{Sat Mar 28 2026 11:27:50} [APP рџљЂ] info: Booking Auto-Settle job scheduled to run every hour (Threshold: 48 hours).
{Sat Mar 28 2026 11:27:50} [APP рџљЂ] info: [32mрџЌЃ Server connected successfully[39m
{Sat Mar 28 2026 11:27:50} [APP рџљЂ] info: [33mв™»пёЏ  Application listening on port:5007[39m
{Sat Mar 28 2026 11:27:58} [APP рџљЂ] info: [32mрџљЂ Database connected successfully[39m
{Sat Mar 28 2026 11:27:58} [APP рџљЂ] info: [33mвњ… Admin account already exists![39m
{Sat Mar 28 2026 11:27:58} [APP рџљЂ] info: Unverified account cleanup job scheduled to run every minute.
{Sat Mar 28 2026 11:27:58} [APP рџљЂ] info: Booking SLA job scheduled to run every 15 minutes (Threshold: 5 hours).
{Sat Mar 28 2026 11:27:58} [APP рџљЂ] info: Booking Auto-Settle job scheduled to run every hour (Threshold: 48 hours).
{Sat Mar 28 2026 11:27:58} [APP рџљЂ] info: [32mрџЌЃ Server connected successfully[39m
{Sat Mar 28 2026 11:27:58} [APP рџљЂ] info: [33mв™»пёЏ  Application listening on port:5007[39m
{Sat Mar 28 2026 11:28:00} [APP рџљЂ] info: [32mрџљЂ Database connected successfully[39m
{Sat Mar 28 2026 11:28:00} [APP рџљЂ] info: [33mвњ… Admin account already exists![39m
{Sat Mar 28 2026 11:28:00} [APP рџљЂ] info: Unverified account cleanup job scheduled to run every minute.
{Sat Mar 28 2026 11:28:00} [APP рџљЂ] info: Booking SLA job scheduled to run every 15 minutes (Threshold: 5 hours).
{Sat Mar 28 2026 11:28:00} [APP рџљЂ] info: Booking Auto-Settle job scheduled to run every hour (Threshold: 48 hours).
{Sat Mar 28 2026 11:28:00} [APP рџљЂ] info: [32mрџЌЃ Server connected successfully[39m
{Sat Mar 28 2026 11:28:00} [APP рџљЂ] info: [33mв™»пёЏ  Application listening on port:5007[39m
{Sat Mar 28 2026 11:28:00} [APP рџљЂ] info: Deleted 0 unverified accounts.
{Sat Mar 28 2026 11:28:02} [APP рџљЂ] info: [32mрџљЂ Database connected successfully[39m
{Sat Mar 28 2026 11:28:02} [APP рџљЂ] info: [33mвњ… Admin account already exists![39m
{Sat Mar 28 2026 11:28:02} [APP рџљЂ] info: Unverified account cleanup job scheduled to run every minute.
{Sat Mar 28 2026 11:28:02} [APP рџљЂ] info: Booking SLA job scheduled to run every 15 minutes (Threshold: 5 hours).
{Sat Mar 28 2026 11:28:02} [APP рџљЂ] info: Booking Auto-Settle job scheduled to run every hour (Threshold: 48 hours).
{Sat Mar 28 2026 11:28:02} [APP рџљЂ] info: [32mрџЌЃ Server connected successfully[39m
{Sat Mar 28 2026 11:28:02} [APP рџљЂ] info: [33mв™»пёЏ  Application listening on port:5007[39m
{Sat Mar 28 2026 11:28:05} [APP рџљЂ] info: [32mрџљЂ Database connected successfully[39m
{Sat Mar 28 2026 11:28:05} [APP рџљЂ] info: [33mвњ… Admin account already exists![39m
{Sat Mar 28 2026 11:28:05} [APP рџљЂ] info: Unverified account cleanup job scheduled to run every minute.
{Sat Mar 28 2026 11:28:05} [APP рџљЂ] info: Booking SLA job scheduled to run every 15 minutes (Threshold: 5 hours).
{Sat Mar 28 2026 11:28:05} [APP рџљЂ] info: Booking Auto-Settle job scheduled to run every hour (Threshold: 48 hours).
{Sat Mar 28 2026 11:28:05} [APP рџљЂ] info: [32mрџЌЃ Server connected successfully[39m
{Sat Mar 28 2026 11:28:05} [APP рџљЂ] info: [33mв™»пёЏ  Application listening on port:5007[39m
{Sat Mar 28 2026 11:29:00} [APP рџљЂ] info: Deleted 0 unverified accounts.
{Sat Mar 28 2026 11:30:00} [APP рџљЂ] info: Deleted 0 unverified accounts.
