{Thu Mar 12 2026 13:02:21} [APP 🚀] info: [32m🚀 Database connected successfully[39m
{Thu Mar 12 2026 13:02:21} [APP 🚀] info: [33m✅ Admin account already exists![39m
{Thu Mar 12 2026 13:02:21} [APP 🚀] info: [32m🍁 Server connected successfully[39m
{Thu Mar 12 2026 13:02:21} [APP 🚀] info: [33m♻️  Application listening on port:5007[39m
{Thu Mar 12 2026 13:02:23} [APP 🚀] info: [32m🚀 Database connected successfully[39m
{Thu Mar 12 2026 13:02:23} [APP 🚀] info: [33m✅ Admin account already exists![39m
{Thu Mar 12 2026 13:02:23} [APP 🚀] info: [32m🍁 Server connected successfully[39m
{Thu Mar 12 2026 13:02:23} [APP 🚀] info: [33m♻️  Application listening on port:5007[39m
{Thu Mar 12 2026 13:03:17} [APP 🚀] info: [32m🚀 Database connected successfully[39m
{Thu Mar 12 2026 13:03:17} [APP 🚀] info: [33m✅ Admin account already exists![39m
{Thu Mar 12 2026 13:03:17} [APP 🚀] info: [32m🍁 Server connected successfully[39m
{Thu Mar 12 2026 13:03:17} [APP 🚀] info: [33m♻️  Application listening on port:5007[39m
{Thu Mar 12 2026 13:50:36} [APP 🚀] info: [32m🚀 Database connected successfully[39m
{Thu Mar 12 2026 13:50:36} [APP 🚀] info: [33m✅ Admin account already exists![39m
{Thu Mar 12 2026 13:50:36} [APP 🚀] info: [32m🍁 Server connected successfully[39m
{Thu Mar 12 2026 13:50:36} [APP 🚀] info: [33m♻️  Application listening on port:5007[39m
{Thu Mar 12 2026 13:50:39} [APP 🚀] info: [32m🚀 Database connected successfully[39m
{Thu Mar 12 2026 13:50:39} [APP 🚀] info: [33m✅ Admin account already exists![39m
{Thu Mar 12 2026 13:50:39} [APP 🚀] info: [32m🍁 Server connected successfully[39m
{Thu Mar 12 2026 13:50:39} [APP 🚀] info: [33m♻️  Application listening on port:5007[39m
{Thu Mar 12 2026 13:50:41} [APP 🚀] info: [32m🚀 Database connected successfully[39m
{Thu Mar 12 2026 13:50:41} [APP 🚀] info: [33m✅ Admin account already exists![39m
{Thu Mar 12 2026 13:50:41} [APP 🚀] info: [32m🍁 Server connected successfully[39m
{Thu Mar 12 2026 13:50:41} [APP 🚀] info: [33m♻️  Application listening on port:5007[39m
{Thu Mar 12 2026 13:51:47} [APP 🚀] info: [32m🚀 Database connected successfully[39m
{Thu Mar 12 2026 13:51:47} [APP 🚀] info: [33m✅ Admin account already exists![39m
{Thu Mar 12 2026 13:51:47} [APP 🚀] info: [32m🍁 Server connected successfully[39m
{Thu Mar 12 2026 13:51:47} [APP 🚀] info: [33m♻️  Application listening on port:5007[39m
{Thu Mar 12 2026 13:51:49} [APP 🚀] info: [32m🚀 Database connected successfully[39m
{Thu Mar 12 2026 13:51:49} [APP 🚀] info: [33m✅ Admin account already exists![39m
{Thu Mar 12 2026 13:51:49} [APP 🚀] info: [32m🍁 Server connected successfully[39m
{Thu Mar 12 2026 13:51:49} [APP 🚀] info: [33m♻️  Application listening on port:5007[39m
{Thu Mar 12 2026 13:52:10} [APP 🚀] info: [32m🚀 Database connected successfully[39m
{Thu Mar 12 2026 13:52:10} [APP 🚀] info: [33m✅ Admin account already exists![39m
{Thu Mar 12 2026 13:52:10} [APP 🚀] info: [32m🍁 Server connected successfully[39m
{Thu Mar 12 2026 13:52:10} [APP 🚀] info: [33m♻️  Application listening on port:5007[39m
{Thu Mar 12 2026 13:52:14} [APP 🚀] info: [32m🚀 Database connected successfully[39m
{Thu Mar 12 2026 13:52:14} [APP 🚀] info: [33m✅ Admin account already exists![39m
{Thu Mar 12 2026 13:52:14} [APP 🚀] info: [32m🍁 Server connected successfully[39m
{Thu Mar 12 2026 13:52:14} [APP 🚀] info: [33m♻️  Application listening on port:5007[39m
{Thu Mar 12 2026 13:52:16} [APP 🚀] info: [32m🚀 Database connected successfully[39m
{Thu Mar 12 2026 13:52:16} [APP 🚀] info: [33m✅ Admin account already exists![39m
{Thu Mar 12 2026 13:52:16} [APP 🚀] info: [32m🍁 Server connected successfully[39m
{Thu Mar 12 2026 13:52:16} [APP 🚀] info: [33m♻️  Application listening on port:5007[39m
{Thu Mar 12 2026 13:53:01} [APP 🚀] info: [32m🚀 Database connected successfully[39m
{Thu Mar 12 2026 13:53:01} [APP 🚀] info: [33m✅ Admin account already exists![39m
{Thu Mar 12 2026 13:53:01} [APP 🚀] info: [32m🍁 Server connected successfully[39m
{Thu Mar 12 2026 13:53:01} [APP 🚀] info: [33m♻️  Application listening on port:5007[39m
{Thu Mar 12 2026 13:53:03} [APP 🚀] info: [32m🚀 Database connected successfully[39m
{Thu Mar 12 2026 13:53:03} [APP 🚀] info: [33m✅ Admin account already exists![39m
{Thu Mar 12 2026 13:53:03} [APP 🚀] info: [32m🍁 Server connected successfully[39m
{Thu Mar 12 2026 13:53:03} [APP 🚀] info: [33m♻️  Application listening on port:5007[39m
{Thu Mar 12 2026 13:55:11} [APP 🚀] info: ::ffff:10.10.7.50 - GET /api/v1/client/book?page=1&limit=10 200 - 74.966 ms
{Thu Mar 12 2026 13:58:27} [APP 🚀] info: [32m🚀 Database connected successfully[39m
{Thu Mar 12 2026 13:58:27} [APP 🚀] info: [33m✅ Admin account already exists![39m
{Thu Mar 12 2026 13:58:27} [APP 🚀] info: [32m🍁 Server connected successfully[39m
{Thu Mar 12 2026 13:58:27} [APP 🚀] info: [33m♻️  Application listening on port:5007[39m
{Thu Mar 12 2026 13:58:38} [APP 🚀] info: [32m🚀 Database connected successfully[39m
{Thu Mar 12 2026 13:58:38} [APP 🚀] info: [33m✅ Admin account already exists![39m
{Thu Mar 12 2026 13:58:38} [APP 🚀] info: [32m🍁 Server connected successfully[39m
{Thu Mar 12 2026 13:58:38} [APP 🚀] info: [33m♻️  Application listening on port:5007[39m
{Thu Mar 12 2026 13:58:44} [APP 🚀] info: [32m🚀 Database connected successfully[39m
{Thu Mar 12 2026 13:58:44} [APP 🚀] info: [33m✅ Admin account already exists![39m
{Thu Mar 12 2026 13:58:44} [APP 🚀] info: [32m🍁 Server connected successfully[39m
{Thu Mar 12 2026 13:58:44} [APP 🚀] info: [33m♻️  Application listening on port:5007[39m
{Thu Mar 12 2026 13:58:55} [APP 🚀] info: [32m🚀 Database connected successfully[39m
{Thu Mar 12 2026 13:58:55} [APP 🚀] info: [33m✅ Admin account already exists![39m
{Thu Mar 12 2026 13:58:55} [APP 🚀] info: [32m🍁 Server connected successfully[39m
{Thu Mar 12 2026 13:58:55} [APP 🚀] info: [33m♻️  Application listening on port:5007[39m
{Thu Mar 12 2026 13:58:56} [APP 🚀] info: [32m🚀 Database connected successfully[39m
{Thu Mar 12 2026 13:58:56} [APP 🚀] info: [33m✅ Admin account already exists![39m
{Thu Mar 12 2026 13:58:56} [APP 🚀] info: [32m🍁 Server connected successfully[39m
{Thu Mar 12 2026 13:58:56} [APP 🚀] info: [33m♻️  Application listening on port:5007[39m
{Thu Mar 12 2026 13:58:58} [APP 🚀] info: [32m🚀 Database connected successfully[39m
{Thu Mar 12 2026 13:58:58} [APP 🚀] info: [33m✅ Admin account already exists![39m
{Thu Mar 12 2026 13:58:58} [APP 🚀] info: [32m🍁 Server connected successfully[39m
{Thu Mar 12 2026 13:58:58} [APP 🚀] info: [33m♻️  Application listening on port:5007[39m
{Thu Mar 12 2026 13:59:02} [APP 🚀] info: ::ffff:10.10.7.50 - POST /api/v1/support 200 - 131.773 ms
{Thu Mar 12 2026 13:59:16} [APP 🚀] info: ::ffff:10.10.7.50 - GET /api/v1/support?page=1&limit=10 200 - 15.788 ms
