{Tue Apr 07 2026 15:00:00} [APP 🚀] info: Deleted 0 unverified accounts.
{Tue Apr 07 2026 15:01:00} [APP 🚀] info: Deleted 0 unverified accounts.
{Tue Apr 07 2026 15:02:00} [APP 🚀] info: Deleted 0 unverified accounts.
{Tue Apr 07 2026 15:03:00} [APP 🚀] info: Deleted 0 unverified accounts.
{Tue Apr 07 2026 15:04:00} [APP 🚀] info: Deleted 0 unverified accounts.
{Tue Apr 07 2026 15:04:56} [APP 🚀] info: ::ffff:10.10.7.94 - PATCH /api/v1/user/update-provider-profile 200 - 15.309 ms
{Tue Apr 07 2026 15:05:00} [APP 🚀] info: Deleted 0 unverified accounts.
{Tue Apr 07 2026 15:05:05} [APP 🚀] info: ::ffff:10.10.7.94 - POST /api/v1/bookings/create 200 - 1440.142 ms
{Tue Apr 07 2026 15:05:41} [APP 🚀] info: ::ffff:10.10.7.94 - GET /api/v1/bookings 200 - 12.290 ms
{Tue Apr 07 2026 15:06:00} [APP 🚀] info: Deleted 0 unverified accounts.
{Tue Apr 07 2026 15:07:00} [APP 🚀] info: Deleted 0 unverified accounts.
{Tue Apr 07 2026 15:07:03} [APP 🚀] info: ::ffff:10.10.7.94 - GET /api/v1/payment/history?page=1&limit=10 200 - 6.528 ms
{Tue Apr 07 2026 15:08:00} [APP 🚀] info: Deleted 0 unverified accounts.
{Tue Apr 07 2026 15:09:00} [APP 🚀] info: Deleted 0 unverified accounts.
{Tue Apr 07 2026 15:09:24} [APP 🚀] info: ::1 - POST /api/v1/webhook 200 - 2.737 ms
{Tue Apr 07 2026 15:10:00} [APP 🚀] info: Deleted 0 unverified accounts.
{Tue Apr 07 2026 15:11:00} [APP 🚀] info: Deleted 0 unverified accounts.
{Tue Apr 07 2026 15:12:00} [APP 🚀] info: Deleted 0 unverified accounts.
{Tue Apr 07 2026 15:13:00} [APP 🚀] info: Deleted 0 unverified accounts.
{Tue Apr 07 2026 15:13:35} [APP 🚀] info: [32m🚀 Database connected successfully[39m
{Tue Apr 07 2026 15:13:35} [APP 🚀] info: [33m✅ Admin account already exists![39m
{Tue Apr 07 2026 15:13:35} [APP 🚀] info: Unverified account cleanup job scheduled to run every minute.
{Tue Apr 07 2026 15:13:35} [APP 🚀] info: Booking SLA job scheduled to run every 15 minutes (Threshold: 5 hours).
{Tue Apr 07 2026 15:13:35} [APP 🚀] info: Booking Auto-Settle job scheduled to run every hour (Threshold: 48 hours).
{Tue Apr 07 2026 15:13:35} [APP 🚀] info: [32m🍁 Server connected successfully[39m
{Tue Apr 07 2026 15:13:35} [APP 🚀] info: [33m♻️  Application listening on port:5001[39m
{Tue Apr 07 2026 15:13:48} [APP 🚀] info: [32m🚀 Database connected successfully[39m
{Tue Apr 07 2026 15:13:48} [APP 🚀] info: [33m✅ Admin account already exists![39m
{Tue Apr 07 2026 15:13:48} [APP 🚀] info: Unverified account cleanup job scheduled to run every minute.
{Tue Apr 07 2026 15:13:48} [APP 🚀] info: Booking SLA job scheduled to run every 15 minutes (Threshold: 5 hours).
{Tue Apr 07 2026 15:13:48} [APP 🚀] info: Booking Auto-Settle job scheduled to run every hour (Threshold: 48 hours).
{Tue Apr 07 2026 15:13:48} [APP 🚀] info: [32m🍁 Server connected successfully[39m
{Tue Apr 07 2026 15:13:48} [APP 🚀] info: [33m♻️  Application listening on port:5001[39m
{Tue Apr 07 2026 15:13:58} [APP 🚀] info: [32m🚀 Database connected successfully[39m
{Tue Apr 07 2026 15:13:58} [APP 🚀] info: [33m✅ Admin account already exists![39m
{Tue Apr 07 2026 15:13:58} [APP 🚀] info: Unverified account cleanup job scheduled to run every minute.
{Tue Apr 07 2026 15:13:58} [APP 🚀] info: Booking SLA job scheduled to run every 15 minutes (Threshold: 5 hours).
{Tue Apr 07 2026 15:13:58} [APP 🚀] info: Booking Auto-Settle job scheduled to run every hour (Threshold: 48 hours).
{Tue Apr 07 2026 15:13:58} [APP 🚀] info: [32m🍁 Server connected successfully[39m
{Tue Apr 07 2026 15:13:58} [APP 🚀] info: [33m♻️  Application listening on port:5001[39m
{Tue Apr 07 2026 15:14:00} [APP 🚀] info: Deleted 0 unverified accounts.
{Tue Apr 07 2026 15:14:10} [APP 🚀] info: [32m🚀 Database connected successfully[39m
{Tue Apr 07 2026 15:14:10} [APP 🚀] info: [33m✅ Admin account already exists![39m
{Tue Apr 07 2026 15:14:10} [APP 🚀] info: Unverified account cleanup job scheduled to run every minute.
{Tue Apr 07 2026 15:14:10} [APP 🚀] info: Booking SLA job scheduled to run every 15 minutes (Threshold: 5 hours).
{Tue Apr 07 2026 15:14:10} [APP 🚀] info: Booking Auto-Settle job scheduled to run every hour (Threshold: 48 hours).
{Tue Apr 07 2026 15:14:10} [APP 🚀] info: [32m🍁 Server connected successfully[39m
{Tue Apr 07 2026 15:14:10} [APP 🚀] info: [33m♻️  Application listening on port:5001[39m
{Tue Apr 07 2026 15:14:25} [APP 🚀] info: [32m🚀 Database connected successfully[39m
{Tue Apr 07 2026 15:14:25} [APP 🚀] info: [33m✅ Admin account already exists![39m
{Tue Apr 07 2026 15:14:25} [APP 🚀] info: Unverified account cleanup job scheduled to run every minute.
{Tue Apr 07 2026 15:14:25} [APP 🚀] info: Booking SLA job scheduled to run every 15 minutes (Threshold: 5 hours).
{Tue Apr 07 2026 15:14:25} [APP 🚀] info: Booking Auto-Settle job scheduled to run every hour (Threshold: 48 hours).
{Tue Apr 07 2026 15:14:25} [APP 🚀] info: [32m🍁 Server connected successfully[39m
{Tue Apr 07 2026 15:14:25} [APP 🚀] info: [33m♻️  Application listening on port:5001[39m
{Tue Apr 07 2026 15:14:32} [APP 🚀] info: [32m🚀 Database connected successfully[39m
{Tue Apr 07 2026 15:14:32} [APP 🚀] info: [33m✅ Admin account already exists![39m
{Tue Apr 07 2026 15:14:32} [APP 🚀] info: Unverified account cleanup job scheduled to run every minute.
{Tue Apr 07 2026 15:14:32} [APP 🚀] info: Booking SLA job scheduled to run every 15 minutes (Threshold: 5 hours).
{Tue Apr 07 2026 15:14:32} [APP 🚀] info: Booking Auto-Settle job scheduled to run every hour (Threshold: 48 hours).
{Tue Apr 07 2026 15:14:32} [APP 🚀] info: [32m🍁 Server connected successfully[39m
{Tue Apr 07 2026 15:14:32} [APP 🚀] info: [33m♻️  Application listening on port:5001[39m
{Tue Apr 07 2026 15:15:00} [APP 🚀] info: Deleted 0 unverified accounts.
{Tue Apr 07 2026 15:15:53} [APP 🚀] info: ::ffff:10.10.7.94 - POST /api/v1/bookings/create 200 - 1472.143 ms
{Tue Apr 07 2026 15:16:00} [APP 🚀] info: Deleted 0 unverified accounts.
{Tue Apr 07 2026 15:16:12} [APP 🚀] info: ::1 - POST /api/v1/webhook 200 - 105.855 ms
{Tue Apr 07 2026 15:16:30} [APP 🚀] info: ::ffff:10.10.7.94 - GET /api/v1/bookings 200 - 12.618 ms
{Tue Apr 07 2026 15:16:34} [APP 🚀] info: ::ffff:10.10.7.94 - GET /api/v1/bookings 200 - 8.493 ms
{Tue Apr 07 2026 15:17:00} [APP 🚀] info: Deleted 0 unverified accounts.
{Tue Apr 07 2026 15:17:10} [APP 🚀] info: ::ffff:10.10.7.94 - GET /api/v1/bookings 200 - 8.159 ms
{Tue Apr 07 2026 15:17:25} [APP 🚀] info: ::ffff:10.10.7.94 - PATCH /api/v1/bookings/69d4cb4859bcfa8f1d2d1ca0/status 200 - 41.611 ms
{Tue Apr 07 2026 15:17:32} [APP 🚀] info: ::ffff:10.10.7.94 - PATCH /api/v1/bookings/69d4cb4859bcfa8f1d2d1ca0/status 200 - 15.025 ms
{Tue Apr 07 2026 15:17:39} [APP 🚀] info: ::ffff:10.10.7.94 - PATCH /api/v1/bookings/69d4cb4859bcfa8f1d2d1ca0/status 200 - 25.044 ms
{Tue Apr 07 2026 15:18:00} [APP 🚀] info: Deleted 0 unverified accounts.
{Tue Apr 07 2026 15:18:19} [APP 🚀] info: ::ffff:10.10.7.94 - PATCH /api/v1/bookings/69d4cb4859bcfa8f1d2d1ca0/status 200 - 63.730 ms
{Tue Apr 07 2026 15:19:00} [APP 🚀] info: Deleted 0 unverified accounts.
{Tue Apr 07 2026 15:20:00} [APP 🚀] info: Deleted 0 unverified accounts.
{Tue Apr 07 2026 15:21:00} [APP 🚀] info: Deleted 0 unverified accounts.
{Tue Apr 07 2026 15:21:40} [APP 🚀] info: ::ffff:10.10.7.94 - GET /api/v1/bookings 200 - 8.374 ms
{Tue Apr 07 2026 15:22:00} [APP 🚀] info: Deleted 0 unverified accounts.
{Tue Apr 07 2026 15:23:00} [APP 🚀] info: Deleted 0 unverified accounts.
{Tue Apr 07 2026 15:23:48} [APP 🚀] info: ::ffff:10.10.7.94 - GET /api/v1/payment/wallet 200 - 9.092 ms
{Tue Apr 07 2026 15:24:00} [APP 🚀] info: Deleted 0 unverified accounts.
{Tue Apr 07 2026 15:25:00} [APP 🚀] info: Deleted 0 unverified accounts.
{Tue Apr 07 2026 15:26:00} [APP 🚀] info: Deleted 0 unverified accounts.
{Tue Apr 07 2026 15:27:00} [APP 🚀] info: Deleted 0 unverified accounts.
{Tue Apr 07 2026 15:28:00} [APP 🚀] info: Deleted 0 unverified accounts.
{Tue Apr 07 2026 15:28:33} [APP 🚀] info: [32m🚀 Database connected successfully[39m
{Tue Apr 07 2026 15:28:33} [APP 🚀] info: [33m✅ Admin account already exists![39m
{Tue Apr 07 2026 15:28:33} [APP 🚀] info: Unverified account cleanup job scheduled to run every minute.
{Tue Apr 07 2026 15:28:33} [APP 🚀] info: Booking SLA job scheduled to run every 15 minutes (Threshold: 5 hours).
{Tue Apr 07 2026 15:28:33} [APP 🚀] info: Booking Auto-Settle job scheduled to run every hour (Threshold: 48 hours).
{Tue Apr 07 2026 15:28:33} [APP 🚀] info: [32m🍁 Server connected successfully[39m
{Tue Apr 07 2026 15:28:33} [APP 🚀] info: [33m♻️  Application listening on port:5001[39m
{Tue Apr 07 2026 15:29:00} [APP 🚀] info: Deleted 0 unverified accounts.
{Tue Apr 07 2026 15:30:00} [APP 🚀] info: Deleted 0 unverified accounts.
{Tue Apr 07 2026 15:31:00} [APP 🚀] info: Deleted 0 unverified accounts.
{Tue Apr 07 2026 15:32:00} [APP 🚀] info: Deleted 0 unverified accounts.
{Tue Apr 07 2026 15:33:00} [APP 🚀] info: Deleted 0 unverified accounts.
{Tue Apr 07 2026 15:34:00} [APP 🚀] info: Deleted 0 unverified accounts.
{Tue Apr 07 2026 15:35:00} [APP 🚀] info: Deleted 0 unverified accounts.
{Tue Apr 07 2026 15:36:00} [APP 🚀] info: Deleted 0 unverified accounts.
{Tue Apr 07 2026 15:37:00} [APP 🚀] info: Deleted 0 unverified accounts.
{Tue Apr 07 2026 15:37:12} [APP 🚀] info: [32m🚀 Database connected successfully[39m
{Tue Apr 07 2026 15:37:12} [APP 🚀] info: [33m✅ Admin account already exists![39m
{Tue Apr 07 2026 15:37:12} [APP 🚀] info: Unverified account cleanup job scheduled to run every minute.
{Tue Apr 07 2026 15:37:12} [APP 🚀] info: Booking SLA job scheduled to run every 15 minutes (Threshold: 5 hours).
{Tue Apr 07 2026 15:37:12} [APP 🚀] info: Booking Auto-Settle job scheduled to run every hour (Threshold: 48 hours).
{Tue Apr 07 2026 15:37:12} [APP 🚀] info: [32m🍁 Server connected successfully[39m
{Tue Apr 07 2026 15:37:12} [APP 🚀] info: [33m♻️  Application listening on port:5001[39m
{Tue Apr 07 2026 15:38:00} [APP 🚀] info: Deleted 0 unverified accounts.
{Tue Apr 07 2026 15:39:00} [APP 🚀] info: Deleted 0 unverified accounts.
{Tue Apr 07 2026 15:40:00} [APP 🚀] info: Deleted 0 unverified accounts.
