{Thu Apr 02 2026 19:00:00} [APP 🚀] info: Deleted 0 unverified accounts.
{Thu Apr 02 2026 19:01:00} [APP 🚀] info: Deleted 0 unverified accounts.
{Thu Apr 02 2026 19:02:00} [APP 🚀] info: Deleted 0 unverified accounts.
{Thu Apr 02 2026 19:03:00} [APP 🚀] info: Deleted 0 unverified accounts.
{Thu Apr 02 2026 19:04:00} [APP 🚀] info: Deleted 0 unverified accounts.
{Thu Apr 02 2026 19:05:00} [APP 🚀] info: Deleted 0 unverified accounts.
{Thu Apr 02 2026 19:05:19} [APP 🚀] info: [32m🚀 Database connected successfully[39m
{Thu Apr 02 2026 19:05:19} [APP 🚀] info: [33m✅ Admin account already exists![39m
{Thu Apr 02 2026 19:05:19} [APP 🚀] info: Unverified account cleanup job scheduled to run every minute.
{Thu Apr 02 2026 19:05:19} [APP 🚀] info: Booking SLA job scheduled to run every 15 minutes (Threshold: 5 hours).
{Thu Apr 02 2026 19:05:19} [APP 🚀] info: Booking Auto-Settle job scheduled to run every hour (Threshold: 48 hours).
{Thu Apr 02 2026 19:05:19} [APP 🚀] info: [32m🍁 Server connected successfully[39m
{Thu Apr 02 2026 19:05:19} [APP 🚀] info: [33m♻️  Application listening on port:5001[39m
{Thu Apr 02 2026 19:06:00} [APP 🚀] info: Deleted 0 unverified accounts.
{Thu Apr 02 2026 19:07:00} [APP 🚀] info: Deleted 0 unverified accounts.
{Thu Apr 02 2026 19:07:30} [APP 🚀] info: [32m🚀 Database connected successfully[39m
{Thu Apr 02 2026 19:07:30} [APP 🚀] info: [33m✅ Admin account already exists![39m
{Thu Apr 02 2026 19:07:30} [APP 🚀] info: Unverified account cleanup job scheduled to run every minute.
{Thu Apr 02 2026 19:07:30} [APP 🚀] info: Booking SLA job scheduled to run every 15 minutes (Threshold: 5 hours).
{Thu Apr 02 2026 19:07:30} [APP 🚀] info: Booking Auto-Settle job scheduled to run every hour (Threshold: 48 hours).
{Thu Apr 02 2026 19:07:30} [APP 🚀] info: [32m🍁 Server connected successfully[39m
{Thu Apr 02 2026 19:07:30} [APP 🚀] info: [33m♻️  Application listening on port:5001[39m
{Thu Apr 02 2026 19:08:00} [APP 🚀] info: Deleted 0 unverified accounts.
{Thu Apr 02 2026 19:09:00} [APP 🚀] info: Deleted 0 unverified accounts.
{Thu Apr 02 2026 19:10:00} [APP 🚀] info: Deleted 0 unverified accounts.
{Thu Apr 02 2026 19:11:00} [APP 🚀] info: Deleted 0 unverified accounts.
{Thu Apr 02 2026 19:12:00} [APP 🚀] info: Deleted 0 unverified accounts.
{Thu Apr 02 2026 19:13:00} [APP 🚀] info: Deleted 0 unverified accounts.
{Thu Apr 02 2026 19:14:00} [APP 🚀] info: Deleted 0 unverified accounts.
