{Mon Apr 13 2026 16:00:00} [APP 🚀] info: Deleted 0 unverified accounts.
{Mon Apr 13 2026 16:01:00} [APP 🚀] info: Deleted 0 unverified accounts.
{Mon Apr 13 2026 16:02:00} [APP 🚀] info: Deleted 0 unverified accounts.
{Mon Apr 13 2026 16:03:00} [APP 🚀] info: Deleted 0 unverified accounts.
{Mon Apr 13 2026 16:03:19} [APP 🚀] info: [32m🚀 Database connected successfully[39m
{Mon Apr 13 2026 16:03:19} [APP 🚀] info: [33m✅ Admin account already exists![39m
{Mon Apr 13 2026 16:03:19} [APP 🚀] info: Unverified account cleanup job scheduled to run every minute.
{Mon Apr 13 2026 16:03:19} [APP 🚀] info: Booking SLA job scheduled to run every 15 minutes (Threshold: 5 hours).
{Mon Apr 13 2026 16:03:19} [APP 🚀] info: Booking Auto-Settle job scheduled to run every hour (Threshold: 48 hours).
{Mon Apr 13 2026 16:03:19} [APP 🚀] info: [32m🍁 Server connected successfully[39m
{Mon Apr 13 2026 16:03:19} [APP 🚀] info: [33m♻️  Application listening on port:5001[39m
{Mon Apr 13 2026 16:04:00} [APP 🚀] info: Deleted 0 unverified accounts.
{Mon Apr 13 2026 16:05:00} [APP 🚀] info: Deleted 0 unverified accounts.
{Mon Apr 13 2026 16:06:00} [APP 🚀] info: Deleted 0 unverified accounts.
{Mon Apr 13 2026 16:06:14} [APP 🚀] info: ::ffff:10.10.7.94 - GET /api/v1/user/profile 200 - 19.438 ms
{Mon Apr 13 2026 16:06:14} [APP 🚀] info: ::ffff:10.10.7.94 - GET /api/v1/admin/overview? 200 - 83.587 ms
{Mon Apr 13 2026 16:06:15} [APP 🚀] info: ::ffff:10.10.7.94 - GET /image/1775476343114-jhw3nk.png 200 - 2.098 ms
{Mon Apr 13 2026 16:07:00} [APP 🚀] info: Deleted 0 unverified accounts.
{Mon Apr 13 2026 16:08:00} [APP 🚀] info: Deleted 0 unverified accounts.
{Mon Apr 13 2026 16:09:00} [APP 🚀] info: Deleted 0 unverified accounts.
{Mon Apr 13 2026 16:10:00} [APP 🚀] info: Deleted 0 unverified accounts.
{Mon Apr 13 2026 16:11:00} [APP 🚀] info: Deleted 0 unverified accounts.
{Mon Apr 13 2026 16:12:00} [APP 🚀] info: Deleted 0 unverified accounts.
{Mon Apr 13 2026 16:13:00} [APP 🚀] info: Deleted 0 unverified accounts.
{Mon Apr 13 2026 16:14:00} [APP 🚀] info: Deleted 0 unverified accounts.
{Mon Apr 13 2026 16:15:00} [APP 🚀] info: Deleted 0 unverified accounts.
{Mon Apr 13 2026 16:16:00} [APP 🚀] info: Deleted 0 unverified accounts.
{Mon Apr 13 2026 16:17:00} [APP 🚀] info: Deleted 0 unverified accounts.
{Mon Apr 13 2026 16:18:00} [APP 🚀] info: Deleted 0 unverified accounts.
{Mon Apr 13 2026 16:19:00} [APP 🚀] info: Deleted 0 unverified accounts.
{Mon Apr 13 2026 16:20:00} [APP 🚀] info: Deleted 0 unverified accounts.
{Mon Apr 13 2026 16:21:00} [APP 🚀] info: Deleted 0 unverified accounts.
{Mon Apr 13 2026 16:22:00} [APP 🚀] info: Deleted 0 unverified accounts.
{Mon Apr 13 2026 16:23:00} [APP 🚀] info: Deleted 0 unverified accounts.
{Mon Apr 13 2026 16:24:00} [APP 🚀] info: Deleted 0 unverified accounts.
{Mon Apr 13 2026 16:25:00} [APP 🚀] info: Deleted 0 unverified accounts.
{Mon Apr 13 2026 16:26:00} [APP 🚀] info: Deleted 0 unverified accounts.
{Mon Apr 13 2026 16:27:00} [APP 🚀] info: Deleted 0 unverified accounts.
{Mon Apr 13 2026 16:28:00} [APP 🚀] info: Deleted 0 unverified accounts.
{Mon Apr 13 2026 16:29:00} [APP 🚀] info: Deleted 0 unverified accounts.
{Mon Apr 13 2026 16:30:00} [APP 🚀] info: Deleted 0 unverified accounts.
{Mon Apr 13 2026 16:31:00} [APP 🚀] info: Deleted 0 unverified accounts.
{Mon Apr 13 2026 16:32:00} [APP 🚀] info: Deleted 0 unverified accounts.
