{Sun Mar 08 2026 16:01:06} [APP 🚀] info: [32m🚀 Database connected successfully[39m
{Sun Mar 08 2026 16:01:06} [APP 🚀] info: [32m🍁 Server connected successfully[39m
{Sun Mar 08 2026 16:01:06} [APP 🚀] info: [33m♻️  Application listening on port:5007[39m
{Sun Mar 08 2026 16:01:06} [APP 🚀] info: [32m🚀 Database connected successfully[39m
{Sun Mar 08 2026 16:01:06} [APP 🚀] info: [32m🍁 Server connected successfully[39m
{Sun Mar 08 2026 16:01:06} [APP 🚀] info: [33m♻️  Application listening on port:5007[39m
{Sun Mar 08 2026 16:01:06} [APP 🚀] info: [32m🚀 Database connected successfully[39m
{Sun Mar 08 2026 16:01:06} [APP 🚀] info: [32m🍁 Server connected successfully[39m
{Sun Mar 08 2026 16:01:06} [APP 🚀] info: [33m♻️  Application listening on port:5007[39m
{Sun Mar 08 2026 16:01:49} [APP 🚀] info: [32m🚀 Database connected successfully[39m
{Sun Mar 08 2026 16:01:49} [APP 🚀] info: [32m🍁 Server connected successfully[39m
{Sun Mar 08 2026 16:01:49} [APP 🚀] info: [33m♻️  Application listening on port:5007[39m
{Sun Mar 08 2026 16:01:49} [APP 🚀] info: [32m🚀 Database connected successfully[39m
{Sun Mar 08 2026 16:01:49} [APP 🚀] info: [32m🍁 Server connected successfully[39m
{Sun Mar 08 2026 16:01:49} [APP 🚀] info: [33m♻️  Application listening on port:5007[39m
{Sun Mar 08 2026 16:01:49} [APP 🚀] info: [32m🚀 Database connected successfully[39m
{Sun Mar 08 2026 16:01:49} [APP 🚀] info: [32m🍁 Server connected successfully[39m
{Sun Mar 08 2026 16:01:49} [APP 🚀] info: [33m♻️  Application listening on port:5007[39m
{Sun Mar 08 2026 16:01:56} [APP 🚀] info: [32m🚀 Database connected successfully[39m
{Sun Mar 08 2026 16:01:56} [APP 🚀] info: [32m🍁 Server connected successfully[39m
{Sun Mar 08 2026 16:01:56} [APP 🚀] info: [33m♻️  Application listening on port:5007[39m
{Sun Mar 08 2026 16:01:56} [APP 🚀] info: [32m🚀 Database connected successfully[39m
{Sun Mar 08 2026 16:01:56} [APP 🚀] info: [32m🍁 Server connected successfully[39m
{Sun Mar 08 2026 16:01:56} [APP 🚀] info: [33m♻️  Application listening on port:5007[39m
{Sun Mar 08 2026 16:01:56} [APP 🚀] info: [32m🚀 Database connected successfully[39m
{Sun Mar 08 2026 16:01:56} [APP 🚀] info: [32m🍁 Server connected successfully[39m
{Sun Mar 08 2026 16:01:56} [APP 🚀] info: [33m♻️  Application listening on port:5007[39m
{Sun Mar 08 2026 16:02:14} [APP 🚀] info: [32m🚀 Database connected successfully[39m
{Sun Mar 08 2026 16:02:14} [APP 🚀] info: [32m🍁 Server connected successfully[39m
{Sun Mar 08 2026 16:02:14} [APP 🚀] info: [33m♻️  Application listening on port:5007[39m
{Sun Mar 08 2026 16:02:14} [APP 🚀] info: [32m🚀 Database connected successfully[39m
{Sun Mar 08 2026 16:02:14} [APP 🚀] info: [32m🍁 Server connected successfully[39m
{Sun Mar 08 2026 16:02:14} [APP 🚀] info: [33m♻️  Application listening on port:5007[39m
{Sun Mar 08 2026 16:02:14} [APP 🚀] info: [32m🚀 Database connected successfully[39m
{Sun Mar 08 2026 16:02:14} [APP 🚀] info: [32m🍁 Server connected successfully[39m
{Sun Mar 08 2026 16:02:14} [APP 🚀] info: [33m♻️  Application listening on port:5007[39m
{Sun Mar 08 2026 16:03:04} [APP 🚀] info: [32m🚀 Database connected successfully[39m
{Sun Mar 08 2026 16:03:04} [APP 🚀] info: [32m🍁 Server connected successfully[39m
{Sun Mar 08 2026 16:03:04} [APP 🚀] info: [33m♻️  Application listening on port:5007[39m
{Sun Mar 08 2026 16:03:04} [APP 🚀] info: [32m🚀 Database connected successfully[39m
{Sun Mar 08 2026 16:03:04} [APP 🚀] info: [32m🍁 Server connected successfully[39m
{Sun Mar 08 2026 16:03:04} [APP 🚀] info: [33m♻️  Application listening on port:5007[39m
{Sun Mar 08 2026 16:03:04} [APP 🚀] info: [32m🚀 Database connected successfully[39m
{Sun Mar 08 2026 16:03:04} [APP 🚀] info: [32m🍁 Server connected successfully[39m
{Sun Mar 08 2026 16:03:04} [APP 🚀] info: [33m♻️  Application listening on port:5007[39m
{Sun Mar 08 2026 16:03:07} [APP 🚀] info: [32m🚀 Database connected successfully[39m
{Sun Mar 08 2026 16:03:07} [APP 🚀] info: [32m🍁 Server connected successfully[39m
{Sun Mar 08 2026 16:03:07} [APP 🚀] info: [33m♻️  Application listening on port:5007[39m
{Sun Mar 08 2026 16:03:07} [APP 🚀] info: [32m🚀 Database connected successfully[39m
{Sun Mar 08 2026 16:03:07} [APP 🚀] info: [32m🍁 Server connected successfully[39m
{Sun Mar 08 2026 16:03:07} [APP 🚀] info: [33m♻️  Application listening on port:5007[39m
{Sun Mar 08 2026 16:03:07} [APP 🚀] info: [32m🚀 Database connected successfully[39m
{Sun Mar 08 2026 16:03:07} [APP 🚀] info: [32m🍁 Server connected successfully[39m
{Sun Mar 08 2026 16:03:07} [APP 🚀] info: [33m♻️  Application listening on port:5007[39m
{Sun Mar 08 2026 16:03:18} [APP 🚀] info: [32m🚀 Database connected successfully[39m
{Sun Mar 08 2026 16:03:18} [APP 🚀] info: [32m🍁 Server connected successfully[39m
{Sun Mar 08 2026 16:03:18} [APP 🚀] info: [33m♻️  Application listening on port:5007[39m
{Sun Mar 08 2026 16:03:18} [APP 🚀] info: [32m🚀 Database connected successfully[39m
{Sun Mar 08 2026 16:03:18} [APP 🚀] info: [32m🍁 Server connected successfully[39m
{Sun Mar 08 2026 16:03:18} [APP 🚀] info: [33m♻️  Application listening on port:5007[39m
{Sun Mar 08 2026 16:03:18} [APP 🚀] info: [32m🚀 Database connected successfully[39m
{Sun Mar 08 2026 16:03:18} [APP 🚀] info: [32m🍁 Server connected successfully[39m
{Sun Mar 08 2026 16:03:18} [APP 🚀] info: [33m♻️  Application listening on port:5007[39m
{Sun Mar 08 2026 16:03:19} [APP 🚀] info: [32m🚀 Database connected successfully[39m
{Sun Mar 08 2026 16:03:19} [APP 🚀] info: [32m🍁 Server connected successfully[39m
{Sun Mar 08 2026 16:03:19} [APP 🚀] info: [33m♻️  Application listening on port:5007[39m
{Sun Mar 08 2026 16:03:19} [APP 🚀] info: [32m🚀 Database connected successfully[39m
{Sun Mar 08 2026 16:03:19} [APP 🚀] info: [32m🍁 Server connected successfully[39m
{Sun Mar 08 2026 16:03:19} [APP 🚀] info: [33m♻️  Application listening on port:5007[39m
{Sun Mar 08 2026 16:03:19} [APP 🚀] info: [32m🚀 Database connected successfully[39m
{Sun Mar 08 2026 16:03:19} [APP 🚀] info: [32m🍁 Server connected successfully[39m
{Sun Mar 08 2026 16:03:19} [APP 🚀] info: [33m♻️  Application listening on port:5007[39m
{Sun Mar 08 2026 16:03:27} [APP 🚀] info: [32m🚀 Database connected successfully[39m
{Sun Mar 08 2026 16:03:27} [APP 🚀] info: [32m🍁 Server connected successfully[39m
{Sun Mar 08 2026 16:03:27} [APP 🚀] info: [33m♻️  Application listening on port:5007[39m
{Sun Mar 08 2026 16:03:27} [APP 🚀] info: [32m🚀 Database connected successfully[39m
{Sun Mar 08 2026 16:03:27} [APP 🚀] info: [32m🍁 Server connected successfully[39m
{Sun Mar 08 2026 16:03:27} [APP 🚀] info: [33m♻️  Application listening on port:5007[39m
{Sun Mar 08 2026 16:03:27} [APP 🚀] info: [32m🚀 Database connected successfully[39m
{Sun Mar 08 2026 16:03:27} [APP 🚀] info: [32m🍁 Server connected successfully[39m
{Sun Mar 08 2026 16:03:27} [APP 🚀] info: [33m♻️  Application listening on port:5007[39m
{Sun Mar 08 2026 16:03:28} [APP 🚀] info: [32m🚀 Database connected successfully[39m
{Sun Mar 08 2026 16:03:28} [APP 🚀] info: [32m🍁 Server connected successfully[39m
{Sun Mar 08 2026 16:03:28} [APP 🚀] info: [33m♻️  Application listening on port:5007[39m
{Sun Mar 08 2026 16:03:28} [APP 🚀] info: [32m🚀 Database connected successfully[39m
{Sun Mar 08 2026 16:03:28} [APP 🚀] info: [32m🍁 Server connected successfully[39m
{Sun Mar 08 2026 16:03:28} [APP 🚀] info: [33m♻️  Application listening on port:5007[39m
{Sun Mar 08 2026 16:03:28} [APP 🚀] info: [32m🚀 Database connected successfully[39m
{Sun Mar 08 2026 16:03:28} [APP 🚀] info: [32m🍁 Server connected successfully[39m
{Sun Mar 08 2026 16:03:28} [APP 🚀] info: [33m♻️  Application listening on port:5007[39m
{Sun Mar 08 2026 16:03:39} [APP 🚀] info: [32m🚀 Database connected successfully[39m
{Sun Mar 08 2026 16:03:39} [APP 🚀] info: [32m🍁 Server connected successfully[39m
{Sun Mar 08 2026 16:03:39} [APP 🚀] info: [33m♻️  Application listening on port:5007[39m
{Sun Mar 08 2026 16:03:39} [APP 🚀] info: [32m🚀 Database connected successfully[39m
{Sun Mar 08 2026 16:03:39} [APP 🚀] info: [32m🚀 Database connected successfully[39m
{Sun Mar 08 2026 16:03:39} [APP 🚀] info: [32m🍁 Server connected successfully[39m
{Sun Mar 08 2026 16:03:39} [APP 🚀] info: [32m🍁 Server connected successfully[39m
{Sun Mar 08 2026 16:03:39} [APP 🚀] info: [33m♻️  Application listening on port:5007[39m
{Sun Mar 08 2026 16:03:39} [APP 🚀] info: [33m♻️  Application listening on port:5007[39m
{Sun Mar 08 2026 16:04:01} [APP 🚀] info: [32m🚀 Database connected successfully[39m
{Sun Mar 08 2026 16:04:01} [APP 🚀] info: [32m🍁 Server connected successfully[39m
{Sun Mar 08 2026 16:04:01} [APP 🚀] info: [33m♻️  Application listening on port:5007[39m
{Sun Mar 08 2026 16:04:01} [APP 🚀] info: [32m🚀 Database connected successfully[39m
{Sun Mar 08 2026 16:04:01} [APP 🚀] info: [32m🍁 Server connected successfully[39m
{Sun Mar 08 2026 16:04:01} [APP 🚀] info: [33m♻️  Application listening on port:5007[39m
{Sun Mar 08 2026 16:04:01} [APP 🚀] info: [32m🚀 Database connected successfully[39m
{Sun Mar 08 2026 16:04:01} [APP 🚀] info: [32m🍁 Server connected successfully[39m
{Sun Mar 08 2026 16:04:01} [APP 🚀] info: [33m♻️  Application listening on port:5007[39m
{Sun Mar 08 2026 16:04:06} [APP 🚀] info: [32m🚀 Database connected successfully[39m
{Sun Mar 08 2026 16:04:06} [APP 🚀] info: [32m🍁 Server connected successfully[39m
{Sun Mar 08 2026 16:04:06} [APP 🚀] info: [33m♻️  Application listening on port:5007[39m
{Sun Mar 08 2026 16:04:06} [APP 🚀] info: [32m🚀 Database connected successfully[39m
{Sun Mar 08 2026 16:04:06} [APP 🚀] info: [32m🍁 Server connected successfully[39m
{Sun Mar 08 2026 16:04:06} [APP 🚀] info: [33m♻️  Application listening on port:5007[39m
{Sun Mar 08 2026 16:04:06} [APP 🚀] info: [32m🚀 Database connected successfully[39m
{Sun Mar 08 2026 16:04:06} [APP 🚀] info: [32m🍁 Server connected successfully[39m
{Sun Mar 08 2026 16:04:06} [APP 🚀] info: [33m♻️  Application listening on port:5007[39m
{Sun Mar 08 2026 16:04:26} [APP 🚀] info: ::ffff:10.10.7.50 - POST /api/v1/auth/signup 200 - 248.189 ms
{Sun Mar 08 2026 16:04:32} [APP 🚀] info: Mail send successfully
{Sun Mar 08 2026 16:05:32} [APP 🚀] info: ::ffff:10.10.7.50 - POST /api/v1/auth/verify-account 200 - 50.963 ms
{Sun Mar 08 2026 16:06:21} [APP 🚀] info: ::ffff:10.10.7.50 - POST /api/v1/auth/login 200 - 228.567 ms
{Sun Mar 08 2026 16:06:39} [APP 🚀] info: ::ffff:10.10.7.50 - POST /api/v1/auth/signup 200 - 247.905 ms
{Sun Mar 08 2026 16:06:44} [APP 🚀] info: Mail send successfully
