{Tue Mar 24 2026 15:00:00} [APP 🚀] info: Deleted 0 unverified accounts.
{Tue Mar 24 2026 15:01:00} [APP 🚀] info: Deleted 0 unverified accounts.
{Tue Mar 24 2026 15:03:00} [APP 🚀] info: Deleted 0 unverified accounts.
{Tue Mar 24 2026 15:04:00} [APP 🚀] info: Deleted 0 unverified accounts.
{Tue Mar 24 2026 15:04:48} [APP 🚀] info: ::ffff:10.10.7.50 - GET /api/v1/admin/users 200 - 11.918 ms
{Tue Mar 24 2026 15:05:00} [APP 🚀] info: Deleted 0 unverified accounts.
{Tue Mar 24 2026 15:06:00} [APP 🚀] info: Deleted 0 unverified accounts.
{Tue Mar 24 2026 15:07:00} [APP 🚀] info: Deleted 0 unverified accounts.
{Tue Mar 24 2026 15:07:22} [APP 🚀] info: [32m🚀 Database connected successfully[39m
{Tue Mar 24 2026 15:07:22} [APP 🚀] info: [33m✅ Admin account already exists![39m
{Tue Mar 24 2026 15:07:22} [APP 🚀] info: Unverified account cleanup job scheduled to run every minute.
{Tue Mar 24 2026 15:07:22} [APP 🚀] info: Booking SLA job scheduled to run every 15 minutes (Threshold: 5 hours).
{Tue Mar 24 2026 15:07:22} [APP 🚀] info: Booking Auto-Settle job scheduled to run every hour (Threshold: 48 hours).
{Tue Mar 24 2026 15:07:22} [APP 🚀] info: [32m🍁 Server connected successfully[39m
{Tue Mar 24 2026 15:07:22} [APP 🚀] info: [33m♻️  Application listening on port:5007[39m
{Tue Mar 24 2026 15:07:28} [APP 🚀] info: [32m🚀 Database connected successfully[39m
{Tue Mar 24 2026 15:07:28} [APP 🚀] info: [33m✅ Admin account already exists![39m
{Tue Mar 24 2026 15:07:28} [APP 🚀] info: Unverified account cleanup job scheduled to run every minute.
{Tue Mar 24 2026 15:07:28} [APP 🚀] info: Booking SLA job scheduled to run every 15 minutes (Threshold: 5 hours).
{Tue Mar 24 2026 15:07:28} [APP 🚀] info: Booking Auto-Settle job scheduled to run every hour (Threshold: 48 hours).
{Tue Mar 24 2026 15:07:28} [APP 🚀] info: [32m🍁 Server connected successfully[39m
{Tue Mar 24 2026 15:07:28} [APP 🚀] info: [33m♻️  Application listening on port:5007[39m
{Tue Mar 24 2026 15:07:31} [APP 🚀] info: [32m🚀 Database connected successfully[39m
{Tue Mar 24 2026 15:07:31} [APP 🚀] info: [33m✅ Admin account already exists![39m
{Tue Mar 24 2026 15:07:31} [APP 🚀] info: Unverified account cleanup job scheduled to run every minute.
{Tue Mar 24 2026 15:07:31} [APP 🚀] info: Booking SLA job scheduled to run every 15 minutes (Threshold: 5 hours).
{Tue Mar 24 2026 15:07:31} [APP 🚀] info: Booking Auto-Settle job scheduled to run every hour (Threshold: 48 hours).
{Tue Mar 24 2026 15:07:31} [APP 🚀] info: [32m🍁 Server connected successfully[39m
{Tue Mar 24 2026 15:07:31} [APP 🚀] info: [33m♻️  Application listening on port:5007[39m
{Tue Mar 24 2026 15:07:32} [APP 🚀] info: [32m🚀 Database connected successfully[39m
{Tue Mar 24 2026 15:07:32} [APP 🚀] info: [33m✅ Admin account already exists![39m
{Tue Mar 24 2026 15:07:33} [APP 🚀] info: Unverified account cleanup job scheduled to run every minute.
{Tue Mar 24 2026 15:07:33} [APP 🚀] info: Booking SLA job scheduled to run every 15 minutes (Threshold: 5 hours).
{Tue Mar 24 2026 15:07:33} [APP 🚀] info: Booking Auto-Settle job scheduled to run every hour (Threshold: 48 hours).
{Tue Mar 24 2026 15:07:33} [APP 🚀] info: [32m🍁 Server connected successfully[39m
{Tue Mar 24 2026 15:07:33} [APP 🚀] info: [33m♻️  Application listening on port:5007[39m
{Tue Mar 24 2026 15:08:00} [APP 🚀] info: Deleted 0 unverified accounts.
{Tue Mar 24 2026 15:08:19} [APP 🚀] info: [32m🚀 Database connected successfully[39m
{Tue Mar 24 2026 15:08:19} [APP 🚀] info: [33m✅ Admin account already exists![39m
{Tue Mar 24 2026 15:08:19} [APP 🚀] info: Unverified account cleanup job scheduled to run every minute.
{Tue Mar 24 2026 15:08:19} [APP 🚀] info: Booking SLA job scheduled to run every 15 minutes (Threshold: 5 hours).
{Tue Mar 24 2026 15:08:19} [APP 🚀] info: Booking Auto-Settle job scheduled to run every hour (Threshold: 48 hours).
{Tue Mar 24 2026 15:08:19} [APP 🚀] info: [32m🍁 Server connected successfully[39m
{Tue Mar 24 2026 15:08:19} [APP 🚀] info: [33m♻️  Application listening on port:5007[39m
{Tue Mar 24 2026 15:08:21} [APP 🚀] info: [32m🚀 Database connected successfully[39m
{Tue Mar 24 2026 15:08:21} [APP 🚀] info: [33m✅ Admin account already exists![39m
{Tue Mar 24 2026 15:08:21} [APP 🚀] info: Unverified account cleanup job scheduled to run every minute.
{Tue Mar 24 2026 15:08:21} [APP 🚀] info: Booking SLA job scheduled to run every 15 minutes (Threshold: 5 hours).
{Tue Mar 24 2026 15:08:21} [APP 🚀] info: Booking Auto-Settle job scheduled to run every hour (Threshold: 48 hours).
{Tue Mar 24 2026 15:08:21} [APP 🚀] info: [32m🍁 Server connected successfully[39m
{Tue Mar 24 2026 15:08:21} [APP 🚀] info: [33m♻️  Application listening on port:5007[39m
{Tue Mar 24 2026 15:08:27} [APP 🚀] info: [32m🚀 Database connected successfully[39m
{Tue Mar 24 2026 15:08:27} [APP 🚀] info: [33m✅ Admin account already exists![39m
{Tue Mar 24 2026 15:08:27} [APP 🚀] info: Unverified account cleanup job scheduled to run every minute.
{Tue Mar 24 2026 15:08:27} [APP 🚀] info: Booking SLA job scheduled to run every 15 minutes (Threshold: 5 hours).
{Tue Mar 24 2026 15:08:27} [APP 🚀] info: Booking Auto-Settle job scheduled to run every hour (Threshold: 48 hours).
{Tue Mar 24 2026 15:08:27} [APP 🚀] info: [32m🍁 Server connected successfully[39m
{Tue Mar 24 2026 15:08:27} [APP 🚀] info: [33m♻️  Application listening on port:5007[39m
{Tue Mar 24 2026 15:08:28} [APP 🚀] info: [32m🚀 Database connected successfully[39m
{Tue Mar 24 2026 15:08:28} [APP 🚀] info: [33m✅ Admin account already exists![39m
{Tue Mar 24 2026 15:08:28} [APP 🚀] info: Unverified account cleanup job scheduled to run every minute.
{Tue Mar 24 2026 15:08:28} [APP 🚀] info: Booking SLA job scheduled to run every 15 minutes (Threshold: 5 hours).
{Tue Mar 24 2026 15:08:28} [APP 🚀] info: Booking Auto-Settle job scheduled to run every hour (Threshold: 48 hours).
{Tue Mar 24 2026 15:08:28} [APP 🚀] info: [32m🍁 Server connected successfully[39m
{Tue Mar 24 2026 15:08:28} [APP 🚀] info: [33m♻️  Application listening on port:5007[39m
{Tue Mar 24 2026 15:08:31} [APP 🚀] info: [32m🚀 Database connected successfully[39m
{Tue Mar 24 2026 15:08:31} [APP 🚀] info: [33m✅ Admin account already exists![39m
{Tue Mar 24 2026 15:08:31} [APP 🚀] info: Unverified account cleanup job scheduled to run every minute.
{Tue Mar 24 2026 15:08:31} [APP 🚀] info: Booking SLA job scheduled to run every 15 minutes (Threshold: 5 hours).
{Tue Mar 24 2026 15:08:31} [APP 🚀] info: Booking Auto-Settle job scheduled to run every hour (Threshold: 48 hours).
{Tue Mar 24 2026 15:08:31} [APP 🚀] info: [32m🍁 Server connected successfully[39m
{Tue Mar 24 2026 15:08:31} [APP 🚀] info: [33m♻️  Application listening on port:5007[39m
{Tue Mar 24 2026 15:08:39} [APP 🚀] info: ::ffff:10.10.7.50 - POST /api/v1/favorites/add 200 - 36.458 ms
{Tue Mar 24 2026 15:08:42} [APP 🚀] info: ::ffff:10.10.7.50 - POST /api/v1/favorites/add 200 - 7.178 ms
{Tue Mar 24 2026 15:08:45} [APP 🚀] info: ::ffff:10.10.7.50 - POST /api/v1/favorites/add 200 - 13.897 ms
{Tue Mar 24 2026 15:09:00} [APP 🚀] info: Deleted 0 unverified accounts.
{Tue Mar 24 2026 15:09:34} [APP 🚀] info: ::ffff:10.10.7.50 - GET /api/v1/favorites 200 - 13.902 ms
{Tue Mar 24 2026 15:10:00} [APP 🚀] info: Deleted 0 unverified accounts.
{Tue Mar 24 2026 15:11:00} [APP 🚀] info: Deleted 0 unverified accounts.
{Tue Mar 24 2026 15:12:00} [APP 🚀] info: Deleted 0 unverified accounts.
{Tue Mar 24 2026 15:12:09} [APP 🚀] info: ::ffff:10.10.7.50 - POST /api/v1/favorites/remove 200 - 5.452 ms
{Tue Mar 24 2026 15:12:58} [APP 🚀] info: ::ffff:10.10.7.50 - GET /api/v1/terms-policy/terms 200 - 3.440 ms
{Tue Mar 24 2026 15:13:00} [APP 🚀] info: Deleted 0 unverified accounts.
{Tue Mar 24 2026 15:13:08} [APP 🚀] info: ::ffff:10.10.7.50 - GET /api/v1/terms-policy/policy 200 - 2.172 ms
{Tue Mar 24 2026 15:13:36} [APP 🚀] info: ::ffff:10.10.7.50 - POST /api/v1/terms-policy/upsert-terms 200 - 5.218 ms
{Tue Mar 24 2026 15:13:55} [APP 🚀] info: ::ffff:10.10.7.50 - POST /api/v1/terms-policy/upsert-policy 200 - 6.070 ms
{Tue Mar 24 2026 15:13:59} [APP 🚀] info: ::ffff:10.10.7.50 - GET /api/v1/terms-policy/terms 200 - 1.562 ms
{Tue Mar 24 2026 15:14:00} [APP 🚀] info: Deleted 0 unverified accounts.
{Tue Mar 24 2026 15:14:03} [APP 🚀] info: ::ffff:10.10.7.50 - GET /api/v1/terms-policy/policy 200 - 1.732 ms
{Tue Mar 24 2026 15:15:00} [APP 🚀] info: Deleted 0 unverified accounts.
{Tue Mar 24 2026 15:16:00} [APP 🚀] info: Deleted 0 unverified accounts.
{Tue Mar 24 2026 15:17:00} [APP 🚀] info: Deleted 0 unverified accounts.
{Tue Mar 24 2026 15:18:00} [APP 🚀] info: Deleted 0 unverified accounts.
{Tue Mar 24 2026 15:19:00} [APP 🚀] info: Deleted 0 unverified accounts.
{Tue Mar 24 2026 15:20:00} [APP 🚀] info: Deleted 0 unverified accounts.
{Tue Mar 24 2026 15:21:00} [APP 🚀] info: Deleted 0 unverified accounts.
{Tue Mar 24 2026 15:22:00} [APP 🚀] info: Deleted 0 unverified accounts.
{Tue Mar 24 2026 15:23:00} [APP 🚀] info: Deleted 0 unverified accounts.
{Tue Mar 24 2026 15:24:00} [APP 🚀] info: Deleted 0 unverified accounts.
{Tue Mar 24 2026 15:25:00} [APP 🚀] info: Deleted 0 unverified accounts.
{Tue Mar 24 2026 15:26:00} [APP 🚀] info: Deleted 0 unverified accounts.
{Tue Mar 24 2026 15:27:00} [APP 🚀] info: Deleted 0 unverified accounts.
{Tue Mar 24 2026 15:28:00} [APP 🚀] info: Deleted 0 unverified accounts.
{Tue Mar 24 2026 15:29:00} [APP 🚀] info: Deleted 0 unverified accounts.
{Tue Mar 24 2026 15:30:00} [APP 🚀] info: Deleted 0 unverified accounts.
