{Thu Apr 16 2026 11:00:00} [APP ЁЯЪА] info: Deleted 0 unverified accounts.
{Thu Apr 16 2026 11:00:02} [APP ЁЯЪА] info: ::ffff:10.10.7.94 - GET /api/v1/services/69e065a21a190894fbea6386 200 - 21.409 ms
{Thu Apr 16 2026 11:00:12} [APP ЁЯЪА] info: [32mЁЯЪА Database connected successfully[39m
{Thu Apr 16 2026 11:00:12} [APP ЁЯЪА] info: [33mтЬЕ Admin account already exists![39m
{Thu Apr 16 2026 11:00:12} [APP ЁЯЪА] info: Unverified account cleanup job scheduled to run every minute.
{Thu Apr 16 2026 11:00:12} [APP ЁЯЪА] info: Booking SLA job scheduled to run every 15 minutes (Threshold: 5 hours).
{Thu Apr 16 2026 11:00:12} [APP ЁЯЪА] info: Booking Auto-Settle job scheduled to run every hour (Threshold: 48 hours).
{Thu Apr 16 2026 11:00:12} [APP ЁЯЪА] info: [32mЁЯНБ Server connected successfully[39m
{Thu Apr 16 2026 11:00:12} [APP ЁЯЪА] info: [33mтЩ╗я╕П  Application listening on port:5001[39m
{Thu Apr 16 2026 11:00:14} [APP ЁЯЪА] info: ::ffff:10.10.7.94 - GET /api/v1/services/69e065a21a190894fbea6386 200 - 19.967 ms
{Thu Apr 16 2026 11:00:15} [APP ЁЯЪА] info: ::ffff:10.10.7.94 - GET /api/v1/services/69e065a21a190894fbea6386 200 - 4.790 ms
{Thu Apr 16 2026 11:00:16} [APP ЁЯЪА] info: ::ffff:10.10.7.94 - GET /api/v1/services/69e065a21a190894fbea6386 200 - 4.902 ms
{Thu Apr 16 2026 11:00:23} [APP ЁЯЪА] info: [32mЁЯЪА Database connected successfully[39m
{Thu Apr 16 2026 11:00:23} [APP ЁЯЪА] info: [33mтЬЕ Admin account already exists![39m
{Thu Apr 16 2026 11:00:23} [APP ЁЯЪА] info: Unverified account cleanup job scheduled to run every minute.
{Thu Apr 16 2026 11:00:23} [APP ЁЯЪА] info: Booking SLA job scheduled to run every 15 minutes (Threshold: 5 hours).
{Thu Apr 16 2026 11:00:23} [APP ЁЯЪА] info: Booking Auto-Settle job scheduled to run every hour (Threshold: 48 hours).
{Thu Apr 16 2026 11:00:23} [APP ЁЯЪА] info: [32mЁЯНБ Server connected successfully[39m
{Thu Apr 16 2026 11:00:23} [APP ЁЯЪА] info: [33mтЩ╗я╕П  Application listening on port:5001[39m
{Thu Apr 16 2026 11:00:28} [APP ЁЯЪА] info: [32mЁЯЪА Database connected successfully[39m
{Thu Apr 16 2026 11:00:28} [APP ЁЯЪА] info: [33mтЬЕ Admin account already exists![39m
{Thu Apr 16 2026 11:00:28} [APP ЁЯЪА] info: Unverified account cleanup job scheduled to run every minute.
{Thu Apr 16 2026 11:00:28} [APP ЁЯЪА] info: Booking SLA job scheduled to run every 15 minutes (Threshold: 5 hours).
{Thu Apr 16 2026 11:00:28} [APP ЁЯЪА] info: Booking Auto-Settle job scheduled to run every hour (Threshold: 48 hours).
{Thu Apr 16 2026 11:00:28} [APP ЁЯЪА] info: [32mЁЯНБ Server connected successfully[39m
{Thu Apr 16 2026 11:00:28} [APP ЁЯЪА] info: [33mтЩ╗я╕П  Application listening on port:5001[39m
{Thu Apr 16 2026 11:00:31} [APP ЁЯЪА] info: [32mЁЯЪА Database connected successfully[39m
{Thu Apr 16 2026 11:00:31} [APP ЁЯЪА] info: [33mтЬЕ Admin account already exists![39m
{Thu Apr 16 2026 11:00:31} [APP ЁЯЪА] info: Unverified account cleanup job scheduled to run every minute.
{Thu Apr 16 2026 11:00:31} [APP ЁЯЪА] info: Booking SLA job scheduled to run every 15 minutes (Threshold: 5 hours).
{Thu Apr 16 2026 11:00:31} [APP ЁЯЪА] info: Booking Auto-Settle job scheduled to run every hour (Threshold: 48 hours).
{Thu Apr 16 2026 11:00:31} [APP ЁЯЪА] info: [32mЁЯНБ Server connected successfully[39m
{Thu Apr 16 2026 11:00:31} [APP ЁЯЪА] info: [33mтЩ╗я╕П  Application listening on port:5001[39m
{Thu Apr 16 2026 11:00:36} [APP ЁЯЪА] info: [32mЁЯЪА Database connected successfully[39m
{Thu Apr 16 2026 11:00:36} [APP ЁЯЪА] info: [33mтЬЕ Admin account already exists![39m
{Thu Apr 16 2026 11:00:36} [APP ЁЯЪА] info: Unverified account cleanup job scheduled to run every minute.
{Thu Apr 16 2026 11:00:36} [APP ЁЯЪА] info: Booking SLA job scheduled to run every 15 minutes (Threshold: 5 hours).
{Thu Apr 16 2026 11:00:36} [APP ЁЯЪА] info: Booking Auto-Settle job scheduled to run every hour (Threshold: 48 hours).
{Thu Apr 16 2026 11:00:36} [APP ЁЯЪА] info: [32mЁЯНБ Server connected successfully[39m
{Thu Apr 16 2026 11:00:36} [APP ЁЯЪА] info: [33mтЩ╗я╕П  Application listening on port:5001[39m
{Thu Apr 16 2026 11:00:36} [APP ЁЯЪА] info: ::ffff:10.10.7.94 - GET /api/v1/services/69e065a21a190894fbea6386 200 - 20.249 ms
{Thu Apr 16 2026 11:00:48} [APP ЁЯЪА] info: [32mЁЯЪА Database connected successfully[39m
{Thu Apr 16 2026 11:00:48} [APP ЁЯЪА] info: [33mтЬЕ Admin account already exists![39m
{Thu Apr 16 2026 11:00:48} [APP ЁЯЪА] info: Unverified account cleanup job scheduled to run every minute.
{Thu Apr 16 2026 11:00:48} [APP ЁЯЪА] info: Booking SLA job scheduled to run every 15 minutes (Threshold: 5 hours).
{Thu Apr 16 2026 11:00:48} [APP ЁЯЪА] info: Booking Auto-Settle job scheduled to run every hour (Threshold: 48 hours).
{Thu Apr 16 2026 11:00:48} [APP ЁЯЪА] info: [32mЁЯНБ Server connected successfully[39m
{Thu Apr 16 2026 11:00:48} [APP ЁЯЪА] info: [33mтЩ╗я╕П  Application listening on port:5001[39m
{Thu Apr 16 2026 11:00:52} [APP ЁЯЪА] info: [32mЁЯЪА Database connected successfully[39m
{Thu Apr 16 2026 11:00:52} [APP ЁЯЪА] info: [33mтЬЕ Admin account already exists![39m
{Thu Apr 16 2026 11:00:52} [APP ЁЯЪА] info: Unverified account cleanup job scheduled to run every minute.
{Thu Apr 16 2026 11:00:52} [APP ЁЯЪА] info: Booking SLA job scheduled to run every 15 minutes (Threshold: 5 hours).
{Thu Apr 16 2026 11:00:52} [APP ЁЯЪА] info: Booking Auto-Settle job scheduled to run every hour (Threshold: 48 hours).
{Thu Apr 16 2026 11:00:52} [APP ЁЯЪА] info: [32mЁЯНБ Server connected successfully[39m
{Thu Apr 16 2026 11:00:52} [APP ЁЯЪА] info: [33mтЩ╗я╕П  Application listening on port:5001[39m
{Thu Apr 16 2026 11:00:53} [APP ЁЯЪА] info: ::ffff:10.10.7.94 - GET /api/v1/services/69e065a21a190894fbea6386 200 - 20.183 ms
{Thu Apr 16 2026 11:01:00} [APP ЁЯЪА] info: Deleted 0 unverified accounts.
{Thu Apr 16 2026 11:02:00} [APP ЁЯЪА] info: Deleted 0 unverified accounts.
{Thu Apr 16 2026 11:03:00} [APP ЁЯЪА] info: Deleted 0 unverified accounts.
{Thu Apr 16 2026 11:04:00} [APP ЁЯЪА] info: Deleted 0 unverified accounts.
{Thu Apr 16 2026 11:05:00} [APP ЁЯЪА] info: Deleted 0 unverified accounts.
{Thu Apr 16 2026 11:05:06} [APP ЁЯЪА] info: ::ffff:10.10.7.94 - GET /api/v1/services/69e065a21a190894fbea6386 200 - 7.585 ms
{Thu Apr 16 2026 11:06:00} [APP ЁЯЪА] info: Deleted 0 unverified accounts.
{Thu Apr 16 2026 11:07:00} [APP ЁЯЪА] info: Deleted 0 unverified accounts.
{Thu Apr 16 2026 11:08:00} [APP ЁЯЪА] info: Deleted 0 unverified accounts.
{Thu Apr 16 2026 11:09:00} [APP ЁЯЪА] info: Deleted 0 unverified accounts.
{Thu Apr 16 2026 11:10:00} [APP ЁЯЪА] info: Deleted 0 unverified accounts.
{Thu Apr 16 2026 11:11:00} [APP ЁЯЪА] info: Deleted 0 unverified accounts.
{Thu Apr 16 2026 11:12:00} [APP ЁЯЪА] info: Deleted 0 unverified accounts.
{Thu Apr 16 2026 11:13:00} [APP ЁЯЪА] info: Deleted 0 unverified accounts.
{Thu Apr 16 2026 11:13:51} [APP ЁЯЪА] info: ::ffff:10.10.7.94 - GET /api/v1/services/69e065a21a190894fbea6386 200 - 5.488 ms
{Thu Apr 16 2026 11:14:00} [APP ЁЯЪА] info: Deleted 0 unverified accounts.
{Thu Apr 16 2026 11:15:00} [APP ЁЯЪА] info: Deleted 0 unverified accounts.
{Thu Apr 16 2026 11:16:00} [APP ЁЯЪА] info: Deleted 0 unverified accounts.
{Thu Apr 16 2026 11:17:00} [APP ЁЯЪА] info: Deleted 0 unverified accounts.
{Thu Apr 16 2026 11:18:00} [APP ЁЯЪА] info: Deleted 0 unverified accounts.
{Thu Apr 16 2026 11:19:00} [APP ЁЯЪА] info: Deleted 0 unverified accounts.
{Thu Apr 16 2026 11:19:23} [APP ЁЯЪА] info: ::ffff:10.10.7.94 - POST /api/v1/bookings/create 200 - 2671.349 ms
{Thu Apr 16 2026 11:19:29} [APP ЁЯЪА] info: ::ffff:10.10.7.94 - GET /api/v1/bookings?status=REQUESTED 200 - 13.053 ms
{Thu Apr 16 2026 11:20:00} [APP ЁЯЪА] info: Deleted 0 unverified accounts.
{Thu Apr 16 2026 11:20:04} [APP ЁЯЪА] info: ::ffff:10.10.7.94 - GET /api/v1/bookings 200 - 9.221 ms
{Thu Apr 16 2026 11:21:00} [APP ЁЯЪА] info: Deleted 0 unverified accounts.
{Thu Apr 16 2026 11:21:07} [APP ЁЯЪА] info: ::ffff:10.10.7.94 - GET /api/v1/bookings 200 - 9.250 ms
{Thu Apr 16 2026 11:21:35} [APP ЁЯЪА] info: ::ffff:10.10.7.94 - GET /api/v1/bookings?status=REQUESTED 200 - 2.712 ms
{Thu Apr 16 2026 11:22:00} [APP ЁЯЪА] info: Deleted 0 unverified accounts.
{Thu Apr 16 2026 11:22:19} [APP ЁЯЪА] info: ::ffff:10.10.7.94 - GET /api/v1/services/home 200 - 6.542 ms
{Thu Apr 16 2026 11:22:31} [APP ЁЯЪА] info: ::ffff:10.10.7.94 - POST /api/v1/bookings/create 200 - 494.692 ms
{Thu Apr 16 2026 11:23:00} [APP ЁЯЪА] info: Deleted 0 unverified accounts.
{Thu Apr 16 2026 11:24:00} [APP ЁЯЪА] info: Deleted 0 unverified accounts.
{Thu Apr 16 2026 11:25:00} [APP ЁЯЪА] info: Deleted 0 unverified accounts.
{Thu Apr 16 2026 11:25:24} [APP ЁЯЪА] info: ::1 - GET / 200 - 0.933 ms
{Thu Apr 16 2026 11:26:00} [APP ЁЯЪА] info: Deleted 0 unverified accounts.
{Thu Apr 16 2026 11:27:00} [APP ЁЯЪА] info: Deleted 0 unverified accounts.
{Thu Apr 16 2026 11:27:04} [APP ЁЯЪА] info: ::1 - POST /api/v1/webhook 200 - 151.383 ms
{Thu Apr 16 2026 11:27:06} [APP ЁЯЪА] info: ::ffff:10.10.7.94 - POST /api/v1/bookings/create 200 - 2169.909 ms
{Thu Apr 16 2026 11:27:11} [APP ЁЯЪА] info: ::1 - POST /api/v1/webhook 200 - 34.116 ms
{Thu Apr 16 2026 11:27:24} [APP ЁЯЪА] info: ::1 - POST /api/v1/webhook 200 - 80.543 ms
{Thu Apr 16 2026 11:27:36} [APP ЁЯЪА] info: ::ffff:10.10.7.94 - GET /api/v1/bookings?status=REQUESTED 200 - 3.314 ms
{Thu Apr 16 2026 11:28:00} [APP ЁЯЪА] info: Deleted 0 unverified accounts.
{Thu Apr 16 2026 11:28:36} [APP ЁЯЪА] info: ::ffff:10.10.7.94 - POST /api/v1/reviews/create 200 - 60.892 ms
{Thu Apr 16 2026 11:28:45} [APP ЁЯЪА] info: ::ffff:10.10.7.94 - POST /api/v1/reviews/create 200 - 15.810 ms
{Thu Apr 16 2026 11:28:57} [APP ЁЯЪА] info: ::ffff:10.10.7.94 - POST /api/v1/reviews/create 200 - 18.553 ms
{Thu Apr 16 2026 11:29:00} [APP ЁЯЪА] info: Deleted 0 unverified accounts.
{Thu Apr 16 2026 11:30:00} [APP ЁЯЪА] info: Deleted 0 unverified accounts.
{Thu Apr 16 2026 11:31:00} [APP ЁЯЪА] info: Deleted 0 unverified accounts.
{Thu Apr 16 2026 11:31:53} [APP ЁЯЪА] info: [32mЁЯЪА Database connected successfully[39m
{Thu Apr 16 2026 11:31:53} [APP ЁЯЪА] info: [33mтЬЕ Admin account already exists![39m
{Thu Apr 16 2026 11:31:53} [APP ЁЯЪА] info: Unverified account cleanup job scheduled to run every minute.
{Thu Apr 16 2026 11:31:53} [APP ЁЯЪА] info: Booking SLA job scheduled to run every 15 minutes (Threshold: 5 hours).
{Thu Apr 16 2026 11:31:53} [APP ЁЯЪА] info: Booking Auto-Settle job scheduled to run every hour (Threshold: 48 hours).
{Thu Apr 16 2026 11:31:53} [APP ЁЯЪА] info: [32mЁЯНБ Server connected successfully[39m
{Thu Apr 16 2026 11:31:53} [APP ЁЯЪА] info: [33mтЩ╗я╕П  Application listening on port:5001[39m
{Thu Apr 16 2026 11:31:54} [APP ЁЯЪА] info: ::ffff:10.10.7.94 - POST /api/v1/bookings/create 200 - 602.984 ms
{Thu Apr 16 2026 11:32:00} [APP ЁЯЪА] info: Deleted 0 unverified accounts.
{Thu Apr 16 2026 11:32:12} [APP ЁЯЪА] info: ::1 - POST /api/v1/webhook 200 - 55.218 ms
{Thu Apr 16 2026 11:32:22} [APP ЁЯЪА] info: ::ffff:10.10.7.94 - GET /api/v1/bookings?status=REQUESTED 200 - 6.552 ms
{Thu Apr 16 2026 11:33:00} [APP ЁЯЪА] info: Deleted 0 unverified accounts.
{Thu Apr 16 2026 11:34:00} [APP ЁЯЪА] info: Deleted 0 unverified accounts.
{Thu Apr 16 2026 11:35:00} [APP ЁЯЪА] info: Deleted 0 unverified accounts.
{Thu Apr 16 2026 11:36:00} [APP ЁЯЪА] info: Deleted 0 unverified accounts.
{Thu Apr 16 2026 11:36:25} [APP ЁЯЪА] info: [32mЁЯЪА Database connected successfully[39m
{Thu Apr 16 2026 11:36:25} [APP ЁЯЪА] info: [33mтЬЕ Admin account already exists![39m
{Thu Apr 16 2026 11:36:25} [APP ЁЯЪА] info: Unverified account cleanup job scheduled to run every minute.
{Thu Apr 16 2026 11:36:25} [APP ЁЯЪА] info: Booking SLA job scheduled to run every 15 minutes (Threshold: 5 hours).
{Thu Apr 16 2026 11:36:25} [APP ЁЯЪА] info: Booking Auto-Settle job scheduled to run every hour (Threshold: 48 hours).
{Thu Apr 16 2026 11:36:25} [APP ЁЯЪА] info: [32mЁЯНБ Server connected successfully[39m
{Thu Apr 16 2026 11:36:25} [APP ЁЯЪА] info: [33mтЩ╗я╕П  Application listening on port:5001[39m
{Thu Apr 16 2026 11:36:41} [APP ЁЯЪА] info: [32mЁЯЪА Database connected successfully[39m
{Thu Apr 16 2026 11:36:41} [APP ЁЯЪА] info: [33mтЬЕ Admin account already exists![39m
{Thu Apr 16 2026 11:36:41} [APP ЁЯЪА] info: Unverified account cleanup job scheduled to run every minute.
{Thu Apr 16 2026 11:36:41} [APP ЁЯЪА] info: Booking SLA job scheduled to run every 15 minutes (Threshold: 5 hours).
{Thu Apr 16 2026 11:36:41} [APP ЁЯЪА] info: Booking Auto-Settle job scheduled to run every hour (Threshold: 48 hours).
{Thu Apr 16 2026 11:36:41} [APP ЁЯЪА] info: [32mЁЯНБ Server connected successfully[39m
{Thu Apr 16 2026 11:36:41} [APP ЁЯЪА] info: [33mтЩ╗я╕П  Application listening on port:5001[39m
{Thu Apr 16 2026 11:36:45} [APP ЁЯЪА] info: [32mЁЯЪА Database connected successfully[39m
{Thu Apr 16 2026 11:36:45} [APP ЁЯЪА] info: [33mтЬЕ Admin account already exists![39m
{Thu Apr 16 2026 11:36:45} [APP ЁЯЪА] info: Unverified account cleanup job scheduled to run every minute.
{Thu Apr 16 2026 11:36:45} [APP ЁЯЪА] info: Booking SLA job scheduled to run every 15 minutes (Threshold: 5 hours).
{Thu Apr 16 2026 11:36:45} [APP ЁЯЪА] info: Booking Auto-Settle job scheduled to run every hour (Threshold: 48 hours).
{Thu Apr 16 2026 11:36:45} [APP ЁЯЪА] info: [32mЁЯНБ Server connected successfully[39m
{Thu Apr 16 2026 11:36:45} [APP ЁЯЪА] info: [33mтЩ╗я╕П  Application listening on port:5001[39m
{Thu Apr 16 2026 11:37:00} [APP ЁЯЪА] info: [32mЁЯЪА Database connected successfully[39m
{Thu Apr 16 2026 11:37:00} [APP ЁЯЪА] info: [33mтЬЕ Admin account already exists![39m
{Thu Apr 16 2026 11:37:00} [APP ЁЯЪА] info: Unverified account cleanup job scheduled to run every minute.
{Thu Apr 16 2026 11:37:00} [APP ЁЯЪА] info: Booking SLA job scheduled to run every 15 minutes (Threshold: 5 hours).
{Thu Apr 16 2026 11:37:00} [APP ЁЯЪА] info: Booking Auto-Settle job scheduled to run every hour (Threshold: 48 hours).
{Thu Apr 16 2026 11:37:00} [APP ЁЯЪА] info: [32mЁЯНБ Server connected successfully[39m
{Thu Apr 16 2026 11:37:00} [APP ЁЯЪА] info: [33mтЩ╗я╕П  Application listening on port:5001[39m
