{Mon Apr 06 2026 08:22:58} [APP 🚀] info: [32m🚀 Database connected successfully[39m
{Mon Apr 06 2026 08:22:58} [APP 🚀] info: [33m✅ Admin account already exists![39m
{Mon Apr 06 2026 08:22:58} [APP 🚀] info: Unverified account cleanup job scheduled to run every minute.
{Mon Apr 06 2026 08:22:58} [APP 🚀] info: Booking SLA job scheduled to run every 15 minutes (Threshold: 5 hours).
{Mon Apr 06 2026 08:22:58} [APP 🚀] info: Booking Auto-Settle job scheduled to run every hour (Threshold: 48 hours).
{Mon Apr 06 2026 08:22:58} [APP 🚀] info: [32m🍁 Server connected successfully[39m
{Mon Apr 06 2026 08:22:58} [APP 🚀] info: [33m♻️  Application listening on port:5001[39m
{Mon Apr 06 2026 08:23:00} [APP 🚀] info: Deleted 0 unverified accounts.
{Mon Apr 06 2026 08:24:00} [APP 🚀] info: Deleted 0 unverified accounts.
{Mon Apr 06 2026 08:25:00} [APP 🚀] info: Deleted 0 unverified accounts.
{Mon Apr 06 2026 08:26:00} [APP 🚀] info: Deleted 0 unverified accounts.
{Mon Apr 06 2026 08:27:00} [APP 🚀] info: Deleted 0 unverified accounts.
{Mon Apr 06 2026 08:28:00} [APP 🚀] info: Deleted 0 unverified accounts.
{Mon Apr 06 2026 08:29:00} [APP 🚀] info: Deleted 0 unverified accounts.
{Mon Apr 06 2026 08:30:00} [APP 🚀] info: Deleted 0 unverified accounts.
{Mon Apr 06 2026 08:31:00} [APP 🚀] info: Deleted 0 unverified accounts.
{Mon Apr 06 2026 08:32:00} [APP 🚀] info: Deleted 0 unverified accounts.
{Mon Apr 06 2026 08:33:00} [APP 🚀] info: Deleted 0 unverified accounts.
{Mon Apr 06 2026 08:34:00} [APP 🚀] info: Deleted 0 unverified accounts.
{Mon Apr 06 2026 08:35:00} [APP 🚀] info: Deleted 0 unverified accounts.
{Mon Apr 06 2026 08:35:05} [APP 🚀] info: [32m🚀 Database connected successfully[39m
{Mon Apr 06 2026 08:35:05} [APP 🚀] info: [33m✅ Admin account already exists![39m
{Mon Apr 06 2026 08:35:05} [APP 🚀] info: Unverified account cleanup job scheduled to run every minute.
{Mon Apr 06 2026 08:35:05} [APP 🚀] info: Booking SLA job scheduled to run every 15 minutes (Threshold: 5 hours).
{Mon Apr 06 2026 08:35:05} [APP 🚀] info: Booking Auto-Settle job scheduled to run every hour (Threshold: 48 hours).
{Mon Apr 06 2026 08:35:05} [APP 🚀] info: [32m🍁 Server connected successfully[39m
{Mon Apr 06 2026 08:35:05} [APP 🚀] info: [33m♻️  Application listening on port:5001[39m
{Mon Apr 06 2026 08:35:16} [APP 🚀] info: [32m🚀 Database connected successfully[39m
{Mon Apr 06 2026 08:35:17} [APP 🚀] info: [33m✅ Admin account already exists![39m
{Mon Apr 06 2026 08:35:17} [APP 🚀] info: Unverified account cleanup job scheduled to run every minute.
{Mon Apr 06 2026 08:35:17} [APP 🚀] info: Booking SLA job scheduled to run every 15 minutes (Threshold: 5 hours).
{Mon Apr 06 2026 08:35:17} [APP 🚀] info: Booking Auto-Settle job scheduled to run every hour (Threshold: 48 hours).
{Mon Apr 06 2026 08:35:17} [APP 🚀] info: [32m🍁 Server connected successfully[39m
{Mon Apr 06 2026 08:35:17} [APP 🚀] info: [33m♻️  Application listening on port:5001[39m
{Mon Apr 06 2026 08:35:52} [APP 🚀] info: [32m🚀 Database connected successfully[39m
{Mon Apr 06 2026 08:35:52} [APP 🚀] info: [33m✅ Admin account already exists![39m
{Mon Apr 06 2026 08:35:52} [APP 🚀] info: Unverified account cleanup job scheduled to run every minute.
{Mon Apr 06 2026 08:35:52} [APP 🚀] info: Booking SLA job scheduled to run every 15 minutes (Threshold: 5 hours).
{Mon Apr 06 2026 08:35:52} [APP 🚀] info: Booking Auto-Settle job scheduled to run every hour (Threshold: 48 hours).
{Mon Apr 06 2026 08:35:52} [APP 🚀] info: [32m🍁 Server connected successfully[39m
{Mon Apr 06 2026 08:35:52} [APP 🚀] info: [33m♻️  Application listening on port:5001[39m
{Mon Apr 06 2026 08:36:00} [APP 🚀] info: Deleted 0 unverified accounts.
{Mon Apr 06 2026 08:37:00} [APP 🚀] info: Deleted 0 unverified accounts.
{Mon Apr 06 2026 08:38:00} [APP 🚀] info: Deleted 0 unverified accounts.
{Mon Apr 06 2026 08:39:00} [APP 🚀] info: Deleted 0 unverified accounts.
{Mon Apr 06 2026 08:40:00} [APP 🚀] info: Deleted 0 unverified accounts.
{Mon Apr 06 2026 08:41:00} [APP 🚀] info: Deleted 0 unverified accounts.
{Mon Apr 06 2026 08:42:00} [APP 🚀] info: Deleted 0 unverified accounts.
{Mon Apr 06 2026 08:43:00} [APP 🚀] info: Deleted 0 unverified accounts.
{Mon Apr 06 2026 08:44:00} [APP 🚀] info: Deleted 0 unverified accounts.
{Mon Apr 06 2026 08:45:00} [APP 🚀] info: Deleted 0 unverified accounts.
{Mon Apr 06 2026 08:46:00} [APP 🚀] info: Deleted 0 unverified accounts.
{Mon Apr 06 2026 08:46:20} [APP 🚀] info: [32m🚀 Database connected successfully[39m
{Mon Apr 06 2026 08:46:20} [APP 🚀] info: [33m✅ Admin account already exists![39m
{Mon Apr 06 2026 08:46:20} [APP 🚀] info: Unverified account cleanup job scheduled to run every minute.
{Mon Apr 06 2026 08:46:20} [APP 🚀] info: Booking SLA job scheduled to run every 15 minutes (Threshold: 5 hours).
{Mon Apr 06 2026 08:46:20} [APP 🚀] info: Booking Auto-Settle job scheduled to run every hour (Threshold: 48 hours).
{Mon Apr 06 2026 08:46:20} [APP 🚀] info: [32m🍁 Server connected successfully[39m
{Mon Apr 06 2026 08:46:20} [APP 🚀] info: [33m♻️  Application listening on port:5001[39m
{Mon Apr 06 2026 08:46:30} [APP 🚀] info: ::1 - GET / 304 - 2.920 ms
{Mon Apr 06 2026 08:46:34} [APP 🚀] info: [32m🚀 Database connected successfully[39m
{Mon Apr 06 2026 08:46:34} [APP 🚀] info: [33m✅ Admin account already exists![39m
{Mon Apr 06 2026 08:46:34} [APP 🚀] info: Unverified account cleanup job scheduled to run every minute.
{Mon Apr 06 2026 08:46:34} [APP 🚀] info: Booking SLA job scheduled to run every 15 minutes (Threshold: 5 hours).
{Mon Apr 06 2026 08:46:34} [APP 🚀] info: Booking Auto-Settle job scheduled to run every hour (Threshold: 48 hours).
{Mon Apr 06 2026 08:46:34} [APP 🚀] info: [32m🍁 Server connected successfully[39m
{Mon Apr 06 2026 08:46:34} [APP 🚀] info: [33m♻️  Application listening on port:5001[39m
{Mon Apr 06 2026 08:46:41} [APP 🚀] info: ::1 - GET / 304 - 2.920 ms
{Mon Apr 06 2026 08:46:46} [APP 🚀] info: [32m🚀 Database connected successfully[39m
{Mon Apr 06 2026 08:46:46} [APP 🚀] info: [33m✅ Admin account already exists![39m
{Mon Apr 06 2026 08:46:46} [APP 🚀] info: Unverified account cleanup job scheduled to run every minute.
{Mon Apr 06 2026 08:46:46} [APP 🚀] info: Booking SLA job scheduled to run every 15 minutes (Threshold: 5 hours).
{Mon Apr 06 2026 08:46:46} [APP 🚀] info: Booking Auto-Settle job scheduled to run every hour (Threshold: 48 hours).
{Mon Apr 06 2026 08:46:46} [APP 🚀] info: [32m🍁 Server connected successfully[39m
{Mon Apr 06 2026 08:46:46} [APP 🚀] info: [33m♻️  Application listening on port:5001[39m
{Mon Apr 06 2026 08:47:00} [APP 🚀] info: Deleted 0 unverified accounts.
{Mon Apr 06 2026 08:47:03} [APP 🚀] info: [32m🚀 Database connected successfully[39m
{Mon Apr 06 2026 08:47:03} [APP 🚀] info: [33m✅ Admin account already exists![39m
{Mon Apr 06 2026 08:47:03} [APP 🚀] info: Unverified account cleanup job scheduled to run every minute.
{Mon Apr 06 2026 08:47:03} [APP 🚀] info: Booking SLA job scheduled to run every 15 minutes (Threshold: 5 hours).
{Mon Apr 06 2026 08:47:03} [APP 🚀] info: Booking Auto-Settle job scheduled to run every hour (Threshold: 48 hours).
{Mon Apr 06 2026 08:47:03} [APP 🚀] info: [32m🍁 Server connected successfully[39m
{Mon Apr 06 2026 08:47:03} [APP 🚀] info: [33m♻️  Application listening on port:5001[39m
{Mon Apr 06 2026 08:47:10} [APP 🚀] info: [32m🚀 Database connected successfully[39m
{Mon Apr 06 2026 08:47:10} [APP 🚀] info: [33m✅ Admin account already exists![39m
{Mon Apr 06 2026 08:47:10} [APP 🚀] info: Unverified account cleanup job scheduled to run every minute.
{Mon Apr 06 2026 08:47:10} [APP 🚀] info: Booking SLA job scheduled to run every 15 minutes (Threshold: 5 hours).
{Mon Apr 06 2026 08:47:10} [APP 🚀] info: Booking Auto-Settle job scheduled to run every hour (Threshold: 48 hours).
{Mon Apr 06 2026 08:47:10} [APP 🚀] info: [32m🍁 Server connected successfully[39m
{Mon Apr 06 2026 08:47:10} [APP 🚀] info: [33m♻️  Application listening on port:5001[39m
{Mon Apr 06 2026 08:47:30} [APP 🚀] info: [32m🚀 Database connected successfully[39m
{Mon Apr 06 2026 08:47:30} [APP 🚀] info: [33m✅ Admin account already exists![39m
{Mon Apr 06 2026 08:47:30} [APP 🚀] info: Unverified account cleanup job scheduled to run every minute.
{Mon Apr 06 2026 08:47:30} [APP 🚀] info: Booking SLA job scheduled to run every 15 minutes (Threshold: 5 hours).
{Mon Apr 06 2026 08:47:30} [APP 🚀] info: Booking Auto-Settle job scheduled to run every hour (Threshold: 48 hours).
{Mon Apr 06 2026 08:47:30} [APP 🚀] info: [32m🍁 Server connected successfully[39m
{Mon Apr 06 2026 08:47:30} [APP 🚀] info: [33m♻️  Application listening on port:5001[39m
{Mon Apr 06 2026 08:47:49} [APP 🚀] info: [32m🚀 Database connected successfully[39m
{Mon Apr 06 2026 08:47:49} [APP 🚀] info: [33m✅ Admin account already exists![39m
{Mon Apr 06 2026 08:47:49} [APP 🚀] info: Unverified account cleanup job scheduled to run every minute.
{Mon Apr 06 2026 08:47:49} [APP 🚀] info: Booking SLA job scheduled to run every 15 minutes (Threshold: 5 hours).
{Mon Apr 06 2026 08:47:49} [APP 🚀] info: Booking Auto-Settle job scheduled to run every hour (Threshold: 48 hours).
{Mon Apr 06 2026 08:47:49} [APP 🚀] info: [32m🍁 Server connected successfully[39m
{Mon Apr 06 2026 08:47:49} [APP 🚀] info: [33m♻️  Application listening on port:5001[39m
{Mon Apr 06 2026 08:47:55} [APP 🚀] info: [32m🚀 Database connected successfully[39m
{Mon Apr 06 2026 08:47:56} [APP 🚀] info: [33m✅ Admin account already exists![39m
{Mon Apr 06 2026 08:47:56} [APP 🚀] info: Unverified account cleanup job scheduled to run every minute.
{Mon Apr 06 2026 08:47:56} [APP 🚀] info: Booking SLA job scheduled to run every 15 minutes (Threshold: 5 hours).
{Mon Apr 06 2026 08:47:56} [APP 🚀] info: Booking Auto-Settle job scheduled to run every hour (Threshold: 48 hours).
{Mon Apr 06 2026 08:47:56} [APP 🚀] info: [32m🍁 Server connected successfully[39m
{Mon Apr 06 2026 08:47:56} [APP 🚀] info: [33m♻️  Application listening on port:5001[39m
{Mon Apr 06 2026 08:48:00} [APP 🚀] info: Deleted 0 unverified accounts.
{Mon Apr 06 2026 08:48:03} [APP 🚀] info: [32m🚀 Database connected successfully[39m
{Mon Apr 06 2026 08:48:03} [APP 🚀] info: [33m✅ Admin account already exists![39m
{Mon Apr 06 2026 08:48:03} [APP 🚀] info: Unverified account cleanup job scheduled to run every minute.
{Mon Apr 06 2026 08:48:03} [APP 🚀] info: Booking SLA job scheduled to run every 15 minutes (Threshold: 5 hours).
{Mon Apr 06 2026 08:48:03} [APP 🚀] info: Booking Auto-Settle job scheduled to run every hour (Threshold: 48 hours).
{Mon Apr 06 2026 08:48:03} [APP 🚀] info: [32m🍁 Server connected successfully[39m
{Mon Apr 06 2026 08:48:03} [APP 🚀] info: [33m♻️  Application listening on port:5001[39m
{Mon Apr 06 2026 08:48:22} [APP 🚀] info: [32m🚀 Database connected successfully[39m
{Mon Apr 06 2026 08:48:22} [APP 🚀] info: [33m✅ Admin account already exists![39m
{Mon Apr 06 2026 08:48:22} [APP 🚀] info: Unverified account cleanup job scheduled to run every minute.
{Mon Apr 06 2026 08:48:22} [APP 🚀] info: Booking SLA job scheduled to run every 15 minutes (Threshold: 5 hours).
{Mon Apr 06 2026 08:48:22} [APP 🚀] info: Booking Auto-Settle job scheduled to run every hour (Threshold: 48 hours).
{Mon Apr 06 2026 08:48:22} [APP 🚀] info: [32m🍁 Server connected successfully[39m
{Mon Apr 06 2026 08:48:22} [APP 🚀] info: [33m♻️  Application listening on port:5001[39m
{Mon Apr 06 2026 08:48:31} [APP 🚀] info: [32m🚀 Database connected successfully[39m
{Mon Apr 06 2026 08:48:31} [APP 🚀] info: [33m✅ Admin account already exists![39m
{Mon Apr 06 2026 08:48:31} [APP 🚀] info: Unverified account cleanup job scheduled to run every minute.
{Mon Apr 06 2026 08:48:31} [APP 🚀] info: Booking SLA job scheduled to run every 15 minutes (Threshold: 5 hours).
{Mon Apr 06 2026 08:48:31} [APP 🚀] info: Booking Auto-Settle job scheduled to run every hour (Threshold: 48 hours).
{Mon Apr 06 2026 08:48:31} [APP 🚀] info: [32m🍁 Server connected successfully[39m
{Mon Apr 06 2026 08:48:31} [APP 🚀] info: [33m♻️  Application listening on port:5001[39m
{Mon Apr 06 2026 08:48:38} [APP 🚀] info: [32m🚀 Database connected successfully[39m
{Mon Apr 06 2026 08:48:38} [APP 🚀] info: [33m✅ Admin account already exists![39m
{Mon Apr 06 2026 08:48:38} [APP 🚀] info: Unverified account cleanup job scheduled to run every minute.
{Mon Apr 06 2026 08:48:38} [APP 🚀] info: Booking SLA job scheduled to run every 15 minutes (Threshold: 5 hours).
{Mon Apr 06 2026 08:48:38} [APP 🚀] info: Booking Auto-Settle job scheduled to run every hour (Threshold: 48 hours).
{Mon Apr 06 2026 08:48:38} [APP 🚀] info: [32m🍁 Server connected successfully[39m
{Mon Apr 06 2026 08:48:38} [APP 🚀] info: [33m♻️  Application listening on port:5001[39m
{Mon Apr 06 2026 08:48:43} [APP 🚀] info: [32m🚀 Database connected successfully[39m
{Mon Apr 06 2026 08:48:43} [APP 🚀] info: [33m✅ Admin account already exists![39m
{Mon Apr 06 2026 08:48:43} [APP 🚀] info: Unverified account cleanup job scheduled to run every minute.
{Mon Apr 06 2026 08:48:43} [APP 🚀] info: Booking SLA job scheduled to run every 15 minutes (Threshold: 5 hours).
{Mon Apr 06 2026 08:48:43} [APP 🚀] info: Booking Auto-Settle job scheduled to run every hour (Threshold: 48 hours).
{Mon Apr 06 2026 08:48:43} [APP 🚀] info: [32m🍁 Server connected successfully[39m
{Mon Apr 06 2026 08:48:43} [APP 🚀] info: [33m♻️  Application listening on port:5001[39m
{Mon Apr 06 2026 08:48:49} [APP 🚀] info: [32m🚀 Database connected successfully[39m
{Mon Apr 06 2026 08:48:49} [APP 🚀] info: [33m✅ Admin account already exists![39m
{Mon Apr 06 2026 08:48:49} [APP 🚀] info: Unverified account cleanup job scheduled to run every minute.
{Mon Apr 06 2026 08:48:49} [APP 🚀] info: Booking SLA job scheduled to run every 15 minutes (Threshold: 5 hours).
{Mon Apr 06 2026 08:48:49} [APP 🚀] info: Booking Auto-Settle job scheduled to run every hour (Threshold: 48 hours).
{Mon Apr 06 2026 08:48:49} [APP 🚀] info: [32m🍁 Server connected successfully[39m
{Mon Apr 06 2026 08:48:49} [APP 🚀] info: [33m♻️  Application listening on port:5001[39m
{Mon Apr 06 2026 08:48:56} [APP 🚀] info: [32m🚀 Database connected successfully[39m
{Mon Apr 06 2026 08:48:56} [APP 🚀] info: [33m✅ Admin account already exists![39m
{Mon Apr 06 2026 08:48:56} [APP 🚀] info: Unverified account cleanup job scheduled to run every minute.
{Mon Apr 06 2026 08:48:56} [APP 🚀] info: Booking SLA job scheduled to run every 15 minutes (Threshold: 5 hours).
{Mon Apr 06 2026 08:48:56} [APP 🚀] info: Booking Auto-Settle job scheduled to run every hour (Threshold: 48 hours).
{Mon Apr 06 2026 08:48:56} [APP 🚀] info: [32m🍁 Server connected successfully[39m
{Mon Apr 06 2026 08:48:56} [APP 🚀] info: [33m♻️  Application listening on port:5001[39m
{Mon Apr 06 2026 08:49:00} [APP 🚀] info: Deleted 0 unverified accounts.
{Mon Apr 06 2026 08:49:07} [APP 🚀] info: [32m🚀 Database connected successfully[39m
{Mon Apr 06 2026 08:49:07} [APP 🚀] info: [33m✅ Admin account already exists![39m
{Mon Apr 06 2026 08:49:07} [APP 🚀] info: Unverified account cleanup job scheduled to run every minute.
{Mon Apr 06 2026 08:49:07} [APP 🚀] info: Booking SLA job scheduled to run every 15 minutes (Threshold: 5 hours).
{Mon Apr 06 2026 08:49:07} [APP 🚀] info: Booking Auto-Settle job scheduled to run every hour (Threshold: 48 hours).
{Mon Apr 06 2026 08:49:07} [APP 🚀] info: [32m🍁 Server connected successfully[39m
{Mon Apr 06 2026 08:49:07} [APP 🚀] info: [33m♻️  Application listening on port:5001[39m
{Mon Apr 06 2026 08:49:33} [APP 🚀] info: [32m🚀 Database connected successfully[39m
{Mon Apr 06 2026 08:49:33} [APP 🚀] info: [33m✅ Admin account already exists![39m
{Mon Apr 06 2026 08:49:33} [APP 🚀] info: Unverified account cleanup job scheduled to run every minute.
{Mon Apr 06 2026 08:49:33} [APP 🚀] info: Booking SLA job scheduled to run every 15 minutes (Threshold: 5 hours).
{Mon Apr 06 2026 08:49:33} [APP 🚀] info: Booking Auto-Settle job scheduled to run every hour (Threshold: 48 hours).
{Mon Apr 06 2026 08:49:33} [APP 🚀] info: [32m🍁 Server connected successfully[39m
{Mon Apr 06 2026 08:49:33} [APP 🚀] info: [33m♻️  Application listening on port:5001[39m
{Mon Apr 06 2026 08:49:40} [APP 🚀] info: [32m🚀 Database connected successfully[39m
{Mon Apr 06 2026 08:49:40} [APP 🚀] info: [33m✅ Admin account already exists![39m
{Mon Apr 06 2026 08:49:40} [APP 🚀] info: Unverified account cleanup job scheduled to run every minute.
{Mon Apr 06 2026 08:49:40} [APP 🚀] info: Booking SLA job scheduled to run every 15 minutes (Threshold: 5 hours).
{Mon Apr 06 2026 08:49:40} [APP 🚀] info: Booking Auto-Settle job scheduled to run every hour (Threshold: 48 hours).
{Mon Apr 06 2026 08:49:40} [APP 🚀] info: [32m🍁 Server connected successfully[39m
{Mon Apr 06 2026 08:49:40} [APP 🚀] info: [33m♻️  Application listening on port:5001[39m
{Mon Apr 06 2026 08:49:47} [APP 🚀] info: [32m🚀 Database connected successfully[39m
{Mon Apr 06 2026 08:49:47} [APP 🚀] info: [33m✅ Admin account already exists![39m
{Mon Apr 06 2026 08:49:47} [APP 🚀] info: Unverified account cleanup job scheduled to run every minute.
{Mon Apr 06 2026 08:49:47} [APP 🚀] info: Booking SLA job scheduled to run every 15 minutes (Threshold: 5 hours).
{Mon Apr 06 2026 08:49:47} [APP 🚀] info: Booking Auto-Settle job scheduled to run every hour (Threshold: 48 hours).
{Mon Apr 06 2026 08:49:47} [APP 🚀] info: [32m🍁 Server connected successfully[39m
{Mon Apr 06 2026 08:49:47} [APP 🚀] info: [33m♻️  Application listening on port:5001[39m
{Mon Apr 06 2026 08:50:00} [APP 🚀] info: Deleted 0 unverified accounts.
{Mon Apr 06 2026 08:50:10} [APP 🚀] info: [32m🚀 Database connected successfully[39m
{Mon Apr 06 2026 08:50:10} [APP 🚀] info: [33m✅ Admin account already exists![39m
{Mon Apr 06 2026 08:50:10} [APP 🚀] info: Unverified account cleanup job scheduled to run every minute.
{Mon Apr 06 2026 08:50:10} [APP 🚀] info: Booking SLA job scheduled to run every 15 minutes (Threshold: 5 hours).
{Mon Apr 06 2026 08:50:10} [APP 🚀] info: Booking Auto-Settle job scheduled to run every hour (Threshold: 48 hours).
{Mon Apr 06 2026 08:50:10} [APP 🚀] info: [32m🍁 Server connected successfully[39m
{Mon Apr 06 2026 08:50:10} [APP 🚀] info: [33m♻️  Application listening on port:5001[39m
{Mon Apr 06 2026 08:50:17} [APP 🚀] info: [32m🚀 Database connected successfully[39m
{Mon Apr 06 2026 08:50:17} [APP 🚀] info: [33m✅ Admin account already exists![39m
{Mon Apr 06 2026 08:50:17} [APP 🚀] info: Unverified account cleanup job scheduled to run every minute.
{Mon Apr 06 2026 08:50:17} [APP 🚀] info: Booking SLA job scheduled to run every 15 minutes (Threshold: 5 hours).
{Mon Apr 06 2026 08:50:17} [APP 🚀] info: Booking Auto-Settle job scheduled to run every hour (Threshold: 48 hours).
{Mon Apr 06 2026 08:50:17} [APP 🚀] info: [32m🍁 Server connected successfully[39m
{Mon Apr 06 2026 08:50:17} [APP 🚀] info: [33m♻️  Application listening on port:5001[39m
{Mon Apr 06 2026 08:50:45} [APP 🚀] info: [32m🚀 Database connected successfully[39m
{Mon Apr 06 2026 08:50:45} [APP 🚀] info: [33m✅ Admin account already exists![39m
{Mon Apr 06 2026 08:50:45} [APP 🚀] info: Unverified account cleanup job scheduled to run every minute.
{Mon Apr 06 2026 08:50:45} [APP 🚀] info: Booking SLA job scheduled to run every 15 minutes (Threshold: 5 hours).
{Mon Apr 06 2026 08:50:45} [APP 🚀] info: Booking Auto-Settle job scheduled to run every hour (Threshold: 48 hours).
{Mon Apr 06 2026 08:50:45} [APP 🚀] info: [32m🍁 Server connected successfully[39m
{Mon Apr 06 2026 08:50:45} [APP 🚀] info: [33m♻️  Application listening on port:5001[39m
{Mon Apr 06 2026 08:50:52} [APP 🚀] info: [32m🚀 Database connected successfully[39m
{Mon Apr 06 2026 08:50:52} [APP 🚀] info: [33m✅ Admin account already exists![39m
{Mon Apr 06 2026 08:50:52} [APP 🚀] info: Unverified account cleanup job scheduled to run every minute.
{Mon Apr 06 2026 08:50:52} [APP 🚀] info: Booking SLA job scheduled to run every 15 minutes (Threshold: 5 hours).
{Mon Apr 06 2026 08:50:52} [APP 🚀] info: Booking Auto-Settle job scheduled to run every hour (Threshold: 48 hours).
{Mon Apr 06 2026 08:50:52} [APP 🚀] info: [32m🍁 Server connected successfully[39m
{Mon Apr 06 2026 08:50:52} [APP 🚀] info: [33m♻️  Application listening on port:5001[39m
{Mon Apr 06 2026 08:51:00} [APP 🚀] info: [32m🚀 Database connected successfully[39m
{Mon Apr 06 2026 08:51:00} [APP 🚀] info: [33m✅ Admin account already exists![39m
{Mon Apr 06 2026 08:51:00} [APP 🚀] info: Unverified account cleanup job scheduled to run every minute.
{Mon Apr 06 2026 08:51:00} [APP 🚀] info: Booking SLA job scheduled to run every 15 minutes (Threshold: 5 hours).
{Mon Apr 06 2026 08:51:00} [APP 🚀] info: Booking Auto-Settle job scheduled to run every hour (Threshold: 48 hours).
{Mon Apr 06 2026 08:51:00} [APP 🚀] info: [32m🍁 Server connected successfully[39m
{Mon Apr 06 2026 08:51:00} [APP 🚀] info: [33m♻️  Application listening on port:5001[39m
{Mon Apr 06 2026 08:51:07} [APP 🚀] info: [32m🚀 Database connected successfully[39m
{Mon Apr 06 2026 08:51:07} [APP 🚀] info: [33m✅ Admin account already exists![39m
{Mon Apr 06 2026 08:51:07} [APP 🚀] info: Unverified account cleanup job scheduled to run every minute.
{Mon Apr 06 2026 08:51:07} [APP 🚀] info: Booking SLA job scheduled to run every 15 minutes (Threshold: 5 hours).
{Mon Apr 06 2026 08:51:07} [APP 🚀] info: Booking Auto-Settle job scheduled to run every hour (Threshold: 48 hours).
{Mon Apr 06 2026 08:51:07} [APP 🚀] info: [32m🍁 Server connected successfully[39m
{Mon Apr 06 2026 08:51:07} [APP 🚀] info: [33m♻️  Application listening on port:5001[39m
{Mon Apr 06 2026 08:51:23} [APP 🚀] info: [32m🚀 Database connected successfully[39m
{Mon Apr 06 2026 08:51:23} [APP 🚀] info: [33m✅ Admin account already exists![39m
{Mon Apr 06 2026 08:51:23} [APP 🚀] info: Unverified account cleanup job scheduled to run every minute.
{Mon Apr 06 2026 08:51:23} [APP 🚀] info: Booking SLA job scheduled to run every 15 minutes (Threshold: 5 hours).
{Mon Apr 06 2026 08:51:23} [APP 🚀] info: Booking Auto-Settle job scheduled to run every hour (Threshold: 48 hours).
{Mon Apr 06 2026 08:51:23} [APP 🚀] info: [32m🍁 Server connected successfully[39m
{Mon Apr 06 2026 08:51:23} [APP 🚀] info: [33m♻️  Application listening on port:5001[39m
{Mon Apr 06 2026 08:51:29} [APP 🚀] info: [32m🚀 Database connected successfully[39m
{Mon Apr 06 2026 08:51:29} [APP 🚀] info: [33m✅ Admin account already exists![39m
{Mon Apr 06 2026 08:51:29} [APP 🚀] info: Unverified account cleanup job scheduled to run every minute.
{Mon Apr 06 2026 08:51:29} [APP 🚀] info: Booking SLA job scheduled to run every 15 minutes (Threshold: 5 hours).
{Mon Apr 06 2026 08:51:29} [APP 🚀] info: Booking Auto-Settle job scheduled to run every hour (Threshold: 48 hours).
{Mon Apr 06 2026 08:51:29} [APP 🚀] info: [32m🍁 Server connected successfully[39m
{Mon Apr 06 2026 08:51:29} [APP 🚀] info: [33m♻️  Application listening on port:5001[39m
{Mon Apr 06 2026 08:52:00} [APP 🚀] info: Deleted 0 unverified accounts.
{Mon Apr 06 2026 08:53:00} [APP 🚀] info: Deleted 0 unverified accounts.
{Mon Apr 06 2026 08:53:05} [APP 🚀] info: [32m🚀 Database connected successfully[39m
{Mon Apr 06 2026 08:53:05} [APP 🚀] info: [33m✅ Admin account already exists![39m
{Mon Apr 06 2026 08:53:05} [APP 🚀] info: Unverified account cleanup job scheduled to run every minute.
{Mon Apr 06 2026 08:53:05} [APP 🚀] info: Booking SLA job scheduled to run every 15 minutes (Threshold: 5 hours).
{Mon Apr 06 2026 08:53:05} [APP 🚀] info: Booking Auto-Settle job scheduled to run every hour (Threshold: 48 hours).
{Mon Apr 06 2026 08:53:05} [APP 🚀] info: [32m🍁 Server connected successfully[39m
{Mon Apr 06 2026 08:53:05} [APP 🚀] info: [33m♻️  Application listening on port:5001[39m
{Mon Apr 06 2026 08:53:19} [APP 🚀] info: [32m🚀 Database connected successfully[39m
{Mon Apr 06 2026 08:53:19} [APP 🚀] info: [33m✅ Admin account already exists![39m
{Mon Apr 06 2026 08:53:19} [APP 🚀] info: Unverified account cleanup job scheduled to run every minute.
{Mon Apr 06 2026 08:53:19} [APP 🚀] info: Booking SLA job scheduled to run every 15 minutes (Threshold: 5 hours).
{Mon Apr 06 2026 08:53:19} [APP 🚀] info: Booking Auto-Settle job scheduled to run every hour (Threshold: 48 hours).
{Mon Apr 06 2026 08:53:19} [APP 🚀] info: [32m🍁 Server connected successfully[39m
{Mon Apr 06 2026 08:53:19} [APP 🚀] info: [33m♻️  Application listening on port:5001[39m
{Mon Apr 06 2026 08:54:00} [APP 🚀] info: Deleted 0 unverified accounts.
