{Sun Mar 29 2026 14:18:46} [APP ЁЯЪА] info: [32mЁЯЪА Database connected successfully[39m
{Sun Mar 29 2026 14:18:46} [APP ЁЯЪА] info: [33mтЬЕ Admin account already exists![39m
{Sun Mar 29 2026 14:18:46} [APP ЁЯЪА] info: Unverified account cleanup job scheduled to run every minute.
{Sun Mar 29 2026 14:18:46} [APP ЁЯЪА] info: Booking SLA job scheduled to run every 15 minutes (Threshold: 5 hours).
{Sun Mar 29 2026 14:18:46} [APP ЁЯЪА] info: Booking Auto-Settle job scheduled to run every hour (Threshold: 48 hours).
{Sun Mar 29 2026 14:18:46} [APP ЁЯЪА] info: [32mЁЯНБ Server connected successfully[39m
{Sun Mar 29 2026 14:18:46} [APP ЁЯЪА] info: [33mтЩ╗я╕П  Application listening on port:5007[39m
{Sun Mar 29 2026 14:18:52} [APP ЁЯЪА] info: ::ffff:10.10.7.50 - POST /api/v1/auth/signup 200 - 342.358 ms
{Sun Mar 29 2026 14:18:57} [APP ЁЯЪА] info: Mail send successfully
{Sun Mar 29 2026 14:19:00} [APP ЁЯЪА] info: Deleted 0 unverified accounts.
{Sun Mar 29 2026 14:19:47} [APP ЁЯЪА] info: ::ffff:10.10.7.50 - POST /api/v1/auth/verify-account 200 - 108.092 ms
{Sun Mar 29 2026 14:20:00} [APP ЁЯЪА] info: Deleted 0 unverified accounts.
{Sun Mar 29 2026 14:21:00} [APP ЁЯЪА] info: Deleted 0 unverified accounts.
{Sun Mar 29 2026 14:21:25} [APP ЁЯЪА] info: ::ffff:10.10.7.50 - POST /api/v1/auth/signup 200 - 289.795 ms
{Sun Mar 29 2026 14:21:29} [APP ЁЯЪА] info: Mail send successfully
{Sun Mar 29 2026 14:21:55} [APP ЁЯЪА] info: ::ffff:10.10.7.50 - POST /api/v1/auth/verify-account 200 - 11.303 ms
{Sun Mar 29 2026 14:22:00} [APP ЁЯЪА] info: Deleted 0 unverified accounts.
{Sun Mar 29 2026 14:23:00} [APP ЁЯЪА] info: Deleted 0 unverified accounts.
{Sun Mar 29 2026 14:24:00} [APP ЁЯЪА] info: Deleted 0 unverified accounts.
{Sun Mar 29 2026 14:25:00} [APP ЁЯЪА] info: Deleted 0 unverified accounts.
{Sun Mar 29 2026 14:26:00} [APP ЁЯЪА] info: Deleted 0 unverified accounts.
{Sun Mar 29 2026 14:27:00} [APP ЁЯЪА] info: Deleted 0 unverified accounts.
{Sun Mar 29 2026 14:28:00} [APP ЁЯЪА] info: Deleted 0 unverified accounts.
{Sun Mar 29 2026 14:29:00} [APP ЁЯЪА] info: Deleted 0 unverified accounts.
{Sun Mar 29 2026 14:30:00} [APP ЁЯЪА] info: Deleted 0 unverified accounts.
{Sun Mar 29 2026 14:31:00} [APP ЁЯЪА] info: Deleted 0 unverified accounts.
{Sun Mar 29 2026 14:32:00} [APP ЁЯЪА] info: Deleted 0 unverified accounts.
{Sun Mar 29 2026 14:33:00} [APP ЁЯЪА] info: Deleted 0 unverified accounts.
{Sun Mar 29 2026 14:34:00} [APP ЁЯЪА] info: Deleted 0 unverified accounts.
{Sun Mar 29 2026 14:35:00} [APP ЁЯЪА] info: Deleted 0 unverified accounts.
{Sun Mar 29 2026 14:36:00} [APP ЁЯЪА] info: Deleted 0 unverified accounts.
{Sun Mar 29 2026 14:37:00} [APP ЁЯЪА] info: Deleted 0 unverified accounts.
{Sun Mar 29 2026 14:38:00} [APP ЁЯЪА] info: Deleted 0 unverified accounts.
{Sun Mar 29 2026 14:39:00} [APP ЁЯЪА] info: Deleted 0 unverified accounts.
{Sun Mar 29 2026 14:40:00} [APP ЁЯЪА] info: Deleted 0 unverified accounts.
{Sun Mar 29 2026 14:40:28} [APP ЁЯЪА] info: [32mЁЯЪА Database connected successfully[39m
{Sun Mar 29 2026 14:40:28} [APP ЁЯЪА] info: [33mтЬЕ Admin account already exists![39m
{Sun Mar 29 2026 14:40:28} [APP ЁЯЪА] info: Unverified account cleanup job scheduled to run every minute.
{Sun Mar 29 2026 14:40:28} [APP ЁЯЪА] info: Booking SLA job scheduled to run every 15 minutes (Threshold: 5 hours).
{Sun Mar 29 2026 14:40:28} [APP ЁЯЪА] info: Booking Auto-Settle job scheduled to run every hour (Threshold: 48 hours).
{Sun Mar 29 2026 14:40:28} [APP ЁЯЪА] info: [32mЁЯНБ Server connected successfully[39m
{Sun Mar 29 2026 14:40:28} [APP ЁЯЪА] info: [33mтЩ╗я╕П  Application listening on port:5007[39m
{Sun Mar 29 2026 14:41:00} [APP ЁЯЪА] info: Deleted 0 unverified accounts.
{Sun Mar 29 2026 14:41:56} [APP ЁЯЪА] info: [32mЁЯЪА Database connected successfully[39m
{Sun Mar 29 2026 14:41:56} [APP ЁЯЪА] info: [33mтЬЕ Admin account already exists![39m
{Sun Mar 29 2026 14:41:56} [APP ЁЯЪА] info: Unverified account cleanup job scheduled to run every minute.
{Sun Mar 29 2026 14:41:56} [APP ЁЯЪА] info: Booking SLA job scheduled to run every 15 minutes (Threshold: 5 hours).
{Sun Mar 29 2026 14:41:56} [APP ЁЯЪА] info: Booking Auto-Settle job scheduled to run every hour (Threshold: 48 hours).
{Sun Mar 29 2026 14:41:56} [APP ЁЯЪА] info: [32mЁЯНБ Server connected successfully[39m
{Sun Mar 29 2026 14:41:56} [APP ЁЯЪА] info: [33mтЩ╗я╕П  Application listening on port:5007[39m
{Sun Mar 29 2026 14:42:00} [APP ЁЯЪА] info: Deleted 0 unverified accounts.
{Sun Mar 29 2026 14:43:00} [APP ЁЯЪА] info: Deleted 0 unverified accounts.
{Sun Mar 29 2026 14:44:00} [APP ЁЯЪА] info: Deleted 0 unverified accounts.
{Sun Mar 29 2026 14:45:00} [APP ЁЯЪА] info: Deleted 0 unverified accounts.
{Sun Mar 29 2026 14:46:00} [APP ЁЯЪА] info: Deleted 0 unverified accounts.
