{Sun Apr 12 2026 09:00:01} [APP 🚀] info: Deleted 0 unverified accounts.
{Sun Apr 12 2026 09:00:20} [APP 🚀] info: ::ffff:10.10.7.94 - POST /api/v1/services/add-service 200 - 771.624 ms
{Sun Apr 12 2026 09:01:00} [APP 🚀] info: Deleted 0 unverified accounts.
{Sun Apr 12 2026 09:01:01} [APP 🚀] info: ::ffff:10.10.7.94 - GET /api/v1/services 200 - 8.921 ms
{Sun Apr 12 2026 09:01:18} [APP 🚀] info: ::ffff:10.10.7.94 - GET /api/v1/services/69db0ac3ad751f840c50ec92 200 - 4.147 ms
{Sun Apr 12 2026 09:01:57} [APP 🚀] info: [32m🚀 Database connected successfully[39m
{Sun Apr 12 2026 09:01:57} [APP 🚀] info: [33m✅ Admin account already exists![39m
{Sun Apr 12 2026 09:01:57} [APP 🚀] info: Unverified account cleanup job scheduled to run every minute.
{Sun Apr 12 2026 09:01:57} [APP 🚀] info: Booking SLA job scheduled to run every 15 minutes (Threshold: 5 hours).
{Sun Apr 12 2026 09:01:57} [APP 🚀] info: Booking Auto-Settle job scheduled to run every hour (Threshold: 48 hours).
{Sun Apr 12 2026 09:01:57} [APP 🚀] info: [32m🍁 Server connected successfully[39m
{Sun Apr 12 2026 09:01:57} [APP 🚀] info: [33m♻️  Application listening on port:5001[39m
{Sun Apr 12 2026 09:02:00} [APP 🚀] info: [32m🚀 Database connected successfully[39m
{Sun Apr 12 2026 09:02:00} [APP 🚀] info: [33m✅ Admin account already exists![39m
{Sun Apr 12 2026 09:02:00} [APP 🚀] info: Unverified account cleanup job scheduled to run every minute.
{Sun Apr 12 2026 09:02:00} [APP 🚀] info: Booking SLA job scheduled to run every 15 minutes (Threshold: 5 hours).
{Sun Apr 12 2026 09:02:00} [APP 🚀] info: Booking Auto-Settle job scheduled to run every hour (Threshold: 48 hours).
{Sun Apr 12 2026 09:02:00} [APP 🚀] info: [32m🍁 Server connected successfully[39m
{Sun Apr 12 2026 09:02:00} [APP 🚀] info: [33m♻️  Application listening on port:5001[39m
{Sun Apr 12 2026 09:02:03} [APP 🚀] info: [32m🚀 Database connected successfully[39m
{Sun Apr 12 2026 09:02:03} [APP 🚀] info: [33m✅ Admin account already exists![39m
{Sun Apr 12 2026 09:02:03} [APP 🚀] info: Unverified account cleanup job scheduled to run every minute.
{Sun Apr 12 2026 09:02:03} [APP 🚀] info: Booking SLA job scheduled to run every 15 minutes (Threshold: 5 hours).
{Sun Apr 12 2026 09:02:03} [APP 🚀] info: Booking Auto-Settle job scheduled to run every hour (Threshold: 48 hours).
{Sun Apr 12 2026 09:02:03} [APP 🚀] info: [32m🍁 Server connected successfully[39m
{Sun Apr 12 2026 09:02:03} [APP 🚀] info: [33m♻️  Application listening on port:5001[39m
{Sun Apr 12 2026 09:02:04} [APP 🚀] info: ::ffff:10.10.7.94 - GET /api/v1/services/69db0ac3ad751f840c50ec92 200 - 15.697 ms
{Sun Apr 12 2026 09:03:00} [APP 🚀] info: Deleted 0 unverified accounts.
{Sun Apr 12 2026 09:04:00} [APP 🚀] info: Deleted 0 unverified accounts.
{Sun Apr 12 2026 09:05:00} [APP 🚀] info: Deleted 0 unverified accounts.
{Sun Apr 12 2026 09:05:50} [APP 🚀] info: [32m🚀 Database connected successfully[39m
{Sun Apr 12 2026 09:05:50} [APP 🚀] info: [33m✅ Admin account already exists![39m
{Sun Apr 12 2026 09:05:50} [APP 🚀] info: Unverified account cleanup job scheduled to run every minute.
{Sun Apr 12 2026 09:05:50} [APP 🚀] info: Booking SLA job scheduled to run every 15 minutes (Threshold: 5 hours).
{Sun Apr 12 2026 09:05:50} [APP 🚀] info: Booking Auto-Settle job scheduled to run every hour (Threshold: 48 hours).
{Sun Apr 12 2026 09:05:50} [APP 🚀] info: [32m🍁 Server connected successfully[39m
{Sun Apr 12 2026 09:05:50} [APP 🚀] info: [33m♻️  Application listening on port:5001[39m
{Sun Apr 12 2026 09:05:51} [APP 🚀] info: [32m🚀 Database connected successfully[39m
{Sun Apr 12 2026 09:05:51} [APP 🚀] info: [33m✅ Admin account already exists![39m
{Sun Apr 12 2026 09:05:51} [APP 🚀] info: Unverified account cleanup job scheduled to run every minute.
{Sun Apr 12 2026 09:05:51} [APP 🚀] info: Booking SLA job scheduled to run every 15 minutes (Threshold: 5 hours).
{Sun Apr 12 2026 09:05:51} [APP 🚀] info: Booking Auto-Settle job scheduled to run every hour (Threshold: 48 hours).
{Sun Apr 12 2026 09:05:51} [APP 🚀] info: [32m🍁 Server connected successfully[39m
{Sun Apr 12 2026 09:05:51} [APP 🚀] info: [33m♻️  Application listening on port:5001[39m
{Sun Apr 12 2026 09:05:56} [APP 🚀] info: [32m🚀 Database connected successfully[39m
{Sun Apr 12 2026 09:05:56} [APP 🚀] info: [33m✅ Admin account already exists![39m
{Sun Apr 12 2026 09:05:56} [APP 🚀] info: Unverified account cleanup job scheduled to run every minute.
{Sun Apr 12 2026 09:05:56} [APP 🚀] info: Booking SLA job scheduled to run every 15 minutes (Threshold: 5 hours).
{Sun Apr 12 2026 09:05:56} [APP 🚀] info: Booking Auto-Settle job scheduled to run every hour (Threshold: 48 hours).
{Sun Apr 12 2026 09:05:56} [APP 🚀] info: [32m🍁 Server connected successfully[39m
{Sun Apr 12 2026 09:05:56} [APP 🚀] info: [33m♻️  Application listening on port:5001[39m
{Sun Apr 12 2026 09:06:00} [APP 🚀] info: Deleted 0 unverified accounts.
{Sun Apr 12 2026 09:06:05} [APP 🚀] info: [32m🚀 Database connected successfully[39m
{Sun Apr 12 2026 09:06:05} [APP 🚀] info: [33m✅ Admin account already exists![39m
{Sun Apr 12 2026 09:06:05} [APP 🚀] info: Unverified account cleanup job scheduled to run every minute.
{Sun Apr 12 2026 09:06:05} [APP 🚀] info: Booking SLA job scheduled to run every 15 minutes (Threshold: 5 hours).
{Sun Apr 12 2026 09:06:05} [APP 🚀] info: Booking Auto-Settle job scheduled to run every hour (Threshold: 48 hours).
{Sun Apr 12 2026 09:06:05} [APP 🚀] info: [32m🍁 Server connected successfully[39m
{Sun Apr 12 2026 09:06:05} [APP 🚀] info: [33m♻️  Application listening on port:5001[39m
{Sun Apr 12 2026 09:06:09} [APP 🚀] info: [32m🚀 Database connected successfully[39m
{Sun Apr 12 2026 09:06:09} [APP 🚀] info: [33m✅ Admin account already exists![39m
{Sun Apr 12 2026 09:06:09} [APP 🚀] info: Unverified account cleanup job scheduled to run every minute.
{Sun Apr 12 2026 09:06:09} [APP 🚀] info: Booking SLA job scheduled to run every 15 minutes (Threshold: 5 hours).
{Sun Apr 12 2026 09:06:09} [APP 🚀] info: Booking Auto-Settle job scheduled to run every hour (Threshold: 48 hours).
{Sun Apr 12 2026 09:06:09} [APP 🚀] info: [32m🍁 Server connected successfully[39m
{Sun Apr 12 2026 09:06:09} [APP 🚀] info: [33m♻️  Application listening on port:5001[39m
{Sun Apr 12 2026 09:06:13} [APP 🚀] info: [32m🚀 Database connected successfully[39m
{Sun Apr 12 2026 09:06:13} [APP 🚀] info: [33m✅ Admin account already exists![39m
{Sun Apr 12 2026 09:06:13} [APP 🚀] info: Unverified account cleanup job scheduled to run every minute.
{Sun Apr 12 2026 09:06:13} [APP 🚀] info: Booking SLA job scheduled to run every 15 minutes (Threshold: 5 hours).
{Sun Apr 12 2026 09:06:13} [APP 🚀] info: Booking Auto-Settle job scheduled to run every hour (Threshold: 48 hours).
{Sun Apr 12 2026 09:06:13} [APP 🚀] info: [32m🍁 Server connected successfully[39m
{Sun Apr 12 2026 09:06:13} [APP 🚀] info: [33m♻️  Application listening on port:5001[39m
{Sun Apr 12 2026 09:06:15} [APP 🚀] info: [32m🚀 Database connected successfully[39m
{Sun Apr 12 2026 09:06:15} [APP 🚀] info: [33m✅ Admin account already exists![39m
{Sun Apr 12 2026 09:06:15} [APP 🚀] info: Unverified account cleanup job scheduled to run every minute.
{Sun Apr 12 2026 09:06:15} [APP 🚀] info: Booking SLA job scheduled to run every 15 minutes (Threshold: 5 hours).
{Sun Apr 12 2026 09:06:15} [APP 🚀] info: Booking Auto-Settle job scheduled to run every hour (Threshold: 48 hours).
{Sun Apr 12 2026 09:06:15} [APP 🚀] info: [32m🍁 Server connected successfully[39m
{Sun Apr 12 2026 09:06:15} [APP 🚀] info: [33m♻️  Application listening on port:5001[39m
{Sun Apr 12 2026 09:06:17} [APP 🚀] info: [32m🚀 Database connected successfully[39m
{Sun Apr 12 2026 09:06:17} [APP 🚀] info: [33m✅ Admin account already exists![39m
{Sun Apr 12 2026 09:06:17} [APP 🚀] info: Unverified account cleanup job scheduled to run every minute.
{Sun Apr 12 2026 09:06:17} [APP 🚀] info: Booking SLA job scheduled to run every 15 minutes (Threshold: 5 hours).
{Sun Apr 12 2026 09:06:17} [APP 🚀] info: Booking Auto-Settle job scheduled to run every hour (Threshold: 48 hours).
{Sun Apr 12 2026 09:06:17} [APP 🚀] info: [32m🍁 Server connected successfully[39m
{Sun Apr 12 2026 09:06:17} [APP 🚀] info: [33m♻️  Application listening on port:5001[39m
{Sun Apr 12 2026 09:07:00} [APP 🚀] info: Deleted 0 unverified accounts.
{Sun Apr 12 2026 09:07:55} [APP 🚀] info: [32m🚀 Database connected successfully[39m
{Sun Apr 12 2026 09:07:55} [APP 🚀] info: [33m✅ Admin account already exists![39m
{Sun Apr 12 2026 09:07:55} [APP 🚀] info: Unverified account cleanup job scheduled to run every minute.
{Sun Apr 12 2026 09:07:55} [APP 🚀] info: Booking SLA job scheduled to run every 15 minutes (Threshold: 5 hours).
{Sun Apr 12 2026 09:07:55} [APP 🚀] info: Booking Auto-Settle job scheduled to run every hour (Threshold: 48 hours).
{Sun Apr 12 2026 09:07:55} [APP 🚀] info: [32m🍁 Server connected successfully[39m
{Sun Apr 12 2026 09:07:55} [APP 🚀] info: [33m♻️  Application listening on port:5001[39m
{Sun Apr 12 2026 09:08:00} [APP 🚀] info: Deleted 0 unverified accounts.
{Sun Apr 12 2026 09:09:00} [APP 🚀] info: Deleted 0 unverified accounts.
{Sun Apr 12 2026 09:10:00} [APP 🚀] info: Deleted 0 unverified accounts.
{Sun Apr 12 2026 09:10:27} [APP 🚀] info: [32m🚀 Database connected successfully[39m
{Sun Apr 12 2026 09:10:27} [APP 🚀] info: [33m✅ Admin account already exists![39m
{Sun Apr 12 2026 09:10:27} [APP 🚀] info: Unverified account cleanup job scheduled to run every minute.
{Sun Apr 12 2026 09:10:27} [APP 🚀] info: Booking SLA job scheduled to run every 15 minutes (Threshold: 5 hours).
{Sun Apr 12 2026 09:10:27} [APP 🚀] info: Booking Auto-Settle job scheduled to run every hour (Threshold: 48 hours).
{Sun Apr 12 2026 09:10:27} [APP 🚀] info: [32m🍁 Server connected successfully[39m
{Sun Apr 12 2026 09:10:27} [APP 🚀] info: [33m♻️  Application listening on port:5001[39m
{Sun Apr 12 2026 09:11:00} [APP 🚀] info: Deleted 0 unverified accounts.
{Sun Apr 12 2026 09:12:00} [APP 🚀] info: Deleted 0 unverified accounts.
{Sun Apr 12 2026 09:13:00} [APP 🚀] info: Deleted 0 unverified accounts.
{Sun Apr 12 2026 09:13:58} [APP 🚀] info: ::ffff:10.10.7.94 - GET /api/v1/notification?limit=50 200 - 71.347 ms
{Sun Apr 12 2026 09:13:59} [APP 🚀] info: ::ffff:10.10.7.94 - GET /api/v1/notification?limit=50 200 - 18.005 ms
{Sun Apr 12 2026 09:13:59} [APP 🚀] info: ::ffff:10.10.7.94 - GET /api/v1/notification?limit=50 200 - 17.876 ms
{Sun Apr 12 2026 09:14:00} [APP 🚀] info: Deleted 0 unverified accounts.
{Sun Apr 12 2026 09:15:00} [APP 🚀] info: Deleted 0 unverified accounts.
{Sun Apr 12 2026 09:16:00} [APP 🚀] info: Deleted 0 unverified accounts.
{Sun Apr 12 2026 09:17:00} [APP 🚀] info: Deleted 0 unverified accounts.
{Sun Apr 12 2026 09:18:00} [APP 🚀] info: Deleted 0 unverified accounts.
{Sun Apr 12 2026 09:19:00} [APP 🚀] info: Deleted 0 unverified accounts.
{Sun Apr 12 2026 09:19:42} [APP 🚀] info: [32m🚀 Database connected successfully[39m
{Sun Apr 12 2026 09:19:42} [APP 🚀] info: [33m✅ Admin account already exists![39m
{Sun Apr 12 2026 09:19:42} [APP 🚀] info: Unverified account cleanup job scheduled to run every minute.
{Sun Apr 12 2026 09:19:42} [APP 🚀] info: Booking SLA job scheduled to run every 15 minutes (Threshold: 5 hours).
{Sun Apr 12 2026 09:19:42} [APP 🚀] info: Booking Auto-Settle job scheduled to run every hour (Threshold: 48 hours).
{Sun Apr 12 2026 09:19:42} [APP 🚀] info: [32m🍁 Server connected successfully[39m
{Sun Apr 12 2026 09:19:42} [APP 🚀] info: [33m♻️  Application listening on port:5001[39m
{Sun Apr 12 2026 09:20:00} [APP 🚀] info: Deleted 0 unverified accounts.
