{Sun Apr 05 2026 08:34:53} [APP рЯЪА] info: [32mрЯЪА Database connected successfully[39m
{Sun Apr 05 2026 08:34:53} [APP рЯЪА] info: [33mвЬЕ Admin account already exists![39m
{Sun Apr 05 2026 08:34:53} [APP рЯЪА] info: Unverified account cleanup job scheduled to run every minute.
{Sun Apr 05 2026 08:34:53} [APP рЯЪА] info: Booking SLA job scheduled to run every 15 minutes (Threshold: 5 hours).
{Sun Apr 05 2026 08:34:53} [APP рЯЪА] info: Booking Auto-Settle job scheduled to run every hour (Threshold: 48 hours).
{Sun Apr 05 2026 08:34:53} [APP рЯЪА] info: [32mрЯНБ Server connected successfully[39m
{Sun Apr 05 2026 08:34:53} [APP рЯЪА] info: [33mвЩїпЄП  Application listening on port:5001[39m
{Sun Apr 05 2026 08:35:00} [APP рЯЪА] info: Deleted 0 unverified accounts.
{Sun Apr 05 2026 08:36:00} [APP рЯЪА] info: Deleted 0 unverified accounts.
{Sun Apr 05 2026 08:37:00} [APP рЯЪА] info: Deleted 0 unverified accounts.
{Sun Apr 05 2026 08:38:00} [APP рЯЪА] info: Deleted 0 unverified accounts.
{Sun Apr 05 2026 08:39:00} [APP рЯЪА] info: Deleted 0 unverified accounts.
{Sun Apr 05 2026 08:39:41} [APP рЯЪА] info: ::ffff:10.10.7.94 - GET /api/v1/bookings 200 - 25.709 ms
{Sun Apr 05 2026 08:40:00} [APP рЯЪА] info: Deleted 0 unverified accounts.
{Sun Apr 05 2026 08:40:20} [APP рЯЪА] info: ::ffff:10.10.7.94 - GET /api/v1/payment/history?page=1&limit=10 200 - 13.702 ms
{Sun Apr 05 2026 08:40:57} [APP рЯЪА] info: ::ffff:10.10.7.94 - GET /api/v1/bookings 200 - 6.800 ms
{Sun Apr 05 2026 08:41:00} [APP рЯЪА] info: Deleted 0 unverified accounts.
{Sun Apr 05 2026 08:42:00} [APP рЯЪА] info: Deleted 0 unverified accounts.
{Sun Apr 05 2026 08:43:00} [APP рЯЪА] info: Deleted 0 unverified accounts.
{Sun Apr 05 2026 08:44:00} [APP рЯЪА] info: Deleted 0 unverified accounts.
{Sun Apr 05 2026 08:45:00} [APP рЯЪА] info: Deleted 0 unverified accounts.
{Sun Apr 05 2026 08:45:00} [APP рЯЪА] info: SLA Job: Expiring booking 69d0b3512fa1f7cad24dfa89 due to no response within 5 hours.
{Sun Apr 05 2026 08:45:00} [APP рЯЪА] error: SLA Job: Failed to refund booking 69d0b3512fa1f7cad24dfa89: Parameter 'amount' is required
{Sun Apr 05 2026 08:45:00} [APP рЯЪА] info: SLA Job: Automatically expired 1 bookings.
{Sun Apr 05 2026 08:46:00} [APP рЯЪА] info: Deleted 0 unverified accounts.
