{Mon Apr 06 2026 11:00:00} [APP 🚀] info: Deleted 0 unverified accounts.
{Mon Apr 06 2026 11:01:00} [APP 🚀] info: Deleted 0 unverified accounts.
{Mon Apr 06 2026 11:01:49} [APP 🚀] info: [32m🚀 Database connected successfully[39m
{Mon Apr 06 2026 11:01:49} [APP 🚀] info: [33m✅ Admin account already exists![39m
{Mon Apr 06 2026 11:01:49} [APP 🚀] info: Unverified account cleanup job scheduled to run every minute.
{Mon Apr 06 2026 11:01:49} [APP 🚀] info: Booking SLA job scheduled to run every 15 minutes (Threshold: 5 hours).
{Mon Apr 06 2026 11:01:49} [APP 🚀] info: Booking Auto-Settle job scheduled to run every hour (Threshold: 48 hours).
{Mon Apr 06 2026 11:01:49} [APP 🚀] info: [32m🍁 Server connected successfully[39m
{Mon Apr 06 2026 11:01:49} [APP 🚀] info: [33m♻️  Application listening on port:5001[39m
{Mon Apr 06 2026 11:02:06} [APP 🚀] info: [32m🚀 Database connected successfully[39m
{Mon Apr 06 2026 11:02:06} [APP 🚀] info: [33m✅ Admin account already exists![39m
{Mon Apr 06 2026 11:02:06} [APP 🚀] info: Unverified account cleanup job scheduled to run every minute.
{Mon Apr 06 2026 11:02:06} [APP 🚀] info: Booking SLA job scheduled to run every 15 minutes (Threshold: 5 hours).
{Mon Apr 06 2026 11:02:06} [APP 🚀] info: Booking Auto-Settle job scheduled to run every hour (Threshold: 48 hours).
{Mon Apr 06 2026 11:02:06} [APP 🚀] info: [32m🍁 Server connected successfully[39m
{Mon Apr 06 2026 11:02:06} [APP 🚀] info: [33m♻️  Application listening on port:5001[39m
{Mon Apr 06 2026 11:03:00} [APP 🚀] info: Deleted 0 unverified accounts.
{Mon Apr 06 2026 11:04:00} [APP 🚀] info: Deleted 0 unverified accounts.
{Mon Apr 06 2026 11:05:00} [APP 🚀] info: Deleted 0 unverified accounts.
{Mon Apr 06 2026 11:06:00} [APP 🚀] info: Deleted 0 unverified accounts.
{Mon Apr 06 2026 11:07:00} [APP 🚀] info: Deleted 0 unverified accounts.
