{Thu Apr 02 2026 20:00:00} [APP 🚀] info: Deleted 0 unverified accounts.
{Thu Apr 02 2026 20:00:12} [APP 🚀] info: [32m🚀 Database connected successfully[39m
{Thu Apr 02 2026 20:00:12} [APP 🚀] info: [33m✅ Admin account already exists![39m
{Thu Apr 02 2026 20:00:12} [APP 🚀] info: Unverified account cleanup job scheduled to run every minute.
{Thu Apr 02 2026 20:00:12} [APP 🚀] info: Booking SLA job scheduled to run every 15 minutes (Threshold: 5 hours).
{Thu Apr 02 2026 20:00:12} [APP 🚀] info: Booking Auto-Settle job scheduled to run every hour (Threshold: 48 hours).
{Thu Apr 02 2026 20:00:12} [APP 🚀] info: [32m🍁 Server connected successfully[39m
{Thu Apr 02 2026 20:00:12} [APP 🚀] info: [33m♻️  Application listening on port:5001[39m
{Thu Apr 02 2026 20:00:30} [APP 🚀] info: [32m🚀 Database connected successfully[39m
{Thu Apr 02 2026 20:00:30} [APP 🚀] info: [33m✅ Admin account already exists![39m
{Thu Apr 02 2026 20:00:30} [APP 🚀] info: Unverified account cleanup job scheduled to run every minute.
{Thu Apr 02 2026 20:00:30} [APP 🚀] info: Booking SLA job scheduled to run every 15 minutes (Threshold: 5 hours).
{Thu Apr 02 2026 20:00:30} [APP 🚀] info: Booking Auto-Settle job scheduled to run every hour (Threshold: 48 hours).
{Thu Apr 02 2026 20:00:30} [APP 🚀] info: [32m🍁 Server connected successfully[39m
{Thu Apr 02 2026 20:00:30} [APP 🚀] info: [33m♻️  Application listening on port:5001[39m
{Thu Apr 02 2026 20:01:00} [APP 🚀] info: Deleted 0 unverified accounts.
{Thu Apr 02 2026 20:02:00} [APP 🚀] info: Deleted 0 unverified accounts.
{Thu Apr 02 2026 20:02:59} [APP 🚀] info: [32m🚀 Database connected successfully[39m
{Thu Apr 02 2026 20:02:59} [APP 🚀] info: [33m✅ Admin account already exists![39m
{Thu Apr 02 2026 20:02:59} [APP 🚀] info: Unverified account cleanup job scheduled to run every minute.
{Thu Apr 02 2026 20:02:59} [APP 🚀] info: Booking SLA job scheduled to run every 15 minutes (Threshold: 5 hours).
{Thu Apr 02 2026 20:02:59} [APP 🚀] info: Booking Auto-Settle job scheduled to run every hour (Threshold: 48 hours).
{Thu Apr 02 2026 20:02:59} [APP 🚀] info: [32m🍁 Server connected successfully[39m
{Thu Apr 02 2026 20:02:59} [APP 🚀] info: [33m♻️  Application listening on port:5001[39m
{Thu Apr 02 2026 20:03:00} [APP 🚀] info: Deleted 0 unverified accounts.
{Thu Apr 02 2026 20:04:01} [APP 🚀] info: [32m🚀 Database connected successfully[39m
{Thu Apr 02 2026 20:04:01} [APP 🚀] info: [33m✅ Admin account already exists![39m
{Thu Apr 02 2026 20:04:01} [APP 🚀] info: Unverified account cleanup job scheduled to run every minute.
{Thu Apr 02 2026 20:04:01} [APP 🚀] info: Booking SLA job scheduled to run every 15 minutes (Threshold: 5 hours).
{Thu Apr 02 2026 20:04:01} [APP 🚀] info: Booking Auto-Settle job scheduled to run every hour (Threshold: 48 hours).
{Thu Apr 02 2026 20:04:01} [APP 🚀] info: [32m🍁 Server connected successfully[39m
{Thu Apr 02 2026 20:04:01} [APP 🚀] info: [33m♻️  Application listening on port:5001[39m
{Thu Apr 02 2026 20:04:12} [APP 🚀] info: [32m🚀 Database connected successfully[39m
{Thu Apr 02 2026 20:04:12} [APP 🚀] info: [33m✅ Admin account already exists![39m
{Thu Apr 02 2026 20:04:12} [APP 🚀] info: Unverified account cleanup job scheduled to run every minute.
{Thu Apr 02 2026 20:04:12} [APP 🚀] info: Booking SLA job scheduled to run every 15 minutes (Threshold: 5 hours).
{Thu Apr 02 2026 20:04:12} [APP 🚀] info: Booking Auto-Settle job scheduled to run every hour (Threshold: 48 hours).
{Thu Apr 02 2026 20:04:12} [APP 🚀] info: [32m🍁 Server connected successfully[39m
{Thu Apr 02 2026 20:04:12} [APP 🚀] info: [33m♻️  Application listening on port:5001[39m
{Thu Apr 02 2026 20:05:00} [APP 🚀] info: Deleted 0 unverified accounts.
{Thu Apr 02 2026 20:05:03} [APP 🚀] info: [32m🚀 Database connected successfully[39m
{Thu Apr 02 2026 20:05:03} [APP 🚀] info: [33m✅ Admin account already exists![39m
{Thu Apr 02 2026 20:05:03} [APP 🚀] info: Unverified account cleanup job scheduled to run every minute.
{Thu Apr 02 2026 20:05:03} [APP 🚀] info: Booking SLA job scheduled to run every 15 minutes (Threshold: 5 hours).
{Thu Apr 02 2026 20:05:03} [APP 🚀] info: Booking Auto-Settle job scheduled to run every hour (Threshold: 48 hours).
{Thu Apr 02 2026 20:05:03} [APP 🚀] info: [32m🍁 Server connected successfully[39m
{Thu Apr 02 2026 20:05:03} [APP 🚀] info: [33m♻️  Application listening on port:5001[39m
{Thu Apr 02 2026 20:05:29} [APP 🚀] info: [32m🚀 Database connected successfully[39m
{Thu Apr 02 2026 20:05:29} [APP 🚀] info: [33m✅ Admin account already exists![39m
{Thu Apr 02 2026 20:05:29} [APP 🚀] info: Unverified account cleanup job scheduled to run every minute.
{Thu Apr 02 2026 20:05:29} [APP 🚀] info: Booking SLA job scheduled to run every 15 minutes (Threshold: 5 hours).
{Thu Apr 02 2026 20:05:29} [APP 🚀] info: Booking Auto-Settle job scheduled to run every hour (Threshold: 48 hours).
{Thu Apr 02 2026 20:05:29} [APP 🚀] info: [32m🍁 Server connected successfully[39m
{Thu Apr 02 2026 20:05:29} [APP 🚀] info: [33m♻️  Application listening on port:5001[39m
{Thu Apr 02 2026 20:06:00} [APP 🚀] info: Deleted 0 unverified accounts.
{Thu Apr 02 2026 20:06:47} [APP 🚀] info: [32m🚀 Database connected successfully[39m
{Thu Apr 02 2026 20:06:47} [APP 🚀] info: [33m✅ Admin account already exists![39m
{Thu Apr 02 2026 20:06:47} [APP 🚀] info: Unverified account cleanup job scheduled to run every minute.
{Thu Apr 02 2026 20:06:47} [APP 🚀] info: Booking SLA job scheduled to run every 15 minutes (Threshold: 5 hours).
{Thu Apr 02 2026 20:06:47} [APP 🚀] info: Booking Auto-Settle job scheduled to run every hour (Threshold: 48 hours).
{Thu Apr 02 2026 20:06:47} [APP 🚀] info: [32m🍁 Server connected successfully[39m
{Thu Apr 02 2026 20:06:47} [APP 🚀] info: [33m♻️  Application listening on port:5001[39m
{Thu Apr 02 2026 20:07:00} [APP 🚀] info: Deleted 0 unverified accounts.
{Thu Apr 02 2026 20:07:53} [APP 🚀] info: [32m🚀 Database connected successfully[39m
{Thu Apr 02 2026 20:07:53} [APP 🚀] info: [33m✅ Admin account already exists![39m
{Thu Apr 02 2026 20:07:53} [APP 🚀] info: Unverified account cleanup job scheduled to run every minute.
{Thu Apr 02 2026 20:07:53} [APP 🚀] info: Booking SLA job scheduled to run every 15 minutes (Threshold: 5 hours).
{Thu Apr 02 2026 20:07:53} [APP 🚀] info: Booking Auto-Settle job scheduled to run every hour (Threshold: 48 hours).
{Thu Apr 02 2026 20:07:53} [APP 🚀] info: [32m🍁 Server connected successfully[39m
{Thu Apr 02 2026 20:07:53} [APP 🚀] info: [33m♻️  Application listening on port:5001[39m
{Thu Apr 02 2026 20:08:00} [APP 🚀] info: Deleted 0 unverified accounts.
{Thu Apr 02 2026 20:08:27} [APP 🚀] info: [32m🚀 Database connected successfully[39m
{Thu Apr 02 2026 20:08:27} [APP 🚀] info: [33m✅ Admin account already exists![39m
{Thu Apr 02 2026 20:08:27} [APP 🚀] info: Unverified account cleanup job scheduled to run every minute.
{Thu Apr 02 2026 20:08:27} [APP 🚀] info: Booking SLA job scheduled to run every 15 minutes (Threshold: 5 hours).
{Thu Apr 02 2026 20:08:27} [APP 🚀] info: Booking Auto-Settle job scheduled to run every hour (Threshold: 48 hours).
{Thu Apr 02 2026 20:08:27} [APP 🚀] info: [32m🍁 Server connected successfully[39m
{Thu Apr 02 2026 20:08:27} [APP 🚀] info: [33m♻️  Application listening on port:5001[39m
{Thu Apr 02 2026 20:09:00} [APP 🚀] info: Deleted 0 unverified accounts.
