{Sun Mar 29 2026 15:00:00} [APP 🚀] info: Deleted 0 unverified accounts.
{Sun Mar 29 2026 15:01:00} [APP 🚀] info: Deleted 0 unverified accounts.
{Sun Mar 29 2026 15:02:00} [APP 🚀] info: Deleted 0 unverified accounts.
{Sun Mar 29 2026 15:03:00} [APP 🚀] info: Deleted 0 unverified accounts.
{Sun Mar 29 2026 15:04:00} [APP 🚀] info: Deleted 0 unverified accounts.
{Sun Mar 29 2026 15:05:00} [APP 🚀] info: Deleted 0 unverified accounts.
{Sun Mar 29 2026 15:06:00} [APP 🚀] info: Deleted 0 unverified accounts.
{Sun Mar 29 2026 15:07:00} [APP 🚀] info: Deleted 0 unverified accounts.
{Sun Mar 29 2026 15:08:00} [APP 🚀] info: Deleted 0 unverified accounts.
{Sun Mar 29 2026 15:08:49} [APP 🚀] info: [32m🚀 Database connected successfully[39m
{Sun Mar 29 2026 15:08:49} [APP 🚀] info: [33m✅ Admin account already exists![39m
{Sun Mar 29 2026 15:08:49} [APP 🚀] info: Unverified account cleanup job scheduled to run every minute.
{Sun Mar 29 2026 15:08:49} [APP 🚀] info: Booking SLA job scheduled to run every 15 minutes (Threshold: 5 hours).
{Sun Mar 29 2026 15:08:49} [APP 🚀] info: Booking Auto-Settle job scheduled to run every hour (Threshold: 48 hours).
{Sun Mar 29 2026 15:08:49} [APP 🚀] info: [32m🍁 Server connected successfully[39m
{Sun Mar 29 2026 15:08:49} [APP 🚀] info: [33m♻️  Application listening on port:5007[39m
{Sun Mar 29 2026 15:09:00} [APP 🚀] info: Deleted 0 unverified accounts.
{Sun Mar 29 2026 15:09:05} [APP 🚀] info: [32m🚀 Database connected successfully[39m
{Sun Mar 29 2026 15:09:05} [APP 🚀] info: [33m✅ Admin account already exists![39m
{Sun Mar 29 2026 15:09:05} [APP 🚀] info: Unverified account cleanup job scheduled to run every minute.
{Sun Mar 29 2026 15:09:05} [APP 🚀] info: Booking SLA job scheduled to run every 15 minutes (Threshold: 5 hours).
{Sun Mar 29 2026 15:09:05} [APP 🚀] info: Booking Auto-Settle job scheduled to run every hour (Threshold: 48 hours).
{Sun Mar 29 2026 15:09:05} [APP 🚀] info: [32m🍁 Server connected successfully[39m
{Sun Mar 29 2026 15:09:05} [APP 🚀] info: [33m♻️  Application listening on port:5007[39m
{Sun Mar 29 2026 15:09:22} [APP 🚀] info: [32m🚀 Database connected successfully[39m
{Sun Mar 29 2026 15:09:22} [APP 🚀] info: [33m✅ Admin account already exists![39m
{Sun Mar 29 2026 15:09:22} [APP 🚀] info: Unverified account cleanup job scheduled to run every minute.
{Sun Mar 29 2026 15:09:22} [APP 🚀] info: Booking SLA job scheduled to run every 15 minutes (Threshold: 5 hours).
{Sun Mar 29 2026 15:09:22} [APP 🚀] info: Booking Auto-Settle job scheduled to run every hour (Threshold: 48 hours).
{Sun Mar 29 2026 15:09:22} [APP 🚀] info: [32m🍁 Server connected successfully[39m
{Sun Mar 29 2026 15:09:22} [APP 🚀] info: [33m♻️  Application listening on port:5007[39m
{Sun Mar 29 2026 15:09:30} [APP 🚀] info: [32m🚀 Database connected successfully[39m
{Sun Mar 29 2026 15:09:30} [APP 🚀] info: [33m✅ Admin account already exists![39m
{Sun Mar 29 2026 15:09:30} [APP 🚀] info: Unverified account cleanup job scheduled to run every minute.
{Sun Mar 29 2026 15:09:30} [APP 🚀] info: Booking SLA job scheduled to run every 15 minutes (Threshold: 5 hours).
{Sun Mar 29 2026 15:09:30} [APP 🚀] info: Booking Auto-Settle job scheduled to run every hour (Threshold: 48 hours).
{Sun Mar 29 2026 15:09:30} [APP 🚀] info: [32m🍁 Server connected successfully[39m
{Sun Mar 29 2026 15:09:30} [APP 🚀] info: [33m♻️  Application listening on port:5007[39m
{Sun Mar 29 2026 15:09:39} [APP 🚀] info: [32m🚀 Database connected successfully[39m
{Sun Mar 29 2026 15:09:39} [APP 🚀] info: [33m✅ Admin account already exists![39m
{Sun Mar 29 2026 15:09:39} [APP 🚀] info: Unverified account cleanup job scheduled to run every minute.
{Sun Mar 29 2026 15:09:39} [APP 🚀] info: Booking SLA job scheduled to run every 15 minutes (Threshold: 5 hours).
{Sun Mar 29 2026 15:09:39} [APP 🚀] info: Booking Auto-Settle job scheduled to run every hour (Threshold: 48 hours).
{Sun Mar 29 2026 15:09:39} [APP 🚀] info: [32m🍁 Server connected successfully[39m
{Sun Mar 29 2026 15:09:39} [APP 🚀] info: [33m♻️  Application listening on port:5007[39m
{Sun Mar 29 2026 15:09:49} [APP 🚀] info: [32m🚀 Database connected successfully[39m
{Sun Mar 29 2026 15:09:49} [APP 🚀] info: [33m✅ Admin account already exists![39m
{Sun Mar 29 2026 15:09:49} [APP 🚀] info: Unverified account cleanup job scheduled to run every minute.
{Sun Mar 29 2026 15:09:49} [APP 🚀] info: Booking SLA job scheduled to run every 15 minutes (Threshold: 5 hours).
{Sun Mar 29 2026 15:09:49} [APP 🚀] info: Booking Auto-Settle job scheduled to run every hour (Threshold: 48 hours).
{Sun Mar 29 2026 15:09:49} [APP 🚀] info: [32m🍁 Server connected successfully[39m
{Sun Mar 29 2026 15:09:49} [APP 🚀] info: [33m♻️  Application listening on port:5007[39m
{Sun Mar 29 2026 15:10:00} [APP 🚀] info: Deleted 0 unverified accounts.
{Sun Mar 29 2026 15:10:07} [APP 🚀] info: [32m🚀 Database connected successfully[39m
{Sun Mar 29 2026 15:10:07} [APP 🚀] info: [33m✅ Admin account already exists![39m
{Sun Mar 29 2026 15:10:07} [APP 🚀] info: Unverified account cleanup job scheduled to run every minute.
{Sun Mar 29 2026 15:10:07} [APP 🚀] info: Booking SLA job scheduled to run every 15 minutes (Threshold: 5 hours).
{Sun Mar 29 2026 15:10:07} [APP 🚀] info: Booking Auto-Settle job scheduled to run every hour (Threshold: 48 hours).
{Sun Mar 29 2026 15:10:07} [APP 🚀] info: [32m🍁 Server connected successfully[39m
{Sun Mar 29 2026 15:10:07} [APP 🚀] info: [33m♻️  Application listening on port:5007[39m
{Sun Mar 29 2026 15:10:14} [APP 🚀] info: [32m🚀 Database connected successfully[39m
{Sun Mar 29 2026 15:10:14} [APP 🚀] info: [33m✅ Admin account already exists![39m
{Sun Mar 29 2026 15:10:14} [APP 🚀] info: Unverified account cleanup job scheduled to run every minute.
{Sun Mar 29 2026 15:10:14} [APP 🚀] info: Booking SLA job scheduled to run every 15 minutes (Threshold: 5 hours).
{Sun Mar 29 2026 15:10:14} [APP 🚀] info: Booking Auto-Settle job scheduled to run every hour (Threshold: 48 hours).
{Sun Mar 29 2026 15:10:14} [APP 🚀] info: [32m🍁 Server connected successfully[39m
{Sun Mar 29 2026 15:10:14} [APP 🚀] info: [33m♻️  Application listening on port:5007[39m
{Sun Mar 29 2026 15:11:00} [APP 🚀] info: Deleted 0 unverified accounts.
{Sun Mar 29 2026 15:12:00} [APP 🚀] info: Deleted 0 unverified accounts.
{Sun Mar 29 2026 15:13:00} [APP 🚀] info: Deleted 0 unverified accounts.
{Sun Mar 29 2026 15:14:00} [APP 🚀] info: Deleted 0 unverified accounts.
{Sun Mar 29 2026 15:15:00} [APP 🚀] info: Deleted 0 unverified accounts.
{Sun Mar 29 2026 15:16:00} [APP 🚀] info: Deleted 0 unverified accounts.
{Sun Mar 29 2026 15:17:00} [APP 🚀] info: Deleted 0 unverified accounts.
{Sun Mar 29 2026 15:18:00} [APP 🚀] info: Deleted 0 unverified accounts.
{Sun Mar 29 2026 15:19:00} [APP 🚀] info: Deleted 0 unverified accounts.
{Sun Mar 29 2026 15:20:00} [APP 🚀] info: Deleted 0 unverified accounts.
{Sun Mar 29 2026 15:21:00} [APP 🚀] info: Deleted 0 unverified accounts.
{Sun Mar 29 2026 15:22:00} [APP 🚀] info: Deleted 0 unverified accounts.
{Sun Mar 29 2026 15:23:00} [APP 🚀] info: Deleted 0 unverified accounts.
{Sun Mar 29 2026 15:24:00} [APP 🚀] info: Deleted 0 unverified accounts.
{Sun Mar 29 2026 15:25:00} [APP 🚀] info: Deleted 0 unverified accounts.
{Sun Mar 29 2026 15:26:00} [APP 🚀] info: Deleted 0 unverified accounts.
{Sun Mar 29 2026 15:27:00} [APP 🚀] info: Deleted 0 unverified accounts.
{Sun Mar 29 2026 15:28:00} [APP 🚀] info: Deleted 0 unverified accounts.
{Sun Mar 29 2026 15:29:00} [APP 🚀] info: Deleted 0 unverified accounts.
{Sun Mar 29 2026 15:30:00} [APP 🚀] info: Deleted 0 unverified accounts.
{Sun Mar 29 2026 15:31:00} [APP 🚀] info: Deleted 0 unverified accounts.
{Sun Mar 29 2026 15:32:00} [APP 🚀] info: Deleted 0 unverified accounts.
{Sun Mar 29 2026 15:33:00} [APP 🚀] info: Deleted 0 unverified accounts.
{Sun Mar 29 2026 15:34:00} [APP 🚀] info: Deleted 0 unverified accounts.
{Sun Mar 29 2026 15:35:00} [APP 🚀] info: Deleted 0 unverified accounts.
{Sun Mar 29 2026 15:36:00} [APP 🚀] info: Deleted 0 unverified accounts.
{Sun Mar 29 2026 15:37:00} [APP 🚀] info: Deleted 0 unverified accounts.
{Sun Mar 29 2026 15:38:00} [APP 🚀] info: Deleted 0 unverified accounts.
{Sun Mar 29 2026 15:39:00} [APP 🚀] info: Deleted 0 unverified accounts.
{Sun Mar 29 2026 15:39:47} [APP 🚀] info: [32m🚀 Database connected successfully[39m
{Sun Mar 29 2026 15:39:47} [APP 🚀] info: [33m✅ Admin account already exists![39m
{Sun Mar 29 2026 15:39:47} [APP 🚀] info: Unverified account cleanup job scheduled to run every minute.
{Sun Mar 29 2026 15:39:47} [APP 🚀] info: Booking SLA job scheduled to run every 15 minutes (Threshold: 5 hours).
{Sun Mar 29 2026 15:39:47} [APP 🚀] info: Booking Auto-Settle job scheduled to run every hour (Threshold: 48 hours).
{Sun Mar 29 2026 15:39:47} [APP 🚀] info: [32m🍁 Server connected successfully[39m
{Sun Mar 29 2026 15:39:47} [APP 🚀] info: [33m♻️  Application listening on port:5007[39m
{Sun Mar 29 2026 15:40:00} [APP 🚀] info: Deleted 0 unverified accounts.
{Sun Mar 29 2026 15:41:00} [APP 🚀] info: Deleted 0 unverified accounts.
{Sun Mar 29 2026 15:42:00} [APP 🚀] info: Deleted 0 unverified accounts.
{Sun Mar 29 2026 15:43:00} [APP 🚀] info: Deleted 0 unverified accounts.
{Sun Mar 29 2026 15:44:00} [APP 🚀] info: Deleted 0 unverified accounts.
{Sun Mar 29 2026 15:45:00} [APP 🚀] info: Deleted 0 unverified accounts.
{Sun Mar 29 2026 15:46:00} [APP 🚀] info: Deleted 0 unverified accounts.
{Sun Mar 29 2026 15:47:00} [APP 🚀] info: Deleted 0 unverified accounts.
{Sun Mar 29 2026 15:48:00} [APP 🚀] info: Deleted 0 unverified accounts.
{Sun Mar 29 2026 15:49:00} [APP 🚀] info: Deleted 0 unverified accounts.
{Sun Mar 29 2026 15:50:00} [APP 🚀] info: Deleted 0 unverified accounts.
{Sun Mar 29 2026 15:51:00} [APP 🚀] info: Deleted 0 unverified accounts.
{Sun Mar 29 2026 15:52:00} [APP 🚀] info: Deleted 0 unverified accounts.
